/home/salman/Ros2_Workspace/install/CRX-10iA_L_description/lib/python3.10/site-packages/CRX-10iA_L_description/__init__.py
/home/salman/Ros2_Workspace/install/CRX-10iA_L_description/lib/python3.10/site-packages/CRX-10iA_L_description/__pycache__/__init__.cpython-310.pyc
/home/salman/Ros2_Workspace/install/CRX-10iA_L_description/share/ament_index/resource_index/packages/CRX-10iA_L_description
/home/salman/Ros2_Workspace/install/CRX-10iA_L_description/share/CRX-10iA_L_description/package.xml
/home/salman/Ros2_Workspace/install/CRX-10iA_L_description/share/CRX-10iA_L_description/launch/gazebo.launch.py
/home/salman/Ros2_Workspace/install/CRX-10iA_L_description/share/CRX-10iA_L_description/launch/display.launch.py
/home/salman/Ros2_Workspace/install/CRX-10iA_L_description/share/CRX-10iA_L_description/urdf/CRX-10iA_L.trans
/home/salman/Ros2_Workspace/install/CRX-10iA_L_description/share/CRX-10iA_L_description/urdf/materials.xacro
/home/salman/Ros2_Workspace/install/CRX-10iA_L_description/share/CRX-10iA_L_description/urdf/CRX-10iA_L.gazebo
/home/salman/Ros2_Workspace/install/CRX-10iA_L_description/share/CRX-10iA_L_description/urdf/CRX-10iA_L.xacro
/home/salman/Ros2_Workspace/install/CRX-10iA_L_description/share/CRX-10iA_L_description/meshes/CRX-10iAL_MotionEnvelope_J5AxisRotation_1.stl
/home/salman/Ros2_Workspace/install/CRX-10iA_L_description/share/CRX-10iA_L_description/meshes/CRX-10iAL_MotionEnvelope_EndofFlange_1.stl
/home/salman/Ros2_Workspace/install/CRX-10iA_L_description/share/CRX-10iA_L_description/meshes/CRX-10iAL_Axis3_1.stl
/home/salman/Ros2_Workspace/install/CRX-10iA_L_description/share/CRX-10iA_L_description/meshes/CRX-10iAL_Axis4_1.stl
/home/salman/Ros2_Workspace/install/CRX-10iA_L_description/share/CRX-10iA_L_description/meshes/CRX-10iAL_Axis6_WithConnectors_1.stl
/home/salman/Ros2_Workspace/install/CRX-10iA_L_description/share/CRX-10iA_L_description/meshes/CORDGRIP.stl
/home/salman/Ros2_Workspace/install/CRX-10iA_L_description/share/CRX-10iA_L_description/meshes/J1PLATE.stl
/home/salman/Ros2_Workspace/install/CRX-10iA_L_description/share/CRX-10iA_L_description/meshes/CRX-10iAL_Axis5_1.stl
/home/salman/Ros2_Workspace/install/CRX-10iA_L_description/share/CRX-10iA_L_description/meshes/CAM.stl
/home/salman/Ros2_Workspace/install/CRX-10iA_L_description/share/CRX-10iA_L_description/meshes/base_link.stl
/home/salman/Ros2_Workspace/install/CRX-10iA_L_description/share/CRX-10iA_L_description/meshes/CRX-10iAL_MaxReachReference_1.stl
/home/salman/Ros2_Workspace/install/CRX-10iA_L_description/share/CRX-10iA_L_description/meshes/CRX-10iAL_Axis2_1.stl
/home/salman/Ros2_Workspace/install/CRX-10iA_L_description/share/CRX-10iA_L_description/meshes/CONNECTOR_UNIT.stl
/home/salman/Ros2_Workspace/install/CRX-10iA_L_description/share/CRX-10iA_L_description/meshes/CRX-10iAL_Axis1_1.stl
/home/salman/Ros2_Workspace/install/CRX-10iA_L_description/share/CRX-10iA_L_description/config/display.rviz
/home/salman/Ros2_Workspace/install/CRX-10iA_L_description/share/CRX-10iA_L_description/config/joint_controller.yaml
/home/salman/Ros2_Workspace/install/CRX-10iA_L_description/lib/python3.10/site-packages/CRX_10iA_L_description-0.0.0-py3.10.egg-info/zip-safe
/home/salman/Ros2_Workspace/install/CRX-10iA_L_description/lib/python3.10/site-packages/CRX_10iA_L_description-0.0.0-py3.10.egg-info/top_level.txt
/home/salman/Ros2_Workspace/install/CRX-10iA_L_description/lib/python3.10/site-packages/CRX_10iA_L_description-0.0.0-py3.10.egg-info/dependency_links.txt
/home/salman/Ros2_Workspace/install/CRX-10iA_L_description/lib/python3.10/site-packages/CRX_10iA_L_description-0.0.0-py3.10.egg-info/requires.txt
/home/salman/Ros2_Workspace/install/CRX-10iA_L_description/lib/python3.10/site-packages/CRX_10iA_L_description-0.0.0-py3.10.egg-info/entry_points.txt
/home/salman/Ros2_Workspace/install/CRX-10iA_L_description/lib/python3.10/site-packages/CRX_10iA_L_description-0.0.0-py3.10.egg-info/SOURCES.txt
/home/salman/Ros2_Workspace/install/CRX-10iA_L_description/lib/python3.10/site-packages/CRX_10iA_L_description-0.0.0-py3.10.egg-info/PKG-INFO
