[0.639s] Invoking command in '/home/salman/Ros2_Workspace/build/robot_control': CMAKE_PREFIX_PATH=${CMAKE_PREFIX_PATH}:/home/salman/Ros2_Workspace/install/CRX-10iA_L_description:/opt/ros/humble /usr/bin/cmake --build /home/salman/Ros2_Workspace/build/robot_control -- -j4 -l4
[0.848s] [100%] Built target motion_control
[0.869s] Invoked command in '/home/salman/Ros2_Workspace/build/robot_control' returned '0': CMAKE_PREFIX_PATH=${CMAKE_PREFIX_PATH}:/home/salman/Ros2_Workspace/install/CRX-10iA_L_description:/opt/ros/humble /usr/bin/cmake --build /home/salman/Ros2_Workspace/build/robot_control -- -j4 -l4
[0.958s] Invoking command in '/home/salman/Ros2_Workspace/build/robot_control': CMAKE_PREFIX_PATH=${CMAKE_PREFIX_PATH}:/home/salman/Ros2_Workspace/install/CRX-10iA_L_description:/opt/ros/humble /usr/bin/cmake --install /home/salman/Ros2_Workspace/build/robot_control
[0.973s] -- Install configuration: ""
[0.975s] -- Up-to-date: /home/salman/Ros2_Workspace/install/robot_control/lib/robot_control/motion_control
[0.976s] -- Up-to-date: /home/salman/Ros2_Workspace/install/robot_control/share/ament_index/resource_index/package_run_dependencies/robot_control
[0.976s] -- Up-to-date: /home/salman/Ros2_Workspace/install/robot_control/share/ament_index/resource_index/parent_prefix_path/robot_control
[0.976s] -- Up-to-date: /home/salman/Ros2_Workspace/install/robot_control/share/robot_control/environment/ament_prefix_path.sh
[0.977s] -- Up-to-date: /home/salman/Ros2_Workspace/install/robot_control/share/robot_control/environment/ament_prefix_path.dsv
[0.977s] -- Up-to-date: /home/salman/Ros2_Workspace/install/robot_control/share/robot_control/environment/path.sh
[0.977s] -- Up-to-date: /home/salman/Ros2_Workspace/install/robot_control/share/robot_control/environment/path.dsv
[0.977s] -- Up-to-date: /home/salman/Ros2_Workspace/install/robot_control/share/robot_control/local_setup.bash
[0.977s] -- Up-to-date: /home/salman/Ros2_Workspace/install/robot_control/share/robot_control/local_setup.sh
[0.981s] -- Up-to-date: /home/salman/Ros2_Workspace/install/robot_control/share/robot_control/local_setup.zsh
[0.981s] -- Up-to-date: /home/salman/Ros2_Workspace/install/robot_control/share/robot_control/local_setup.dsv
[0.981s] -- Installing: /home/salman/Ros2_Workspace/install/robot_control/share/robot_control/package.dsv
[0.981s] -- Up-to-date: /home/salman/Ros2_Workspace/install/robot_control/share/ament_index/resource_index/packages/robot_control
[0.981s] -- Up-to-date: /home/salman/Ros2_Workspace/install/robot_control/share/robot_control/cmake/robot_controlConfig.cmake
[0.981s] -- Up-to-date: /home/salman/Ros2_Workspace/install/robot_control/share/robot_control/cmake/robot_controlConfig-version.cmake
[0.981s] -- Up-to-date: /home/salman/Ros2_Workspace/install/robot_control/share/robot_control/package.xml
[0.985s] Invoked command in '/home/salman/Ros2_Workspace/build/robot_control' returned '0': CMAKE_PREFIX_PATH=${CMAKE_PREFIX_PATH}:/home/salman/Ros2_Workspace/install/CRX-10iA_L_description:/opt/ros/humble /usr/bin/cmake --install /home/salman/Ros2_Workspace/build/robot_control
