[35m[1mConsolidate compiler generated dependencies of target motion_control[0m
[ 50%] [32mBuilding CXX object CMakeFiles/motion_control.dir/src/motion_control.cpp.o[0m
[100%] [32m[1mLinking CXX executable motion_control[0m
[100%] Built target motion_control
-- Install configuration: ""
-- Installing: /home/salman/Ros2_Workspace/install/robot_control/lib/robot_control/motion_control
-- Set runtime path of "/home/salman/Ros2_Workspace/install/robot_control/lib/robot_control/motion_control" to ""
-- Up-to-date: /home/salman/Ros2_Workspace/install/robot_control/share/ament_index/resource_index/package_run_dependencies/robot_control
-- Installing: /home/salman/Ros2_Workspace/install/robot_control/share/ament_index/resource_index/parent_prefix_path/robot_control
-- Up-to-date: /home/salman/Ros2_Workspace/install/robot_control/share/robot_control/environment/ament_prefix_path.sh
-- Installing: /home/salman/Ros2_Workspace/install/robot_control/share/robot_control/environment/ament_prefix_path.dsv
-- Up-to-date: /home/salman/Ros2_Workspace/install/robot_control/share/robot_control/environment/path.sh
-- Installing: /home/salman/Ros2_Workspace/install/robot_control/share/robot_control/environment/path.dsv
-- Up-to-date: /home/salman/Ros2_Workspace/install/robot_control/share/robot_control/local_setup.bash
-- Up-to-date: /home/salman/Ros2_Workspace/install/robot_control/share/robot_control/local_setup.sh
-- Up-to-date: /home/salman/Ros2_Workspace/install/robot_control/share/robot_control/local_setup.zsh
-- Installing: /home/salman/Ros2_Workspace/install/robot_control/share/robot_control/local_setup.dsv
-- Installing: /home/salman/Ros2_Workspace/install/robot_control/share/robot_control/package.dsv
-- Up-to-date: /home/salman/Ros2_Workspace/install/robot_control/share/ament_index/resource_index/packages/robot_control
-- Up-to-date: /home/salman/Ros2_Workspace/install/robot_control/share/robot_control/cmake/robot_controlConfig.cmake
-- Up-to-date: /home/salman/Ros2_Workspace/install/robot_control/share/robot_control/cmake/robot_controlConfig-version.cmake
-- Up-to-date: /home/salman/Ros2_Workspace/install/robot_control/share/robot_control/package.xml
