[0.051s] Invoking command in '/home/salman/Ros2_Workspace/build/mycobot_gazebo': CMAKE_PREFIX_PATH=${CMAKE_PREFIX_PATH}:/home/salman/Ros2_Workspace/install/CRX-10iA_L_description:/opt/ros/humble /usr/bin/cmake --build /home/salman/Ros2_Workspace/build/mycobot_gazebo -- -j4 -l4
[0.122s] Invoked command in '/home/salman/Ros2_Workspace/build/mycobot_gazebo' returned '0': CMAKE_PREFIX_PATH=${CMAKE_PREFIX_PATH}:/home/salman/Ros2_Workspace/install/CRX-10iA_L_description:/opt/ros/humble /usr/bin/cmake --build /home/salman/Ros2_Workspace/build/mycobot_gazebo -- -j4 -l4
[0.189s] Invoking command in '/home/salman/Ros2_Workspace/build/mycobot_gazebo': CMAKE_PREFIX_PATH=${CMAKE_PREFIX_PATH}:/home/salman/Ros2_Workspace/install/CRX-10iA_L_description:/opt/ros/humble /usr/bin/cmake --install /home/salman/Ros2_Workspace/build/mycobot_gazebo
[0.198s] -- Install configuration: ""
[0.198s] -- Up-to-date: /home/salman/Ros2_Workspace/install/mycobot_gazebo/share/ament_index/resource_index/package_run_dependencies/mycobot_gazebo
[0.199s] -- Up-to-date: /home/salman/Ros2_Workspace/install/mycobot_gazebo/share/ament_index/resource_index/parent_prefix_path/mycobot_gazebo
[0.199s] -- Up-to-date: /home/salman/Ros2_Workspace/install/mycobot_gazebo/share/mycobot_gazebo/environment/ament_prefix_path.sh
[0.199s] -- Up-to-date: /home/salman/Ros2_Workspace/install/mycobot_gazebo/share/mycobot_gazebo/environment/ament_prefix_path.dsv
[0.199s] -- Up-to-date: /home/salman/Ros2_Workspace/install/mycobot_gazebo/share/mycobot_gazebo/environment/path.sh
[0.199s] -- Up-to-date: /home/salman/Ros2_Workspace/install/mycobot_gazebo/share/mycobot_gazebo/environment/path.dsv
[0.199s] -- Up-to-date: /home/salman/Ros2_Workspace/install/mycobot_gazebo/share/mycobot_gazebo/local_setup.bash
[0.199s] -- Up-to-date: /home/salman/Ros2_Workspace/install/mycobot_gazebo/share/mycobot_gazebo/local_setup.sh
[0.200s] -- Up-to-date: /home/salman/Ros2_Workspace/install/mycobot_gazebo/share/mycobot_gazebo/local_setup.zsh
[0.200s] -- Up-to-date: /home/salman/Ros2_Workspace/install/mycobot_gazebo/share/mycobot_gazebo/local_setup.dsv
[0.200s] -- Up-to-date: /home/salman/Ros2_Workspace/install/mycobot_gazebo/share/mycobot_gazebo/package.dsv
[0.200s] -- Up-to-date: /home/salman/Ros2_Workspace/install/mycobot_gazebo/share/ament_index/resource_index/packages/mycobot_gazebo
[0.200s] -- Up-to-date: /home/salman/Ros2_Workspace/install/mycobot_gazebo/share/mycobot_gazebo/cmake/mycobot_gazeboConfig.cmake
[0.200s] -- Up-to-date: /home/salman/Ros2_Workspace/install/mycobot_gazebo/share/mycobot_gazebo/cmake/mycobot_gazeboConfig-version.cmake
[0.200s] -- Up-to-date: /home/salman/Ros2_Workspace/install/mycobot_gazebo/share/mycobot_gazebo/package.xml
[0.203s] Invoked command in '/home/salman/Ros2_Workspace/build/mycobot_gazebo' returned '0': CMAKE_PREFIX_PATH=${CMAKE_PREFIX_PATH}:/home/salman/Ros2_Workspace/install/CRX-10iA_L_description:/opt/ros/humble /usr/bin/cmake --install /home/salman/Ros2_Workspace/build/mycobot_gazebo
