[2.349s] Invoking command in '/home/salman/Ros2_Workspace/src/CRX-10iA_L_description': PYTHONPATH=/home/salman/Ros2_Workspace/build/CRX-10iA_L_description/prefix_override:/usr/lib/python3/dist-packages/colcon_core/task/python/colcon_distutils_commands:/home/salman/Ros2_Workspace/install/CRX-10iA_L_description/lib/python3.10/site-packages:${PYTHONPATH} /usr/bin/python3 -W ignore:setup.py install is deprecated setup.py egg_info --egg-base ../../build/CRX-10iA_L_description build --build-base /home/salman/Ros2_Workspace/build/CRX-10iA_L_description/build install --record /home/salman/Ros2_Workspace/build/CRX-10iA_L_description/install.log --install-scripts $base/lib/CRX-10iA_L_description --single-version-externally-managed install_data
[3.248s] /usr/lib/python3/dist-packages/setuptools/dist.py:723: UserWarning: Usage of dash-separated 'script-dir' will not be supported in future versions. Please use the underscore name 'script_dir' instead
[3.248s]   warnings.warn(
[3.277s] running egg_info
[3.280s] writing ../../build/CRX-10iA_L_description/CRX_10iA_L_description.egg-info/PKG-INFO
[3.281s] writing dependency_links to ../../build/CRX-10iA_L_description/CRX_10iA_L_description.egg-info/dependency_links.txt
[3.282s] writing entry points to ../../build/CRX-10iA_L_description/CRX_10iA_L_description.egg-info/entry_points.txt
[3.283s] writing requirements to ../../build/CRX-10iA_L_description/CRX_10iA_L_description.egg-info/requires.txt
[3.284s] writing top-level names to ../../build/CRX-10iA_L_description/CRX_10iA_L_description.egg-info/top_level.txt
[3.290s] reading manifest file '../../build/CRX-10iA_L_description/CRX_10iA_L_description.egg-info/SOURCES.txt'
[3.294s] writing manifest file '../../build/CRX-10iA_L_description/CRX_10iA_L_description.egg-info/SOURCES.txt'
[3.295s] running build
[3.295s] running build_py
[3.295s] running install
[3.296s] running install_lib
[3.300s] running install_data
[3.303s] running install_egg_info
[3.311s] removing '/home/salman/Ros2_Workspace/install/CRX-10iA_L_description/lib/python3.10/site-packages/CRX_10iA_L_description-0.0.0-py3.10.egg-info' (and everything under it)
[3.312s] Copying ../../build/CRX-10iA_L_description/CRX_10iA_L_description.egg-info to /home/salman/Ros2_Workspace/install/CRX-10iA_L_description/lib/python3.10/site-packages/CRX_10iA_L_description-0.0.0-py3.10.egg-info
[3.314s] running install_scripts
[3.392s] writing list of installed files to '/home/salman/Ros2_Workspace/build/CRX-10iA_L_description/install.log'
[3.490s] Invoked command in '/home/salman/Ros2_Workspace/src/CRX-10iA_L_description' returned '0': PYTHONPATH=/home/salman/Ros2_Workspace/build/CRX-10iA_L_description/prefix_override:/usr/lib/python3/dist-packages/colcon_core/task/python/colcon_distutils_commands:/home/salman/Ros2_Workspace/install/CRX-10iA_L_description/lib/python3.10/site-packages:${PYTHONPATH} /usr/bin/python3 -W ignore:setup.py install is deprecated setup.py egg_info --egg-base ../../build/CRX-10iA_L_description build --build-base /home/salman/Ros2_Workspace/build/CRX-10iA_L_description/build install --record /home/salman/Ros2_Workspace/build/CRX-10iA_L_description/install.log --install-scripts $base/lib/CRX-10iA_L_description --single-version-externally-managed install_data
