running egg_info
creating ../../../build/CRX-10iA_L_description/CRX_10iA_L_description.egg-info
writing ../../../build/CRX-10iA_L_description/CRX_10iA_L_description.egg-info/PKG-INFO
writing dependency_links to ../../../build/CRX-10iA_L_description/CRX_10iA_L_description.egg-info/dependency_links.txt
writing entry points to ../../../build/CRX-10iA_L_description/CRX_10iA_L_description.egg-info/entry_points.txt
writing requirements to ../../../build/CRX-10iA_L_description/CRX_10iA_L_description.egg-info/requires.txt
writing top-level names to ../../../build/CRX-10iA_L_description/CRX_10iA_L_description.egg-info/top_level.txt
writing manifest file '../../../build/CRX-10iA_L_description/CRX_10iA_L_description.egg-info/SOURCES.txt'
reading manifest file '../../../build/CRX-10iA_L_description/CRX_10iA_L_description.egg-info/SOURCES.txt'
writing manifest file '../../../build/CRX-10iA_L_description/CRX_10iA_L_description.egg-info/SOURCES.txt'
running build
running build_py
creating /home/salman/Ros2_Workspace/build/CRX-10iA_L_description/build
creating /home/salman/Ros2_Workspace/build/CRX-10iA_L_description/build/lib
creating /home/salman/Ros2_Workspace/build/CRX-10iA_L_description/build/lib/CRX-10iA_L_description
copying CRX-10iA_L_description/__init__.py -> /home/salman/Ros2_Workspace/build/CRX-10iA_L_description/build/lib/CRX-10iA_L_description
running install
running install_lib
creating /home/salman/Ros2_Workspace/install/CRX-10iA_L_description/lib/python3.10/site-packages/CRX-10iA_L_description
copying /home/salman/Ros2_Workspace/build/CRX-10iA_L_description/build/lib/CRX-10iA_L_description/__init__.py -> /home/salman/Ros2_Workspace/install/CRX-10iA_L_description/lib/python3.10/site-packages/CRX-10iA_L_description
byte-compiling /home/salman/Ros2_Workspace/install/CRX-10iA_L_description/lib/python3.10/site-packages/CRX-10iA_L_description/__init__.py to __init__.cpython-310.pyc
running install_data
creating /home/salman/Ros2_Workspace/install/CRX-10iA_L_description/share/ament_index
creating /home/salman/Ros2_Workspace/install/CRX-10iA_L_description/share/ament_index/resource_index
creating /home/salman/Ros2_Workspace/install/CRX-10iA_L_description/share/ament_index/resource_index/packages
copying resource/CRX-10iA_L_description -> /home/salman/Ros2_Workspace/install/CRX-10iA_L_description/share/ament_index/resource_index/packages
copying package.xml -> /home/salman/Ros2_Workspace/install/CRX-10iA_L_description/share/CRX-10iA_L_description
creating /home/salman/Ros2_Workspace/install/CRX-10iA_L_description/share/CRX-10iA_L_description/launch
copying launch/gazebo.launch.py -> /home/salman/Ros2_Workspace/install/CRX-10iA_L_description/share/CRX-10iA_L_description/launch
copying launch/display.launch.py -> /home/salman/Ros2_Workspace/install/CRX-10iA_L_description/share/CRX-10iA_L_description/launch
creating /home/salman/Ros2_Workspace/install/CRX-10iA_L_description/share/CRX-10iA_L_description/urdf
copying urdf/CRX-10iA_L.trans -> /home/salman/Ros2_Workspace/install/CRX-10iA_L_description/share/CRX-10iA_L_description/urdf
copying urdf/materials.xacro -> /home/salman/Ros2_Workspace/install/CRX-10iA_L_description/share/CRX-10iA_L_description/urdf
copying urdf/CRX-10iA_L.gazebo -> /home/salman/Ros2_Workspace/install/CRX-10iA_L_description/share/CRX-10iA_L_description/urdf
copying urdf/CRX-10iA_L.xacro -> /home/salman/Ros2_Workspace/install/CRX-10iA_L_description/share/CRX-10iA_L_description/urdf
creating /home/salman/Ros2_Workspace/install/CRX-10iA_L_description/share/CRX-10iA_L_description/meshes
copying meshes/CRX-10iAL_MotionEnvelope_J5AxisRotation_1.stl -> /home/salman/Ros2_Workspace/install/CRX-10iA_L_description/share/CRX-10iA_L_description/meshes
copying meshes/CRX-10iAL_MotionEnvelope_EndofFlange_1.stl -> /home/salman/Ros2_Workspace/install/CRX-10iA_L_description/share/CRX-10iA_L_description/meshes
copying meshes/CRX-10iAL_Axis3_1.stl -> /home/salman/Ros2_Workspace/install/CRX-10iA_L_description/share/CRX-10iA_L_description/meshes
copying meshes/CRX-10iAL_Axis4_1.stl -> /home/salman/Ros2_Workspace/install/CRX-10iA_L_description/share/CRX-10iA_L_description/meshes
copying meshes/CRX-10iAL_Axis6_WithConnectors_1.stl -> /home/salman/Ros2_Workspace/install/CRX-10iA_L_description/share/CRX-10iA_L_description/meshes
copying meshes/CORDGRIP.stl -> /home/salman/Ros2_Workspace/install/CRX-10iA_L_description/share/CRX-10iA_L_description/meshes
copying meshes/J1PLATE.stl -> /home/salman/Ros2_Workspace/install/CRX-10iA_L_description/share/CRX-10iA_L_description/meshes
copying meshes/CRX-10iAL_Axis5_1.stl -> /home/salman/Ros2_Workspace/install/CRX-10iA_L_description/share/CRX-10iA_L_description/meshes
copying meshes/CAM.stl -> /home/salman/Ros2_Workspace/install/CRX-10iA_L_description/share/CRX-10iA_L_description/meshes
copying meshes/base_link.stl -> /home/salman/Ros2_Workspace/install/CRX-10iA_L_description/share/CRX-10iA_L_description/meshes
copying meshes/CRX-10iAL_MaxReachReference_1.stl -> /home/salman/Ros2_Workspace/install/CRX-10iA_L_description/share/CRX-10iA_L_description/meshes
copying meshes/CRX-10iAL_Axis2_1.stl -> /home/salman/Ros2_Workspace/install/CRX-10iA_L_description/share/CRX-10iA_L_description/meshes
copying meshes/CONNECTOR_UNIT.stl -> /home/salman/Ros2_Workspace/install/CRX-10iA_L_description/share/CRX-10iA_L_description/meshes
copying meshes/CRX-10iAL_Axis1_1.stl -> /home/salman/Ros2_Workspace/install/CRX-10iA_L_description/share/CRX-10iA_L_description/meshes
creating /home/salman/Ros2_Workspace/install/CRX-10iA_L_description/share/CRX-10iA_L_description/config
copying config/display.rviz -> /home/salman/Ros2_Workspace/install/CRX-10iA_L_description/share/CRX-10iA_L_description/config
running install_egg_info
Copying ../../../build/CRX-10iA_L_description/CRX_10iA_L_description.egg-info to /home/salman/Ros2_Workspace/install/CRX-10iA_L_description/lib/python3.10/site-packages/CRX_10iA_L_description-0.0.0-py3.10.egg-info
running install_scripts
writing list of installed files to '/home/salman/Ros2_Workspace/build/CRX-10iA_L_description/install.log'
