[0.331s] Invoking command in '/home/salman/Ros2_Workspace/build/robot_control': CMAKE_PREFIX_PATH=${CMAKE_PREFIX_PATH}:/home/salman/Ros2_Workspace/install/CRX-10iA_L_description:/opt/ros/humble /usr/bin/cmake --build /home/salman/Ros2_Workspace/build/robot_control -- -j4 -l4
[0.604s] [35m[1mConsolidate compiler generated dependencies of target motion_control[0m
[0.954s] [ 50%] [32mBuilding CXX object CMakeFiles/motion_control.dir/src/motion_control.cpp.o[0m
[12.521s] [100%] [32m[1mLinking CXX executable motion_control[0m
[13.019s] [100%] Built target motion_control
[13.034s] Invoked command in '/home/salman/Ros2_Workspace/build/robot_control' returned '0': CMAKE_PREFIX_PATH=${CMAKE_PREFIX_PATH}:/home/salman/Ros2_Workspace/install/CRX-10iA_L_description:/opt/ros/humble /usr/bin/cmake --build /home/salman/Ros2_Workspace/build/robot_control -- -j4 -l4
[13.103s] Invoking command in '/home/salman/Ros2_Workspace/build/robot_control': CMAKE_PREFIX_PATH=${CMAKE_PREFIX_PATH}:/home/salman/Ros2_Workspace/install/CRX-10iA_L_description:/opt/ros/humble /usr/bin/cmake --install /home/salman/Ros2_Workspace/build/robot_control
[13.115s] -- Install configuration: ""
[13.120s] -- Installing: /home/salman/Ros2_Workspace/install/robot_control/lib/robot_control/motion_control
[13.123s] -- Set runtime path of "/home/salman/Ros2_Workspace/install/robot_control/lib/robot_control/motion_control" to ""
[13.123s] -- Up-to-date: /home/salman/Ros2_Workspace/install/robot_control/share/robot_control/launch
[13.123s] -- Up-to-date: /home/salman/Ros2_Workspace/install/robot_control/share/robot_control/launch/gazebo.launch.py
[13.123s] -- Up-to-date: /home/salman/Ros2_Workspace/install/robot_control/share/robot_control/launch/display.launch.py
[13.124s] -- Up-to-date: /home/salman/Ros2_Workspace/install/robot_control/share/robot_control/urdf
[13.124s] -- Up-to-date: /home/salman/Ros2_Workspace/install/robot_control/share/robot_control/urdf/CRX-10iA_L.trans
[13.124s] -- Up-to-date: /home/salman/Ros2_Workspace/install/robot_control/share/robot_control/urdf/materials.xacro
[13.125s] -- Up-to-date: /home/salman/Ros2_Workspace/install/robot_control/share/robot_control/urdf/CRX-10iA_L.gazebo
[13.125s] -- Up-to-date: /home/salman/Ros2_Workspace/install/robot_control/share/robot_control/urdf/CRX-10iA_L.xacro
[13.125s] -- Up-to-date: /home/salman/Ros2_Workspace/install/robot_control/share/robot_control/meshes
[13.125s] -- Up-to-date: /home/salman/Ros2_Workspace/install/robot_control/share/robot_control/meshes/CRX-10iAL_MotionEnvelope_J5AxisRotation_1.stl
[13.126s] -- Up-to-date: /home/salman/Ros2_Workspace/install/robot_control/share/robot_control/meshes/CRX-10iAL_MotionEnvelope_EndofFlange_1.stl
[13.126s] -- Up-to-date: /home/salman/Ros2_Workspace/install/robot_control/share/robot_control/meshes/CRX-10iAL_Axis3_1.stl
[13.126s] -- Up-to-date: /home/salman/Ros2_Workspace/install/robot_control/share/robot_control/meshes/CRX-10iAL_Axis4_1.stl
[13.126s] -- Up-to-date: /home/salman/Ros2_Workspace/install/robot_control/share/robot_control/meshes/CRX-10iAL_Axis6_WithConnectors_1.stl
[13.126s] -- Up-to-date: /home/salman/Ros2_Workspace/install/robot_control/share/robot_control/meshes/CORDGRIP.stl
[13.126s] -- Up-to-date: /home/salman/Ros2_Workspace/install/robot_control/share/robot_control/meshes/J1PLATE.stl
[13.127s] -- Up-to-date: /home/salman/Ros2_Workspace/install/robot_control/share/robot_control/meshes/CRX-10iAL_Axis5_1.stl
[13.127s] -- Up-to-date: /home/salman/Ros2_Workspace/install/robot_control/share/robot_control/meshes/CAM.stl
[13.127s] -- Up-to-date: /home/salman/Ros2_Workspace/install/robot_control/share/robot_control/meshes/base_link.stl
[13.127s] -- Up-to-date: /home/salman/Ros2_Workspace/install/robot_control/share/robot_control/meshes/CRX-10iAL_MaxReachReference_1.stl
[13.127s] -- Up-to-date: /home/salman/Ros2_Workspace/install/robot_control/share/robot_control/meshes/CRX-10iAL_Axis2_1.stl
[13.127s] -- Up-to-date: /home/salman/Ros2_Workspace/install/robot_control/share/robot_control/meshes/CONNECTOR_UNIT.stl
[13.127s] -- Up-to-date: /home/salman/Ros2_Workspace/install/robot_control/share/robot_control/meshes/CRX-10iAL_Axis1_1.stl
[13.128s] -- Up-to-date: /home/salman/Ros2_Workspace/install/robot_control/share/robot_control/config
[13.128s] -- Up-to-date: /home/salman/Ros2_Workspace/install/robot_control/share/robot_control/config/display.rviz
[13.128s] -- Up-to-date: /home/salman/Ros2_Workspace/install/robot_control/share/robot_control/config/joint_controller.yaml
[13.128s] -- Up-to-date: /home/salman/Ros2_Workspace/install/robot_control/share/ament_index/resource_index/package_run_dependencies/robot_control
[13.128s] -- Up-to-date: /home/salman/Ros2_Workspace/install/robot_control/share/ament_index/resource_index/parent_prefix_path/robot_control
[13.128s] -- Up-to-date: /home/salman/Ros2_Workspace/install/robot_control/share/robot_control/environment/ament_prefix_path.sh
[13.129s] -- Up-to-date: /home/salman/Ros2_Workspace/install/robot_control/share/robot_control/environment/ament_prefix_path.dsv
[13.129s] -- Up-to-date: /home/salman/Ros2_Workspace/install/robot_control/share/robot_control/environment/path.sh
[13.129s] -- Up-to-date: /home/salman/Ros2_Workspace/install/robot_control/share/robot_control/environment/path.dsv
[13.129s] -- Up-to-date: /home/salman/Ros2_Workspace/install/robot_control/share/robot_control/local_setup.bash
[13.129s] -- Up-to-date: /home/salman/Ros2_Workspace/install/robot_control/share/robot_control/local_setup.sh
[13.129s] -- Up-to-date: /home/salman/Ros2_Workspace/install/robot_control/share/robot_control/local_setup.zsh
[13.129s] -- Up-to-date: /home/salman/Ros2_Workspace/install/robot_control/share/robot_control/local_setup.dsv
[13.129s] -- Installing: /home/salman/Ros2_Workspace/install/robot_control/share/robot_control/package.dsv
[13.130s] -- Up-to-date: /home/salman/Ros2_Workspace/install/robot_control/share/ament_index/resource_index/packages/robot_control
[13.130s] -- Up-to-date: /home/salman/Ros2_Workspace/install/robot_control/share/robot_control/cmake/robot_controlConfig.cmake
[13.130s] -- Up-to-date: /home/salman/Ros2_Workspace/install/robot_control/share/robot_control/cmake/robot_controlConfig-version.cmake
[13.130s] -- Up-to-date: /home/salman/Ros2_Workspace/install/robot_control/share/robot_control/package.xml
[13.133s] Invoked command in '/home/salman/Ros2_Workspace/build/robot_control' returned '0': CMAKE_PREFIX_PATH=${CMAKE_PREFIX_PATH}:/home/salman/Ros2_Workspace/install/CRX-10iA_L_description:/opt/ros/humble /usr/bin/cmake --install /home/salman/Ros2_Workspace/build/robot_control
