[0.535s] Invoking command in '/home/salman/Ros2_Workspace/build/robot_control': CMAKE_PREFIX_PATH=${CMAKE_PREFIX_PATH}:/home/salman/Ros2_Workspace/install/CRX-10iA_L_description:/opt/ros/humble /usr/bin/cmake --build /home/salman/Ros2_Workspace/build/robot_control -- -j4 -l4
[0.834s] -- Found ament_cmake: 1.3.10 (/opt/ros/humble/share/ament_cmake/cmake)
[1.151s] -- Found rclcpp: 16.0.10 (/opt/ros/humble/share/rclcpp/cmake)
[1.223s] -- Found rosidl_generator_c: 3.1.5 (/opt/ros/humble/share/rosidl_generator_c/cmake)
[1.229s] -- Found rosidl_adapter: 3.1.5 (/opt/ros/humble/share/rosidl_adapter/cmake)
[1.244s] -- Found rosidl_generator_cpp: 3.1.5 (/opt/ros/humble/share/rosidl_generator_cpp/cmake)
[1.262s] -- Using all available rosidl_typesupport_c: rosidl_typesupport_fastrtps_c;rosidl_typesupport_introspection_c
[1.283s] -- Using all available rosidl_typesupport_cpp: rosidl_typesupport_fastrtps_cpp;rosidl_typesupport_introspection_cpp
[1.360s] -- Found rmw_implementation_cmake: 6.1.2 (/opt/ros/humble/share/rmw_implementation_cmake/cmake)
[1.364s] -- Found rmw_fastrtps_cpp: 6.2.7 (/opt/ros/humble/share/rmw_fastrtps_cpp/cmake)
[1.610s] -- Using RMW implementation 'rmw_fastrtps_cpp' as default
[1.825s] -- Found sensor_msgs: 4.2.4 (/opt/ros/humble/share/sensor_msgs/cmake)
[1.910s] -- Found trajectory_msgs: 4.2.4 (/opt/ros/humble/share/trajectory_msgs/cmake)
[1.972s] -- Found xacro: 2.0.8 (/opt/ros/humble/share/xacro/cmake)
[1.988s] -- Found ament_lint_auto: 0.12.11 (/opt/ros/humble/share/ament_lint_auto/cmake)
[2.149s] -- Added test 'cppcheck' to perform static code analysis on C / C++ code
[2.150s] -- Configured cppcheck include dirs: 
[2.151s] -- Configured cppcheck exclude dirs and/or files: 
[2.152s] -- Added test 'flake8' to check Python code syntax and style conventions
[2.154s] -- Added test 'lint_cmake' to check CMake code style
[2.156s] -- Added test 'pep257' to check Python code against some of the docstring style conventions in PEP 257
[2.157s] -- Added test 'uncrustify' to check C / C++ code style
[2.158s] -- Configured uncrustify additional arguments: 
[2.159s] -- Added test 'xmllint' to check XML markup files
[2.165s] -- Configuring done
[2.199s] -- Generating done
[2.201s] -- Build files have been written to: /home/salman/Ros2_Workspace/build/robot_control
[2.249s] [35m[1mConsolidate compiler generated dependencies of target motion_control[0m
[2.333s] [100%] Built target motion_control
[2.363s] Invoked command in '/home/salman/Ros2_Workspace/build/robot_control' returned '0': CMAKE_PREFIX_PATH=${CMAKE_PREFIX_PATH}:/home/salman/Ros2_Workspace/install/CRX-10iA_L_description:/opt/ros/humble /usr/bin/cmake --build /home/salman/Ros2_Workspace/build/robot_control -- -j4 -l4
[2.458s] Invoking command in '/home/salman/Ros2_Workspace/build/robot_control': CMAKE_PREFIX_PATH=${CMAKE_PREFIX_PATH}:/home/salman/Ros2_Workspace/install/CRX-10iA_L_description:/opt/ros/humble /usr/bin/cmake --install /home/salman/Ros2_Workspace/build/robot_control
[2.479s] -- Install configuration: ""
[2.481s] -- Up-to-date: /home/salman/Ros2_Workspace/install/robot_control/lib/robot_control/motion_control
[2.482s] -- Up-to-date: /home/salman/Ros2_Workspace/install/robot_control/share/robot_control/launch
[2.483s] -- Up-to-date: /home/salman/Ros2_Workspace/install/robot_control/share/robot_control/launch/gazebo.launch.py
[2.483s] -- Up-to-date: /home/salman/Ros2_Workspace/install/robot_control/share/robot_control/launch/display.launch.py
[2.483s] -- Up-to-date: /home/salman/Ros2_Workspace/install/robot_control/share/robot_control
[2.483s] -- Up-to-date: /home/salman/Ros2_Workspace/install/robot_control/share/robot_control/CRX-10iA_L.trans
[2.484s] -- Up-to-date: /home/salman/Ros2_Workspace/install/robot_control/share/robot_control/materials.xacro
[2.484s] -- Up-to-date: /home/salman/Ros2_Workspace/install/robot_control/share/robot_control/CRX-10iA_L.gazebo
[2.484s] -- Installing: /home/salman/Ros2_Workspace/install/robot_control/share/robot_control/CRX-10iA_L.xacro
[2.484s] -- Up-to-date: /home/salman/Ros2_Workspace/install/robot_control/share/robot_control
[2.484s] -- Up-to-date: /home/salman/Ros2_Workspace/install/robot_control/share/robot_control/CRX-10iAL_MotionEnvelope_J5AxisRotation_1.stl
[2.484s] -- Up-to-date: /home/salman/Ros2_Workspace/install/robot_control/share/robot_control/CRX-10iAL_MotionEnvelope_EndofFlange_1.stl
[2.485s] -- Up-to-date: /home/salman/Ros2_Workspace/install/robot_control/share/robot_control/CRX-10iAL_Axis3_1.stl
[2.485s] -- Up-to-date: /home/salman/Ros2_Workspace/install/robot_control/share/robot_control/CRX-10iAL_Axis4_1.stl
[2.485s] -- Up-to-date: /home/salman/Ros2_Workspace/install/robot_control/share/robot_control/CRX-10iAL_Axis6_WithConnectors_1.stl
[2.485s] -- Up-to-date: /home/salman/Ros2_Workspace/install/robot_control/share/robot_control/CORDGRIP.stl
[2.485s] -- Up-to-date: /home/salman/Ros2_Workspace/install/robot_control/share/robot_control/J1PLATE.stl
[2.485s] -- Up-to-date: /home/salman/Ros2_Workspace/install/robot_control/share/robot_control/CRX-10iAL_Axis5_1.stl
[2.486s] -- Up-to-date: /home/salman/Ros2_Workspace/install/robot_control/share/robot_control/CAM.stl
[2.486s] -- Up-to-date: /home/salman/Ros2_Workspace/install/robot_control/share/robot_control/base_link.stl
[2.486s] -- Up-to-date: /home/salman/Ros2_Workspace/install/robot_control/share/robot_control/CRX-10iAL_MaxReachReference_1.stl
[2.487s] -- Up-to-date: /home/salman/Ros2_Workspace/install/robot_control/share/robot_control/CRX-10iAL_Axis2_1.stl
[2.487s] -- Up-to-date: /home/salman/Ros2_Workspace/install/robot_control/share/robot_control/CONNECTOR_UNIT.stl
[2.487s] -- Up-to-date: /home/salman/Ros2_Workspace/install/robot_control/share/robot_control/CRX-10iAL_Axis1_1.stl
[2.487s] -- Up-to-date: /home/salman/Ros2_Workspace/install/robot_control/share/robot_control
[2.488s] -- Installing: /home/salman/Ros2_Workspace/install/robot_control/share/robot_control/joint_controller.yaml
[2.488s] -- Up-to-date: /home/salman/Ros2_Workspace/install/robot_control/share/ament_index/resource_index/package_run_dependencies/robot_control
[2.489s] -- Up-to-date: /home/salman/Ros2_Workspace/install/robot_control/share/ament_index/resource_index/parent_prefix_path/robot_control
[2.490s] -- Up-to-date: /home/salman/Ros2_Workspace/install/robot_control/share/robot_control/environment/ament_prefix_path.sh
[2.490s] -- Installing: /home/salman/Ros2_Workspace/install/robot_control/share/robot_control/environment/ament_prefix_path.dsv
[2.490s] -- Up-to-date: /home/salman/Ros2_Workspace/install/robot_control/share/robot_control/environment/path.sh
[2.490s] -- Installing: /home/salman/Ros2_Workspace/install/robot_control/share/robot_control/environment/path.dsv
[2.491s] -- Up-to-date: /home/salman/Ros2_Workspace/install/robot_control/share/robot_control/local_setup.bash
[2.491s] -- Up-to-date: /home/salman/Ros2_Workspace/install/robot_control/share/robot_control/local_setup.sh
[2.491s] -- Up-to-date: /home/salman/Ros2_Workspace/install/robot_control/share/robot_control/local_setup.zsh
[2.491s] -- Installing: /home/salman/Ros2_Workspace/install/robot_control/share/robot_control/local_setup.dsv
[2.492s] -- Installing: /home/salman/Ros2_Workspace/install/robot_control/share/robot_control/package.dsv
[2.492s] -- Up-to-date: /home/salman/Ros2_Workspace/install/robot_control/share/ament_index/resource_index/packages/robot_control
[2.493s] -- Up-to-date: /home/salman/Ros2_Workspace/install/robot_control/share/robot_control/cmake/robot_controlConfig.cmake
[2.494s] -- Up-to-date: /home/salman/Ros2_Workspace/install/robot_control/share/robot_control/cmake/robot_controlConfig-version.cmake
[2.494s] -- Up-to-date: /home/salman/Ros2_Workspace/install/robot_control/share/robot_control/package.xml
[2.497s] Invoked command in '/home/salman/Ros2_Workspace/build/robot_control' returned '0': CMAKE_PREFIX_PATH=${CMAKE_PREFIX_PATH}:/home/salman/Ros2_Workspace/install/CRX-10iA_L_description:/opt/ros/humble /usr/bin/cmake --install /home/salman/Ros2_Workspace/build/robot_control
