[1.149s] Invoking command in '/home/salman/Ros2_Workspace/build/robot_control': CMAKE_PREFIX_PATH=${CMAKE_PREFIX_PATH}:/home/salman/Ros2_Workspace/install/CRX-10iA_L_description:/opt/ros/humble /usr/bin/cmake --build /home/salman/Ros2_Workspace/build/robot_control -- -j4 -l4
[1.318s] [100%] Built target motion_control
[1.355s] Invoked command in '/home/salman/Ros2_Workspace/build/robot_control' returned '0': CMAKE_PREFIX_PATH=${CMAKE_PREFIX_PATH}:/home/salman/Ros2_Workspace/install/CRX-10iA_L_description:/opt/ros/humble /usr/bin/cmake --build /home/salman/Ros2_Workspace/build/robot_control -- -j4 -l4
[1.489s] Invoking command in '/home/salman/Ros2_Workspace/build/robot_control': CMAKE_PREFIX_PATH=${CMAKE_PREFIX_PATH}:/home/salman/Ros2_Workspace/install/CRX-10iA_L_description:/opt/ros/humble /usr/bin/cmake --install /home/salman/Ros2_Workspace/build/robot_control
[1.509s] -- Install configuration: ""
[1.509s] -- Up-to-date: /home/salman/Ros2_Workspace/install/robot_control/lib/robot_control/motion_control
[1.509s] -- Up-to-date: /home/salman/Ros2_Workspace/install/robot_control/share/robot_control/launch
[1.510s] -- Installing: /home/salman/Ros2_Workspace/install/robot_control/share/robot_control/launch/gazebo.launch.py
[1.510s] -- Up-to-date: /home/salman/Ros2_Workspace/install/robot_control/share/robot_control/launch/display.launch.py
[1.510s] -- Up-to-date: /home/salman/Ros2_Workspace/install/robot_control/share/robot_control/urdf
[1.510s] -- Up-to-date: /home/salman/Ros2_Workspace/install/robot_control/share/robot_control/urdf/CRX-10iA_L.trans
[1.510s] -- Up-to-date: /home/salman/Ros2_Workspace/install/robot_control/share/robot_control/urdf/materials.xacro
[1.510s] -- Up-to-date: /home/salman/Ros2_Workspace/install/robot_control/share/robot_control/urdf/CRX-10iA_L.gazebo
[1.511s] -- Up-to-date: /home/salman/Ros2_Workspace/install/robot_control/share/robot_control/urdf/CRX-10iA_L.xacro
[1.511s] -- Up-to-date: /home/salman/Ros2_Workspace/install/robot_control/share/robot_control/meshes
[1.511s] -- Up-to-date: /home/salman/Ros2_Workspace/install/robot_control/share/robot_control/meshes/CRX-10iAL_MotionEnvelope_J5AxisRotation_1.stl
[1.511s] -- Up-to-date: /home/salman/Ros2_Workspace/install/robot_control/share/robot_control/meshes/CRX-10iAL_MotionEnvelope_EndofFlange_1.stl
[1.511s] -- Up-to-date: /home/salman/Ros2_Workspace/install/robot_control/share/robot_control/meshes/CRX-10iAL_Axis3_1.stl
[1.511s] -- Up-to-date: /home/salman/Ros2_Workspace/install/robot_control/share/robot_control/meshes/CRX-10iAL_Axis4_1.stl
[1.511s] -- Up-to-date: /home/salman/Ros2_Workspace/install/robot_control/share/robot_control/meshes/CRX-10iAL_Axis6_WithConnectors_1.stl
[1.512s] -- Up-to-date: /home/salman/Ros2_Workspace/install/robot_control/share/robot_control/meshes/CORDGRIP.stl
[1.512s] -- Up-to-date: /home/salman/Ros2_Workspace/install/robot_control/share/robot_control/meshes/J1PLATE.stl
[1.513s] -- Up-to-date: /home/salman/Ros2_Workspace/install/robot_control/share/robot_control/meshes/CRX-10iAL_Axis5_1.stl
[1.515s] -- Up-to-date: /home/salman/Ros2_Workspace/install/robot_control/share/robot_control/meshes/CAM.stl
[1.516s] -- Up-to-date: /home/salman/Ros2_Workspace/install/robot_control/share/robot_control/meshes/base_link.stl
[1.518s] -- Up-to-date: /home/salman/Ros2_Workspace/install/robot_control/share/robot_control/meshes/CRX-10iAL_MaxReachReference_1.stl
[1.518s] -- Up-to-date: /home/salman/Ros2_Workspace/install/robot_control/share/robot_control/meshes/CRX-10iAL_Axis2_1.stl
[1.522s] -- Up-to-date: /home/salman/Ros2_Workspace/install/robot_control/share/robot_control/meshes/CONNECTOR_UNIT.stl
[1.523s] -- Up-to-date: /home/salman/Ros2_Workspace/install/robot_control/share/robot_control/meshes/CRX-10iAL_Axis1_1.stl
[1.523s] -- Up-to-date: /home/salman/Ros2_Workspace/install/robot_control/share/robot_control/config
[1.523s] -- Up-to-date: /home/salman/Ros2_Workspace/install/robot_control/share/robot_control/config/display.rviz
[1.524s] -- Up-to-date: /home/salman/Ros2_Workspace/install/robot_control/share/robot_control/config/joint_controller.yaml
[1.524s] -- Up-to-date: /home/salman/Ros2_Workspace/install/robot_control/share/ament_index/resource_index/package_run_dependencies/robot_control
[1.525s] -- Up-to-date: /home/salman/Ros2_Workspace/install/robot_control/share/ament_index/resource_index/parent_prefix_path/robot_control
[1.525s] -- Up-to-date: /home/salman/Ros2_Workspace/install/robot_control/share/robot_control/environment/ament_prefix_path.sh
[1.526s] -- Up-to-date: /home/salman/Ros2_Workspace/install/robot_control/share/robot_control/environment/ament_prefix_path.dsv
[1.526s] -- Up-to-date: /home/salman/Ros2_Workspace/install/robot_control/share/robot_control/environment/path.sh
[1.527s] -- Up-to-date: /home/salman/Ros2_Workspace/install/robot_control/share/robot_control/environment/path.dsv
[1.527s] -- Up-to-date: /home/salman/Ros2_Workspace/install/robot_control/share/robot_control/local_setup.bash
[1.528s] -- Up-to-date: /home/salman/Ros2_Workspace/install/robot_control/share/robot_control/local_setup.sh
[1.528s] -- Up-to-date: /home/salman/Ros2_Workspace/install/robot_control/share/robot_control/local_setup.zsh
[1.529s] -- Up-to-date: /home/salman/Ros2_Workspace/install/robot_control/share/robot_control/local_setup.dsv
[1.529s] -- Installing: /home/salman/Ros2_Workspace/install/robot_control/share/robot_control/package.dsv
[1.530s] -- Up-to-date: /home/salman/Ros2_Workspace/install/robot_control/share/ament_index/resource_index/packages/robot_control
[1.530s] -- Up-to-date: /home/salman/Ros2_Workspace/install/robot_control/share/robot_control/cmake/robot_controlConfig.cmake
[1.531s] -- Up-to-date: /home/salman/Ros2_Workspace/install/robot_control/share/robot_control/cmake/robot_controlConfig-version.cmake
[1.531s] -- Up-to-date: /home/salman/Ros2_Workspace/install/robot_control/share/robot_control/package.xml
[1.532s] Invoked command in '/home/salman/Ros2_Workspace/build/robot_control' returned '0': CMAKE_PREFIX_PATH=${CMAKE_PREFIX_PATH}:/home/salman/Ros2_Workspace/install/CRX-10iA_L_description:/opt/ros/humble /usr/bin/cmake --install /home/salman/Ros2_Workspace/build/robot_control
