[0.434s] Invoking command in '/home/salman/Ros2_Workspace/build/robot_control': CMAKE_PREFIX_PATH=${CMAKE_PREFIX_PATH}:/home/salman/Ros2_Workspace/install/CRX-10iA_L_description:/opt/ros/humble /usr/bin/cmake --build /home/salman/Ros2_Workspace/build/robot_control -- -j4 -l4
[0.554s] [35m[1mConsolidate compiler generated dependencies of target motion_control[0m
[0.581s] [ 50%] [32mBuilding CXX object CMakeFiles/motion_control.dir/src/motion_control.cpp.o[0m
[8.800s] [100%] [32m[1mLinking CXX executable motion_control[0m
[9.166s] [100%] Built target motion_control
[9.196s] Invoked command in '/home/salman/Ros2_Workspace/build/robot_control' returned '0': CMAKE_PREFIX_PATH=${CMAKE_PREFIX_PATH}:/home/salman/Ros2_Workspace/install/CRX-10iA_L_description:/opt/ros/humble /usr/bin/cmake --build /home/salman/Ros2_Workspace/build/robot_control -- -j4 -l4
[9.289s] Invoking command in '/home/salman/Ros2_Workspace/build/robot_control': CMAKE_PREFIX_PATH=${CMAKE_PREFIX_PATH}:/home/salman/Ros2_Workspace/install/CRX-10iA_L_description:/opt/ros/humble /usr/bin/cmake --install /home/salman/Ros2_Workspace/build/robot_control
[9.311s] -- Install configuration: ""
[9.311s] -- Installing: /home/salman/Ros2_Workspace/install/robot_control/lib/robot_control/motion_control
[9.312s] -- Set runtime path of "/home/salman/Ros2_Workspace/install/robot_control/lib/robot_control/motion_control" to ""
[9.312s] -- Up-to-date: /home/salman/Ros2_Workspace/install/robot_control/share/robot_control/launch
[9.312s] -- Up-to-date: /home/salman/Ros2_Workspace/install/robot_control/share/robot_control/launch/gazebo.launch.py
[9.312s] -- Up-to-date: /home/salman/Ros2_Workspace/install/robot_control/share/robot_control/launch/display.launch.py
[9.312s] -- Up-to-date: /home/salman/Ros2_Workspace/install/robot_control/share/robot_control/urdf
[9.312s] -- Up-to-date: /home/salman/Ros2_Workspace/install/robot_control/share/robot_control/urdf/CRX-10iA_L.trans
[9.313s] -- Up-to-date: /home/salman/Ros2_Workspace/install/robot_control/share/robot_control/urdf/materials.xacro
[9.313s] -- Up-to-date: /home/salman/Ros2_Workspace/install/robot_control/share/robot_control/urdf/CRX-10iA_L.gazebo
[9.313s] -- Up-to-date: /home/salman/Ros2_Workspace/install/robot_control/share/robot_control/urdf/CRX-10iA_L.xacro
[9.313s] -- Up-to-date: /home/salman/Ros2_Workspace/install/robot_control/share/robot_control/meshes
[9.313s] -- Up-to-date: /home/salman/Ros2_Workspace/install/robot_control/share/robot_control/meshes/CRX-10iAL_MotionEnvelope_J5AxisRotation_1.stl
[9.314s] -- Up-to-date: /home/salman/Ros2_Workspace/install/robot_control/share/robot_control/meshes/CRX-10iAL_MotionEnvelope_EndofFlange_1.stl
[9.315s] -- Up-to-date: /home/salman/Ros2_Workspace/install/robot_control/share/robot_control/meshes/CRX-10iAL_Axis3_1.stl
[9.315s] -- Up-to-date: /home/salman/Ros2_Workspace/install/robot_control/share/robot_control/meshes/CRX-10iAL_Axis4_1.stl
[9.315s] -- Up-to-date: /home/salman/Ros2_Workspace/install/robot_control/share/robot_control/meshes/CRX-10iAL_Axis6_WithConnectors_1.stl
[9.315s] -- Up-to-date: /home/salman/Ros2_Workspace/install/robot_control/share/robot_control/meshes/CORDGRIP.stl
[9.316s] -- Up-to-date: /home/salman/Ros2_Workspace/install/robot_control/share/robot_control/meshes/J1PLATE.stl
[9.316s] -- Up-to-date: /home/salman/Ros2_Workspace/install/robot_control/share/robot_control/meshes/CRX-10iAL_Axis5_1.stl
[9.317s] -- Up-to-date: /home/salman/Ros2_Workspace/install/robot_control/share/robot_control/meshes/CAM.stl
[9.317s] -- Up-to-date: /home/salman/Ros2_Workspace/install/robot_control/share/robot_control/meshes/base_link.stl
[9.317s] -- Up-to-date: /home/salman/Ros2_Workspace/install/robot_control/share/robot_control/meshes/CRX-10iAL_MaxReachReference_1.stl
[9.317s] -- Up-to-date: /home/salman/Ros2_Workspace/install/robot_control/share/robot_control/meshes/CRX-10iAL_Axis2_1.stl
[9.318s] -- Up-to-date: /home/salman/Ros2_Workspace/install/robot_control/share/robot_control/meshes/CONNECTOR_UNIT.stl
[9.318s] -- Up-to-date: /home/salman/Ros2_Workspace/install/robot_control/share/robot_control/meshes/CRX-10iAL_Axis1_1.stl
[9.319s] -- Up-to-date: /home/salman/Ros2_Workspace/install/robot_control/share/robot_control/config
[9.319s] -- Up-to-date: /home/salman/Ros2_Workspace/install/robot_control/share/robot_control/config/display.rviz
[9.319s] -- Up-to-date: /home/salman/Ros2_Workspace/install/robot_control/share/robot_control/config/joint_controller.yaml
[9.319s] -- Up-to-date: /home/salman/Ros2_Workspace/install/robot_control/share/ament_index/resource_index/package_run_dependencies/robot_control
[9.320s] -- Up-to-date: /home/salman/Ros2_Workspace/install/robot_control/share/ament_index/resource_index/parent_prefix_path/robot_control
[9.320s] -- Up-to-date: /home/salman/Ros2_Workspace/install/robot_control/share/robot_control/environment/ament_prefix_path.sh
[9.320s] -- Up-to-date: /home/salman/Ros2_Workspace/install/robot_control/share/robot_control/environment/ament_prefix_path.dsv
[9.321s] -- Up-to-date: /home/salman/Ros2_Workspace/install/robot_control/share/robot_control/environment/path.sh
[9.321s] -- Up-to-date: /home/salman/Ros2_Workspace/install/robot_control/share/robot_control/environment/path.dsv
[9.321s] -- Up-to-date: /home/salman/Ros2_Workspace/install/robot_control/share/robot_control/local_setup.bash
[9.321s] -- Up-to-date: /home/salman/Ros2_Workspace/install/robot_control/share/robot_control/local_setup.sh
[9.322s] -- Up-to-date: /home/salman/Ros2_Workspace/install/robot_control/share/robot_control/local_setup.zsh
[9.322s] -- Up-to-date: /home/salman/Ros2_Workspace/install/robot_control/share/robot_control/local_setup.dsv
[9.323s] -- Installing: /home/salman/Ros2_Workspace/install/robot_control/share/robot_control/package.dsv
[9.323s] -- Up-to-date: /home/salman/Ros2_Workspace/install/robot_control/share/ament_index/resource_index/packages/robot_control
[9.323s] -- Up-to-date: /home/salman/Ros2_Workspace/install/robot_control/share/robot_control/cmake/robot_controlConfig.cmake
[9.323s] -- Up-to-date: /home/salman/Ros2_Workspace/install/robot_control/share/robot_control/cmake/robot_controlConfig-version.cmake
[9.324s] -- Up-to-date: /home/salman/Ros2_Workspace/install/robot_control/share/robot_control/package.xml
[9.324s] Invoked command in '/home/salman/Ros2_Workspace/build/robot_control' returned '0': CMAKE_PREFIX_PATH=${CMAKE_PREFIX_PATH}:/home/salman/Ros2_Workspace/install/CRX-10iA_L_description:/opt/ros/humble /usr/bin/cmake --install /home/salman/Ros2_Workspace/build/robot_control
