[0.200s] DEBUG:colcon:Command line arguments: ['/usr/bin/colcon', 'build']
[0.201s] DEBUG:colcon:Parsed command line arguments: Namespace(log_base=None, log_level=None, verb_name='build', build_base='build', install_base='install', merge_install=False, symlink_install=False, test_result_base=None, continue_on_error=False, executor='parallel', parallel_workers=4, event_handlers=None, ignore_user_meta=False, metas=['./colcon.meta'], base_paths=['.'], packages_ignore=None, packages_ignore_regex=None, paths=None, packages_up_to=None, packages_up_to_regex=None, packages_above=None, packages_above_and_dependencies=None, packages_above_depth=None, packages_select_by_dep=None, packages_skip_by_dep=None, packages_skip_up_to=None, packages_select_build_failed=False, packages_skip_build_finished=False, packages_select_test_failures=False, packages_skip_test_passed=False, packages_select=None, packages_skip=None, packages_select_regex=None, packages_skip_regex=None, packages_start=None, packages_end=None, allow_overriding=[], cmake_args=None, cmake_target=None, cmake_target_skip_unavailable=False, cmake_clean_cache=False, cmake_clean_first=False, cmake_force_configure=False, ament_cmake_args=None, catkin_cmake_args=None, catkin_skip_building_tests=False, mixin_files=None, mixin=None, verb_parser=<colcon_mixin.mixin.mixin_argument.MixinArgumentDecorator object at 0x79dc4b346170>, verb_extension=<colcon_core.verb.build.BuildVerb object at 0x79dc4b345c00>, main=<bound method BuildVerb.main of <colcon_core.verb.build.BuildVerb object at 0x79dc4b345c00>>, mixin_verb=('build',))
[0.444s] Level 1:colcon.colcon_core.package_discovery:discover_packages(colcon_meta) check parameters
[0.444s] Level 1:colcon.colcon_core.package_discovery:discover_packages(recursive) check parameters
[0.445s] Level 1:colcon.colcon_core.package_discovery:discover_packages(ignore) check parameters
[0.445s] Level 1:colcon.colcon_core.package_discovery:discover_packages(path) check parameters
[0.445s] Level 1:colcon.colcon_core.package_discovery:discover_packages(colcon_meta) discover
[0.445s] Level 1:colcon.colcon_core.package_discovery:discover_packages(recursive) discover
[0.445s] INFO:colcon.colcon_core.package_discovery:Crawling recursively for packages in '/home/salman/Ros2_Workspace'
[0.445s] Level 1:colcon.colcon_core.package_identification:_identify(.) by extensions ['ignore', 'ignore_ament_install']
[0.445s] Level 1:colcon.colcon_core.package_identification:_identify(.) by extension 'ignore'
[0.445s] Level 1:colcon.colcon_core.package_identification:_identify(.) by extension 'ignore_ament_install'
[0.446s] Level 1:colcon.colcon_core.package_identification:_identify(.) by extensions ['colcon_pkg']
[0.446s] Level 1:colcon.colcon_core.package_identification:_identify(.) by extension 'colcon_pkg'
[0.446s] Level 1:colcon.colcon_core.package_identification:_identify(.) by extensions ['colcon_meta']
[0.446s] Level 1:colcon.colcon_core.package_identification:_identify(.) by extension 'colcon_meta'
[0.446s] Level 1:colcon.colcon_core.package_identification:_identify(.) by extensions ['ros']
[0.446s] Level 1:colcon.colcon_core.package_identification:_identify(.) by extension 'ros'
[0.482s] Level 1:colcon.colcon_core.package_identification:_identify(.) by extensions ['cmake', 'python']
[0.483s] Level 1:colcon.colcon_core.package_identification:_identify(.) by extension 'cmake'
[0.483s] Level 1:colcon.colcon_core.package_identification:_identify(.) by extension 'python'
[0.483s] Level 1:colcon.colcon_core.package_identification:_identify(.) by extensions ['python_setup_py']
[0.483s] Level 1:colcon.colcon_core.package_identification:_identify(.) by extension 'python_setup_py'
[0.483s] Level 1:colcon.colcon_core.package_identification:_identify(build) by extensions ['ignore', 'ignore_ament_install']
[0.484s] Level 1:colcon.colcon_core.package_identification:_identify(build) by extension 'ignore'
[0.484s] Level 1:colcon.colcon_core.package_identification:_identify(build) ignored
[0.484s] Level 1:colcon.colcon_core.package_identification:_identify(install) by extensions ['ignore', 'ignore_ament_install']
[0.485s] Level 1:colcon.colcon_core.package_identification:_identify(install) by extension 'ignore'
[0.485s] Level 1:colcon.colcon_core.package_identification:_identify(install) ignored
[0.485s] Level 1:colcon.colcon_core.package_identification:_identify(log) by extensions ['ignore', 'ignore_ament_install']
[0.486s] Level 1:colcon.colcon_core.package_identification:_identify(log) by extension 'ignore'
[0.486s] Level 1:colcon.colcon_core.package_identification:_identify(log) ignored
[0.487s] Level 1:colcon.colcon_core.package_identification:_identify(src) by extensions ['ignore', 'ignore_ament_install']
[0.487s] Level 1:colcon.colcon_core.package_identification:_identify(src) by extension 'ignore'
[0.487s] Level 1:colcon.colcon_core.package_identification:_identify(src) by extension 'ignore_ament_install'
[0.487s] Level 1:colcon.colcon_core.package_identification:_identify(src) by extensions ['colcon_pkg']
[0.487s] Level 1:colcon.colcon_core.package_identification:_identify(src) by extension 'colcon_pkg'
[0.488s] Level 1:colcon.colcon_core.package_identification:_identify(src) by extensions ['colcon_meta']
[0.488s] Level 1:colcon.colcon_core.package_identification:_identify(src) by extension 'colcon_meta'
[0.488s] Level 1:colcon.colcon_core.package_identification:_identify(src) by extensions ['ros']
[0.488s] Level 1:colcon.colcon_core.package_identification:_identify(src) by extension 'ros'
[0.488s] Level 1:colcon.colcon_core.package_identification:_identify(src) by extensions ['cmake', 'python']
[0.488s] Level 1:colcon.colcon_core.package_identification:_identify(src) by extension 'cmake'
[0.488s] Level 1:colcon.colcon_core.package_identification:_identify(src) by extension 'python'
[0.489s] Level 1:colcon.colcon_core.package_identification:_identify(src) by extensions ['python_setup_py']
[0.489s] Level 1:colcon.colcon_core.package_identification:_identify(src) by extension 'python_setup_py'
[0.489s] Level 1:colcon.colcon_core.package_identification:_identify(src/CRX-10iA_L_description) by extensions ['ignore', 'ignore_ament_install']
[0.490s] Level 1:colcon.colcon_core.package_identification:_identify(src/CRX-10iA_L_description) by extension 'ignore'
[0.490s] Level 1:colcon.colcon_core.package_identification:_identify(src/CRX-10iA_L_description) by extension 'ignore_ament_install'
[0.490s] Level 1:colcon.colcon_core.package_identification:_identify(src/CRX-10iA_L_description) by extensions ['colcon_pkg']
[0.490s] Level 1:colcon.colcon_core.package_identification:_identify(src/CRX-10iA_L_description) by extension 'colcon_pkg'
[0.490s] Level 1:colcon.colcon_core.package_identification:_identify(src/CRX-10iA_L_description) by extensions ['colcon_meta']
[0.491s] Level 1:colcon.colcon_core.package_identification:_identify(src/CRX-10iA_L_description) by extension 'colcon_meta'
[0.491s] Level 1:colcon.colcon_core.package_identification:_identify(src/CRX-10iA_L_description) by extensions ['ros']
[0.491s] Level 1:colcon.colcon_core.package_identification:_identify(src/CRX-10iA_L_description) by extension 'ros'
[0.503s] DEBUG:colcon.colcon_core.package_identification:Package 'src/CRX-10iA_L_description' with type 'ros.ament_python' and name 'CRX-10iA_L_description'
[0.504s] Level 1:colcon.colcon_core.package_identification:_identify(src/robot_control) by extensions ['ignore', 'ignore_ament_install']
[0.504s] Level 1:colcon.colcon_core.package_identification:_identify(src/robot_control) by extension 'ignore'
[0.504s] Level 1:colcon.colcon_core.package_identification:_identify(src/robot_control) by extension 'ignore_ament_install'
[0.505s] Level 1:colcon.colcon_core.package_identification:_identify(src/robot_control) by extensions ['colcon_pkg']
[0.505s] Level 1:colcon.colcon_core.package_identification:_identify(src/robot_control) by extension 'colcon_pkg'
[0.505s] Level 1:colcon.colcon_core.package_identification:_identify(src/robot_control) by extensions ['colcon_meta']
[0.505s] Level 1:colcon.colcon_core.package_identification:_identify(src/robot_control) by extension 'colcon_meta'
[0.505s] Level 1:colcon.colcon_core.package_identification:_identify(src/robot_control) by extensions ['ros']
[0.505s] Level 1:colcon.colcon_core.package_identification:_identify(src/robot_control) by extension 'ros'
[0.509s] DEBUG:colcon.colcon_core.package_identification:Package 'src/robot_control' with type 'ros.ament_cmake' and name 'robot_control'
[0.509s] Level 1:colcon.colcon_core.package_discovery:discover_packages(recursive) using defaults
[0.509s] Level 1:colcon.colcon_core.package_discovery:discover_packages(ignore) discover
[0.509s] Level 1:colcon.colcon_core.package_discovery:discover_packages(ignore) using defaults
[0.509s] Level 1:colcon.colcon_core.package_discovery:discover_packages(path) discover
[0.509s] Level 1:colcon.colcon_core.package_discovery:discover_packages(path) using defaults
[0.558s] Level 1:colcon.colcon_core.package_discovery:discover_packages(prefix_path) check parameters
[0.558s] Level 1:colcon.colcon_core.package_discovery:discover_packages(prefix_path) discover
[0.562s] DEBUG:colcon.colcon_installed_package_information.package_discovery:Found 2 installed packages in /home/salman/Ros2_Workspace/install
[0.564s] DEBUG:colcon.colcon_installed_package_information.package_discovery:Found 319 installed packages in /opt/ros/humble
[0.588s] Level 1:colcon.colcon_core.package_discovery:discover_packages(prefix_path) using defaults
[0.652s] Level 5:colcon.colcon_core.verb:set package 'CRX-10iA_L_description' build argument 'cmake_args' from command line to 'None'
[0.652s] Level 5:colcon.colcon_core.verb:set package 'CRX-10iA_L_description' build argument 'cmake_target' from command line to 'None'
[0.653s] Level 5:colcon.colcon_core.verb:set package 'CRX-10iA_L_description' build argument 'cmake_target_skip_unavailable' from command line to 'False'
[0.653s] Level 5:colcon.colcon_core.verb:set package 'CRX-10iA_L_description' build argument 'cmake_clean_cache' from command line to 'False'
[0.653s] Level 5:colcon.colcon_core.verb:set package 'CRX-10iA_L_description' build argument 'cmake_clean_first' from command line to 'False'
[0.653s] Level 5:colcon.colcon_core.verb:set package 'CRX-10iA_L_description' build argument 'cmake_force_configure' from command line to 'False'
[0.653s] Level 5:colcon.colcon_core.verb:set package 'CRX-10iA_L_description' build argument 'ament_cmake_args' from command line to 'None'
[0.653s] Level 5:colcon.colcon_core.verb:set package 'CRX-10iA_L_description' build argument 'catkin_cmake_args' from command line to 'None'
[0.653s] Level 5:colcon.colcon_core.verb:set package 'CRX-10iA_L_description' build argument 'catkin_skip_building_tests' from command line to 'False'
[0.653s] DEBUG:colcon.colcon_core.verb:Building package 'CRX-10iA_L_description' with the following arguments: {'ament_cmake_args': None, 'build_base': '/home/salman/Ros2_Workspace/build/CRX-10iA_L_description', 'catkin_cmake_args': None, 'catkin_skip_building_tests': False, 'cmake_args': None, 'cmake_clean_cache': False, 'cmake_clean_first': False, 'cmake_force_configure': False, 'cmake_target': None, 'cmake_target_skip_unavailable': False, 'install_base': '/home/salman/Ros2_Workspace/install/CRX-10iA_L_description', 'merge_install': False, 'path': '/home/salman/Ros2_Workspace/src/CRX-10iA_L_description', 'symlink_install': False, 'test_result_base': None}
[0.653s] Level 5:colcon.colcon_core.verb:set package 'robot_control' build argument 'cmake_args' from command line to 'None'
[0.653s] Level 5:colcon.colcon_core.verb:set package 'robot_control' build argument 'cmake_target' from command line to 'None'
[0.653s] Level 5:colcon.colcon_core.verb:set package 'robot_control' build argument 'cmake_target_skip_unavailable' from command line to 'False'
[0.653s] Level 5:colcon.colcon_core.verb:set package 'robot_control' build argument 'cmake_clean_cache' from command line to 'False'
[0.653s] Level 5:colcon.colcon_core.verb:set package 'robot_control' build argument 'cmake_clean_first' from command line to 'False'
[0.653s] Level 5:colcon.colcon_core.verb:set package 'robot_control' build argument 'cmake_force_configure' from command line to 'False'
[0.653s] Level 5:colcon.colcon_core.verb:set package 'robot_control' build argument 'ament_cmake_args' from command line to 'None'
[0.653s] Level 5:colcon.colcon_core.verb:set package 'robot_control' build argument 'catkin_cmake_args' from command line to 'None'
[0.653s] Level 5:colcon.colcon_core.verb:set package 'robot_control' build argument 'catkin_skip_building_tests' from command line to 'False'
[0.653s] DEBUG:colcon.colcon_core.verb:Building package 'robot_control' with the following arguments: {'ament_cmake_args': None, 'build_base': '/home/salman/Ros2_Workspace/build/robot_control', 'catkin_cmake_args': None, 'catkin_skip_building_tests': False, 'cmake_args': None, 'cmake_clean_cache': False, 'cmake_clean_first': False, 'cmake_force_configure': False, 'cmake_target': None, 'cmake_target_skip_unavailable': False, 'install_base': '/home/salman/Ros2_Workspace/install/robot_control', 'merge_install': False, 'path': '/home/salman/Ros2_Workspace/src/robot_control', 'symlink_install': False, 'test_result_base': None}
[0.654s] INFO:colcon.colcon_core.executor:Executing jobs using 'parallel' executor
[0.655s] DEBUG:colcon.colcon_parallel_executor.executor.parallel:run_until_complete
[0.655s] INFO:colcon.colcon_ros.task.ament_python.build:Building ROS package in '/home/salman/Ros2_Workspace/src/CRX-10iA_L_description' with build type 'ament_python'
[0.655s] Level 1:colcon.colcon_core.shell:create_environment_hook('CRX-10iA_L_description', 'ament_prefix_path')
[0.658s] INFO:colcon.colcon_core.plugin_system:Skipping extension 'colcon_core.shell.bat': Not used on non-Windows systems
[0.658s] INFO:colcon.colcon_core.shell:Creating environment hook '/home/salman/Ros2_Workspace/install/CRX-10iA_L_description/share/CRX-10iA_L_description/hook/ament_prefix_path.ps1'
[0.659s] INFO:colcon.colcon_core.shell:Creating environment descriptor '/home/salman/Ros2_Workspace/install/CRX-10iA_L_description/share/CRX-10iA_L_description/hook/ament_prefix_path.dsv'
[0.660s] INFO:colcon.colcon_core.shell:Creating environment hook '/home/salman/Ros2_Workspace/install/CRX-10iA_L_description/share/CRX-10iA_L_description/hook/ament_prefix_path.sh'
[0.661s] INFO:colcon.colcon_core.shell:Skip shell extension 'powershell' for command environment: Not usable outside of PowerShell
[0.661s] DEBUG:colcon.colcon_core.shell:Skip shell extension 'dsv' for command environment
[0.665s] INFO:colcon.colcon_ros.task.ament_cmake.build:Building ROS package in '/home/salman/Ros2_Workspace/src/robot_control' with build type 'ament_cmake'
[0.665s] INFO:colcon.colcon_cmake.task.cmake.build:Building CMake package in '/home/salman/Ros2_Workspace/src/robot_control'
[0.665s] INFO:colcon.colcon_core.shell:Skip shell extension 'powershell' for command environment: Not usable outside of PowerShell
[0.665s] DEBUG:colcon.colcon_core.shell:Skip shell extension 'dsv' for command environment
[1.221s] INFO:colcon.colcon_core.task.python.build:Building Python package in '/home/salman/Ros2_Workspace/src/CRX-10iA_L_description'
[1.222s] INFO:colcon.colcon_core.shell:Skip shell extension 'powershell' for command environment: Not usable outside of PowerShell
[1.222s] DEBUG:colcon.colcon_core.shell:Skip shell extension 'dsv' for command environment
[1.245s] DEBUG:colcon.colcon_core.event_handler.log_command:Invoking command in '/home/salman/Ros2_Workspace/build/robot_control': CMAKE_PREFIX_PATH=${CMAKE_PREFIX_PATH}:/home/salman/Ros2_Workspace/install/CRX-10iA_L_description:/opt/ros/humble /usr/bin/cmake --build /home/salman/Ros2_Workspace/build/robot_control -- -j4 -l4
[1.440s] DEBUG:colcon.colcon_core.event_handler.log_command:Invoked command in '/home/salman/Ros2_Workspace/build/robot_control' returned '0': CMAKE_PREFIX_PATH=${CMAKE_PREFIX_PATH}:/home/salman/Ros2_Workspace/install/CRX-10iA_L_description:/opt/ros/humble /usr/bin/cmake --build /home/salman/Ros2_Workspace/build/robot_control -- -j4 -l4
[1.513s] DEBUG:colcon.colcon_core.event_handler.log_command:Invoking command in '/home/salman/Ros2_Workspace/build/robot_control': CMAKE_PREFIX_PATH=${CMAKE_PREFIX_PATH}:/home/salman/Ros2_Workspace/install/CRX-10iA_L_description:/opt/ros/humble /usr/bin/cmake --install /home/salman/Ros2_Workspace/build/robot_control
[1.537s] Level 1:colcon.colcon_core.environment:create_environment_scripts_only(robot_control)
[1.540s] DEBUG:colcon.colcon_core.event_handler.log_command:Invoked command in '/home/salman/Ros2_Workspace/build/robot_control' returned '0': CMAKE_PREFIX_PATH=${CMAKE_PREFIX_PATH}:/home/salman/Ros2_Workspace/install/CRX-10iA_L_description:/opt/ros/humble /usr/bin/cmake --install /home/salman/Ros2_Workspace/build/robot_control
[1.542s] Level 1:colcon.colcon_core.environment:checking '/home/salman/Ros2_Workspace/install/robot_control' for CMake module files
[1.543s] Level 1:colcon.colcon_core.environment:checking '/home/salman/Ros2_Workspace/install/robot_control' for CMake config files
[1.544s] Level 1:colcon.colcon_core.shell:create_environment_hook('robot_control', 'cmake_prefix_path')
[1.544s] INFO:colcon.colcon_core.shell:Creating environment hook '/home/salman/Ros2_Workspace/install/robot_control/share/robot_control/hook/cmake_prefix_path.ps1'
[1.546s] INFO:colcon.colcon_core.shell:Creating environment descriptor '/home/salman/Ros2_Workspace/install/robot_control/share/robot_control/hook/cmake_prefix_path.dsv'
[1.547s] INFO:colcon.colcon_core.shell:Creating environment hook '/home/salman/Ros2_Workspace/install/robot_control/share/robot_control/hook/cmake_prefix_path.sh'
[1.549s] Level 1:colcon.colcon_core.environment:checking '/home/salman/Ros2_Workspace/install/robot_control/lib'
[1.549s] Level 1:colcon.colcon_core.environment:checking '/home/salman/Ros2_Workspace/install/robot_control/bin'
[1.549s] Level 1:colcon.colcon_core.environment:checking '/home/salman/Ros2_Workspace/install/robot_control/lib/pkgconfig/robot_control.pc'
[1.550s] Level 1:colcon.colcon_core.environment:checking '/home/salman/Ros2_Workspace/install/robot_control/lib/python3.10/site-packages'
[1.550s] Level 1:colcon.colcon_core.environment:checking '/home/salman/Ros2_Workspace/install/robot_control/bin'
[1.551s] INFO:colcon.colcon_core.shell:Creating package script '/home/salman/Ros2_Workspace/install/robot_control/share/robot_control/package.ps1'
[1.552s] INFO:colcon.colcon_core.shell:Creating package descriptor '/home/salman/Ros2_Workspace/install/robot_control/share/robot_control/package.dsv'
[1.554s] INFO:colcon.colcon_core.shell:Creating package script '/home/salman/Ros2_Workspace/install/robot_control/share/robot_control/package.sh'
[1.555s] INFO:colcon.colcon_core.shell:Creating package script '/home/salman/Ros2_Workspace/install/robot_control/share/robot_control/package.bash'
[1.556s] INFO:colcon.colcon_core.shell:Creating package script '/home/salman/Ros2_Workspace/install/robot_control/share/robot_control/package.zsh'
[1.556s] Level 1:colcon.colcon_core.environment:create_file_with_runtime_dependencies(/home/salman/Ros2_Workspace/install/robot_control/share/colcon-core/packages/robot_control)
[1.628s] Level 1:colcon.colcon_core.environment:create_environment_scripts_only(robot_control)
[1.629s] Level 1:colcon.colcon_core.environment:checking '/home/salman/Ros2_Workspace/install/robot_control' for CMake module files
[1.629s] Level 1:colcon.colcon_core.environment:checking '/home/salman/Ros2_Workspace/install/robot_control' for CMake config files
[1.630s] Level 1:colcon.colcon_core.shell:create_environment_hook('robot_control', 'cmake_prefix_path')
[1.630s] INFO:colcon.colcon_core.shell:Creating environment hook '/home/salman/Ros2_Workspace/install/robot_control/share/robot_control/hook/cmake_prefix_path.ps1'
[1.631s] INFO:colcon.colcon_core.shell:Creating environment descriptor '/home/salman/Ros2_Workspace/install/robot_control/share/robot_control/hook/cmake_prefix_path.dsv'
[1.631s] INFO:colcon.colcon_core.shell:Creating environment hook '/home/salman/Ros2_Workspace/install/robot_control/share/robot_control/hook/cmake_prefix_path.sh'
[1.632s] Level 1:colcon.colcon_core.environment:checking '/home/salman/Ros2_Workspace/install/robot_control/lib'
[1.632s] Level 1:colcon.colcon_core.environment:checking '/home/salman/Ros2_Workspace/install/robot_control/bin'
[1.632s] Level 1:colcon.colcon_core.environment:checking '/home/salman/Ros2_Workspace/install/robot_control/lib/pkgconfig/robot_control.pc'
[1.632s] Level 1:colcon.colcon_core.environment:checking '/home/salman/Ros2_Workspace/install/robot_control/lib/python3.10/site-packages'
[1.633s] Level 1:colcon.colcon_core.environment:checking '/home/salman/Ros2_Workspace/install/robot_control/bin'
[1.633s] INFO:colcon.colcon_core.shell:Creating package script '/home/salman/Ros2_Workspace/install/robot_control/share/robot_control/package.ps1'
[1.635s] INFO:colcon.colcon_core.shell:Creating package descriptor '/home/salman/Ros2_Workspace/install/robot_control/share/robot_control/package.dsv'
[1.638s] INFO:colcon.colcon_core.shell:Creating package script '/home/salman/Ros2_Workspace/install/robot_control/share/robot_control/package.sh'
[1.640s] INFO:colcon.colcon_core.shell:Creating package script '/home/salman/Ros2_Workspace/install/robot_control/share/robot_control/package.bash'
[1.641s] INFO:colcon.colcon_core.shell:Creating package script '/home/salman/Ros2_Workspace/install/robot_control/share/robot_control/package.zsh'
[1.642s] Level 1:colcon.colcon_core.environment:create_file_with_runtime_dependencies(/home/salman/Ros2_Workspace/install/robot_control/share/colcon-core/packages/robot_control)
[2.003s] DEBUG:colcon.colcon_core.event_handler.log_command:Invoking command in '/home/salman/Ros2_Workspace/src/CRX-10iA_L_description': PYTHONPATH=/home/salman/Ros2_Workspace/build/CRX-10iA_L_description/prefix_override:/usr/lib/python3/dist-packages/colcon_core/task/python/colcon_distutils_commands:/home/salman/Ros2_Workspace/install/CRX-10iA_L_description/lib/python3.10/site-packages:${PYTHONPATH} /usr/bin/python3 -W ignore:setup.py install is deprecated setup.py egg_info --egg-base ../../build/CRX-10iA_L_description build --build-base /home/salman/Ros2_Workspace/build/CRX-10iA_L_description/build install --record /home/salman/Ros2_Workspace/build/CRX-10iA_L_description/install.log --install-scripts $base/lib/CRX-10iA_L_description --single-version-externally-managed install_data
[2.435s] Level 1:colcon.colcon_core.environment:checking '/home/salman/Ros2_Workspace/install/CRX-10iA_L_description' for CMake module files
[2.436s] DEBUG:colcon.colcon_core.event_handler.log_command:Invoked command in '/home/salman/Ros2_Workspace/src/CRX-10iA_L_description' returned '0': PYTHONPATH=/home/salman/Ros2_Workspace/build/CRX-10iA_L_description/prefix_override:/usr/lib/python3/dist-packages/colcon_core/task/python/colcon_distutils_commands:/home/salman/Ros2_Workspace/install/CRX-10iA_L_description/lib/python3.10/site-packages:${PYTHONPATH} /usr/bin/python3 -W ignore:setup.py install is deprecated setup.py egg_info --egg-base ../../build/CRX-10iA_L_description build --build-base /home/salman/Ros2_Workspace/build/CRX-10iA_L_description/build install --record /home/salman/Ros2_Workspace/build/CRX-10iA_L_description/install.log --install-scripts $base/lib/CRX-10iA_L_description --single-version-externally-managed install_data
[2.436s] Level 1:colcon.colcon_core.environment:checking '/home/salman/Ros2_Workspace/install/CRX-10iA_L_description' for CMake config files
[2.437s] Level 1:colcon.colcon_core.environment:checking '/home/salman/Ros2_Workspace/install/CRX-10iA_L_description/lib'
[2.437s] Level 1:colcon.colcon_core.environment:checking '/home/salman/Ros2_Workspace/install/CRX-10iA_L_description/bin'
[2.437s] Level 1:colcon.colcon_core.environment:checking '/home/salman/Ros2_Workspace/install/CRX-10iA_L_description/lib/pkgconfig/CRX-10iA_L_description.pc'
[2.437s] Level 1:colcon.colcon_core.environment:checking '/home/salman/Ros2_Workspace/install/CRX-10iA_L_description/lib/python3.10/site-packages'
[2.438s] Level 1:colcon.colcon_core.shell:create_environment_hook('CRX-10iA_L_description', 'pythonpath')
[2.438s] INFO:colcon.colcon_core.shell:Creating environment hook '/home/salman/Ros2_Workspace/install/CRX-10iA_L_description/share/CRX-10iA_L_description/hook/pythonpath.ps1'
[2.438s] INFO:colcon.colcon_core.shell:Creating environment descriptor '/home/salman/Ros2_Workspace/install/CRX-10iA_L_description/share/CRX-10iA_L_description/hook/pythonpath.dsv'
[2.439s] INFO:colcon.colcon_core.shell:Creating environment hook '/home/salman/Ros2_Workspace/install/CRX-10iA_L_description/share/CRX-10iA_L_description/hook/pythonpath.sh'
[2.440s] Level 1:colcon.colcon_core.environment:checking '/home/salman/Ros2_Workspace/install/CRX-10iA_L_description/bin'
[2.440s] Level 1:colcon.colcon_core.environment:create_environment_scripts_only(CRX-10iA_L_description)
[2.441s] INFO:colcon.colcon_core.shell:Creating package script '/home/salman/Ros2_Workspace/install/CRX-10iA_L_description/share/CRX-10iA_L_description/package.ps1'
[2.442s] INFO:colcon.colcon_core.shell:Creating package descriptor '/home/salman/Ros2_Workspace/install/CRX-10iA_L_description/share/CRX-10iA_L_description/package.dsv'
[2.442s] INFO:colcon.colcon_core.shell:Creating package script '/home/salman/Ros2_Workspace/install/CRX-10iA_L_description/share/CRX-10iA_L_description/package.sh'
[2.443s] INFO:colcon.colcon_core.shell:Creating package script '/home/salman/Ros2_Workspace/install/CRX-10iA_L_description/share/CRX-10iA_L_description/package.bash'
[2.443s] INFO:colcon.colcon_core.shell:Creating package script '/home/salman/Ros2_Workspace/install/CRX-10iA_L_description/share/CRX-10iA_L_description/package.zsh'
[2.444s] Level 1:colcon.colcon_core.environment:create_file_with_runtime_dependencies(/home/salman/Ros2_Workspace/install/CRX-10iA_L_description/share/colcon-core/packages/CRX-10iA_L_description)
[2.445s] DEBUG:colcon.colcon_parallel_executor.executor.parallel:closing loop
[2.445s] DEBUG:colcon.colcon_parallel_executor.executor.parallel:loop closed
[2.445s] DEBUG:colcon.colcon_parallel_executor.executor.parallel:run_until_complete finished with '0'
[2.445s] DEBUG:colcon.colcon_core.event_reactor:joining thread
[2.454s] INFO:colcon.colcon_core.plugin_system:Skipping extension 'colcon_notification.desktop_notification.terminal_notifier': Not used on non-Darwin systems
[2.454s] INFO:colcon.colcon_core.plugin_system:Skipping extension 'colcon_notification.desktop_notification.win32': Not used on non-Windows systems
[2.454s] INFO:colcon.colcon_notification.desktop_notification:Sending desktop notification using 'notify2'
[2.511s] DEBUG:colcon.colcon_core.event_reactor:joined thread
[2.511s] INFO:colcon.colcon_core.shell:Creating prefix script '/home/salman/Ros2_Workspace/install/local_setup.ps1'
[2.514s] INFO:colcon.colcon_core.shell:Creating prefix util module '/home/salman/Ros2_Workspace/install/_local_setup_util_ps1.py'
[2.520s] INFO:colcon.colcon_core.shell:Creating prefix chain script '/home/salman/Ros2_Workspace/install/setup.ps1'
[2.524s] INFO:colcon.colcon_core.shell:Creating prefix script '/home/salman/Ros2_Workspace/install/local_setup.sh'
[2.526s] INFO:colcon.colcon_core.shell:Creating prefix util module '/home/salman/Ros2_Workspace/install/_local_setup_util_sh.py'
[2.529s] INFO:colcon.colcon_core.shell:Creating prefix chain script '/home/salman/Ros2_Workspace/install/setup.sh'
[2.533s] INFO:colcon.colcon_core.shell:Creating prefix script '/home/salman/Ros2_Workspace/install/local_setup.bash'
[2.536s] INFO:colcon.colcon_core.shell:Creating prefix chain script '/home/salman/Ros2_Workspace/install/setup.bash'
[2.542s] INFO:colcon.colcon_core.shell:Creating prefix script '/home/salman/Ros2_Workspace/install/local_setup.zsh'
[2.544s] INFO:colcon.colcon_core.shell:Creating prefix chain script '/home/salman/Ros2_Workspace/install/setup.zsh'
