[0.752s] DEBUG:colcon:Command line arguments: ['/usr/bin/colcon', 'build']
[0.752s] DEBUG:colcon:Parsed command line arguments: Namespace(log_base=None, log_level=None, verb_name='build', build_base='build', install_base='install', merge_install=False, symlink_install=False, test_result_base=None, continue_on_error=False, executor='parallel', parallel_workers=4, event_handlers=None, ignore_user_meta=False, metas=['./colcon.meta'], base_paths=['.'], packages_ignore=None, packages_ignore_regex=None, paths=None, packages_up_to=None, packages_up_to_regex=None, packages_above=None, packages_above_and_dependencies=None, packages_above_depth=None, packages_select_by_dep=None, packages_skip_by_dep=None, packages_skip_up_to=None, packages_select_build_failed=False, packages_skip_build_finished=False, packages_select_test_failures=False, packages_skip_test_passed=False, packages_select=None, packages_skip=None, packages_select_regex=None, packages_skip_regex=None, packages_start=None, packages_end=None, allow_overriding=[], cmake_args=None, cmake_target=None, cmake_target_skip_unavailable=False, cmake_clean_cache=False, cmake_clean_first=False, cmake_force_configure=False, ament_cmake_args=None, catkin_cmake_args=None, catkin_skip_building_tests=False, mixin_files=None, mixin=None, verb_parser=<colcon_mixin.mixin.mixin_argument.MixinArgumentDecorator object at 0x7630032421d0>, verb_extension=<colcon_core.verb.build.BuildVerb object at 0x763003241c60>, main=<bound method BuildVerb.main of <colcon_core.verb.build.BuildVerb object at 0x763003241c60>>, mixin_verb=('build',))
[2.707s] Level 1:colcon.colcon_core.package_discovery:discover_packages(colcon_meta) check parameters
[2.707s] Level 1:colcon.colcon_core.package_discovery:discover_packages(recursive) check parameters
[2.708s] Level 1:colcon.colcon_core.package_discovery:discover_packages(ignore) check parameters
[2.708s] Level 1:colcon.colcon_core.package_discovery:discover_packages(path) check parameters
[2.708s] Level 1:colcon.colcon_core.package_discovery:discover_packages(colcon_meta) discover
[2.708s] Level 1:colcon.colcon_core.package_discovery:discover_packages(recursive) discover
[2.709s] INFO:colcon.colcon_core.package_discovery:Crawling recursively for packages in '/home/salman/Ros2_Workspace'
[2.709s] Level 1:colcon.colcon_core.package_identification:_identify(.) by extensions ['ignore', 'ignore_ament_install']
[2.710s] Level 1:colcon.colcon_core.package_identification:_identify(.) by extension 'ignore'
[2.710s] Level 1:colcon.colcon_core.package_identification:_identify(.) by extension 'ignore_ament_install'
[2.711s] Level 1:colcon.colcon_core.package_identification:_identify(.) by extensions ['colcon_pkg']
[2.711s] Level 1:colcon.colcon_core.package_identification:_identify(.) by extension 'colcon_pkg'
[2.711s] Level 1:colcon.colcon_core.package_identification:_identify(.) by extensions ['colcon_meta']
[2.711s] Level 1:colcon.colcon_core.package_identification:_identify(.) by extension 'colcon_meta'
[2.711s] Level 1:colcon.colcon_core.package_identification:_identify(.) by extensions ['ros']
[2.712s] Level 1:colcon.colcon_core.package_identification:_identify(.) by extension 'ros'
[2.778s] Level 1:colcon.colcon_core.package_identification:_identify(.) by extensions ['cmake', 'python']
[2.779s] Level 1:colcon.colcon_core.package_identification:_identify(.) by extension 'cmake'
[2.780s] Level 1:colcon.colcon_core.package_identification:_identify(.) by extension 'python'
[2.781s] Level 1:colcon.colcon_core.package_identification:_identify(.) by extensions ['python_setup_py']
[2.781s] Level 1:colcon.colcon_core.package_identification:_identify(.) by extension 'python_setup_py'
[2.782s] Level 1:colcon.colcon_core.package_identification:_identify(build) by extensions ['ignore', 'ignore_ament_install']
[2.784s] Level 1:colcon.colcon_core.package_identification:_identify(build) by extension 'ignore'
[2.784s] Level 1:colcon.colcon_core.package_identification:_identify(build) ignored
[2.786s] Level 1:colcon.colcon_core.package_identification:_identify(install) by extensions ['ignore', 'ignore_ament_install']
[2.787s] Level 1:colcon.colcon_core.package_identification:_identify(install) by extension 'ignore'
[2.788s] Level 1:colcon.colcon_core.package_identification:_identify(install) ignored
[2.789s] Level 1:colcon.colcon_core.package_identification:_identify(log) by extensions ['ignore', 'ignore_ament_install']
[2.790s] Level 1:colcon.colcon_core.package_identification:_identify(log) by extension 'ignore'
[2.791s] Level 1:colcon.colcon_core.package_identification:_identify(log) ignored
[2.791s] Level 1:colcon.colcon_core.package_identification:_identify(src) by extensions ['ignore', 'ignore_ament_install']
[2.791s] Level 1:colcon.colcon_core.package_identification:_identify(src) by extension 'ignore'
[2.792s] Level 1:colcon.colcon_core.package_identification:_identify(src) by extension 'ignore_ament_install'
[2.797s] Level 1:colcon.colcon_core.package_identification:_identify(src) by extensions ['colcon_pkg']
[2.798s] Level 1:colcon.colcon_core.package_identification:_identify(src) by extension 'colcon_pkg'
[2.798s] Level 1:colcon.colcon_core.package_identification:_identify(src) by extensions ['colcon_meta']
[2.798s] Level 1:colcon.colcon_core.package_identification:_identify(src) by extension 'colcon_meta'
[2.798s] Level 1:colcon.colcon_core.package_identification:_identify(src) by extensions ['ros']
[2.798s] Level 1:colcon.colcon_core.package_identification:_identify(src) by extension 'ros'
[2.799s] Level 1:colcon.colcon_core.package_identification:_identify(src) by extensions ['cmake', 'python']
[2.799s] Level 1:colcon.colcon_core.package_identification:_identify(src) by extension 'cmake'
[2.799s] Level 1:colcon.colcon_core.package_identification:_identify(src) by extension 'python'
[2.799s] Level 1:colcon.colcon_core.package_identification:_identify(src) by extensions ['python_setup_py']
[2.800s] Level 1:colcon.colcon_core.package_identification:_identify(src) by extension 'python_setup_py'
[2.800s] Level 1:colcon.colcon_core.package_identification:_identify(src/CRX-10iA_L_description) by extensions ['ignore', 'ignore_ament_install']
[2.801s] Level 1:colcon.colcon_core.package_identification:_identify(src/CRX-10iA_L_description) by extension 'ignore'
[2.801s] Level 1:colcon.colcon_core.package_identification:_identify(src/CRX-10iA_L_description) by extension 'ignore_ament_install'
[2.801s] Level 1:colcon.colcon_core.package_identification:_identify(src/CRX-10iA_L_description) by extensions ['colcon_pkg']
[2.801s] Level 1:colcon.colcon_core.package_identification:_identify(src/CRX-10iA_L_description) by extension 'colcon_pkg'
[2.801s] Level 1:colcon.colcon_core.package_identification:_identify(src/CRX-10iA_L_description) by extensions ['colcon_meta']
[2.802s] Level 1:colcon.colcon_core.package_identification:_identify(src/CRX-10iA_L_description) by extension 'colcon_meta'
[2.802s] Level 1:colcon.colcon_core.package_identification:_identify(src/CRX-10iA_L_description) by extensions ['ros']
[2.802s] Level 1:colcon.colcon_core.package_identification:_identify(src/CRX-10iA_L_description) by extension 'ros'
[2.813s] DEBUG:colcon.colcon_core.package_identification:Package 'src/CRX-10iA_L_description' with type 'ros.ament_python' and name 'CRX-10iA_L_description'
[2.814s] Level 1:colcon.colcon_core.package_identification:_identify(src/robot_control) by extensions ['ignore', 'ignore_ament_install']
[2.814s] Level 1:colcon.colcon_core.package_identification:_identify(src/robot_control) by extension 'ignore'
[2.814s] Level 1:colcon.colcon_core.package_identification:_identify(src/robot_control) by extension 'ignore_ament_install'
[2.814s] Level 1:colcon.colcon_core.package_identification:_identify(src/robot_control) by extensions ['colcon_pkg']
[2.815s] Level 1:colcon.colcon_core.package_identification:_identify(src/robot_control) by extension 'colcon_pkg'
[2.815s] Level 1:colcon.colcon_core.package_identification:_identify(src/robot_control) by extensions ['colcon_meta']
[2.815s] Level 1:colcon.colcon_core.package_identification:_identify(src/robot_control) by extension 'colcon_meta'
[2.815s] Level 1:colcon.colcon_core.package_identification:_identify(src/robot_control) by extensions ['ros']
[2.815s] Level 1:colcon.colcon_core.package_identification:_identify(src/robot_control) by extension 'ros'
[2.822s] DEBUG:colcon.colcon_core.package_identification:Found ROS schema reference in package manifest in 'src/robot_control'
[2.823s] WARNING:colcon.colcon_core.package_identification:Failed to parse ROS package manifest in 'src/robot_control': Error(s) in package 'src/robot_control/package.xml':
Error(s):
- The generic dependency on 'gazebo_ros' is redundant with: build_depend, build_export_depend, exec_depend
[2.823s] Level 1:colcon.colcon_core.package_identification:_identify(src/robot_control) by extensions ['cmake', 'python']
[2.823s] Level 1:colcon.colcon_core.package_identification:_identify(src/robot_control) by extension 'cmake'
[2.833s] Level 1:colcon.colcon_core.package_identification:_identify(src/robot_control) by extension 'python'
[2.833s] DEBUG:colcon.colcon_core.package_identification:Package 'src/robot_control' with type 'cmake' and name 'robot_control'
[2.833s] Level 1:colcon.colcon_core.package_discovery:discover_packages(recursive) using defaults
[2.834s] Level 1:colcon.colcon_core.package_discovery:discover_packages(ignore) discover
[2.834s] Level 1:colcon.colcon_core.package_discovery:discover_packages(ignore) using defaults
[2.834s] Level 1:colcon.colcon_core.package_discovery:discover_packages(path) discover
[2.834s] Level 1:colcon.colcon_core.package_discovery:discover_packages(path) using defaults
[3.061s] Level 1:colcon.colcon_core.package_discovery:discover_packages(prefix_path) check parameters
[3.061s] Level 1:colcon.colcon_core.package_discovery:discover_packages(prefix_path) discover
[3.172s] DEBUG:colcon.colcon_installed_package_information.package_discovery:Found 7 installed packages in /home/salman/ros2_ws/install
[3.197s] DEBUG:colcon.colcon_installed_package_information.package_discovery:Found 3 installed packages in /home/salman/Ros2_Workspace/install
[3.214s] DEBUG:colcon.colcon_installed_package_information.package_discovery:Found 357 installed packages in /opt/ros/humble
[3.262s] Level 1:colcon.colcon_core.package_discovery:discover_packages(prefix_path) using defaults
[4.453s] Level 5:colcon.colcon_core.verb:set package 'CRX-10iA_L_description' build argument 'cmake_args' from command line to 'None'
[4.454s] Level 5:colcon.colcon_core.verb:set package 'CRX-10iA_L_description' build argument 'cmake_target' from command line to 'None'
[4.454s] Level 5:colcon.colcon_core.verb:set package 'CRX-10iA_L_description' build argument 'cmake_target_skip_unavailable' from command line to 'False'
[4.454s] Level 5:colcon.colcon_core.verb:set package 'CRX-10iA_L_description' build argument 'cmake_clean_cache' from command line to 'False'
[4.454s] Level 5:colcon.colcon_core.verb:set package 'CRX-10iA_L_description' build argument 'cmake_clean_first' from command line to 'False'
[4.454s] Level 5:colcon.colcon_core.verb:set package 'CRX-10iA_L_description' build argument 'cmake_force_configure' from command line to 'False'
[4.454s] Level 5:colcon.colcon_core.verb:set package 'CRX-10iA_L_description' build argument 'ament_cmake_args' from command line to 'None'
[4.454s] Level 5:colcon.colcon_core.verb:set package 'CRX-10iA_L_description' build argument 'catkin_cmake_args' from command line to 'None'
[4.454s] Level 5:colcon.colcon_core.verb:set package 'CRX-10iA_L_description' build argument 'catkin_skip_building_tests' from command line to 'False'
[4.455s] DEBUG:colcon.colcon_core.verb:Building package 'CRX-10iA_L_description' with the following arguments: {'ament_cmake_args': None, 'build_base': '/home/salman/Ros2_Workspace/build/CRX-10iA_L_description', 'catkin_cmake_args': None, 'catkin_skip_building_tests': False, 'cmake_args': None, 'cmake_clean_cache': False, 'cmake_clean_first': False, 'cmake_force_configure': False, 'cmake_target': None, 'cmake_target_skip_unavailable': False, 'install_base': '/home/salman/Ros2_Workspace/install/CRX-10iA_L_description', 'merge_install': False, 'path': '/home/salman/Ros2_Workspace/src/CRX-10iA_L_description', 'symlink_install': False, 'test_result_base': None}
[4.456s] Level 5:colcon.colcon_core.verb:set package 'robot_control' build argument 'cmake_args' from command line to 'None'
[4.456s] Level 5:colcon.colcon_core.verb:set package 'robot_control' build argument 'cmake_target' from command line to 'None'
[4.456s] Level 5:colcon.colcon_core.verb:set package 'robot_control' build argument 'cmake_target_skip_unavailable' from command line to 'False'
[4.456s] Level 5:colcon.colcon_core.verb:set package 'robot_control' build argument 'cmake_clean_cache' from command line to 'False'
[4.457s] Level 5:colcon.colcon_core.verb:set package 'robot_control' build argument 'cmake_clean_first' from command line to 'False'
[4.457s] Level 5:colcon.colcon_core.verb:set package 'robot_control' build argument 'cmake_force_configure' from command line to 'False'
[4.457s] Level 5:colcon.colcon_core.verb:set package 'robot_control' build argument 'ament_cmake_args' from command line to 'None'
[4.457s] Level 5:colcon.colcon_core.verb:set package 'robot_control' build argument 'catkin_cmake_args' from command line to 'None'
[4.457s] Level 5:colcon.colcon_core.verb:set package 'robot_control' build argument 'catkin_skip_building_tests' from command line to 'False'
[4.457s] DEBUG:colcon.colcon_core.verb:Building package 'robot_control' with the following arguments: {'ament_cmake_args': None, 'build_base': '/home/salman/Ros2_Workspace/build/robot_control', 'catkin_cmake_args': None, 'catkin_skip_building_tests': False, 'cmake_args': None, 'cmake_clean_cache': False, 'cmake_clean_first': False, 'cmake_force_configure': False, 'cmake_target': None, 'cmake_target_skip_unavailable': False, 'install_base': '/home/salman/Ros2_Workspace/install/robot_control', 'merge_install': False, 'path': '/home/salman/Ros2_Workspace/src/robot_control', 'symlink_install': False, 'test_result_base': None}
[4.458s] INFO:colcon.colcon_core.executor:Executing jobs using 'parallel' executor
[4.462s] DEBUG:colcon.colcon_parallel_executor.executor.parallel:run_until_complete
[4.463s] INFO:colcon.colcon_ros.task.ament_python.build:Building ROS package in '/home/salman/Ros2_Workspace/src/CRX-10iA_L_description' with build type 'ament_python'
[4.464s] Level 1:colcon.colcon_core.shell:create_environment_hook('CRX-10iA_L_description', 'ament_prefix_path')
[4.540s] INFO:colcon.colcon_core.plugin_system:Skipping extension 'colcon_core.shell.bat': Not used on non-Windows systems
[4.541s] INFO:colcon.colcon_core.shell:Creating environment hook '/home/salman/Ros2_Workspace/install/CRX-10iA_L_description/share/CRX-10iA_L_description/hook/ament_prefix_path.ps1'
[4.562s] INFO:colcon.colcon_core.shell:Creating environment descriptor '/home/salman/Ros2_Workspace/install/CRX-10iA_L_description/share/CRX-10iA_L_description/hook/ament_prefix_path.dsv'
[4.570s] INFO:colcon.colcon_core.shell:Creating environment hook '/home/salman/Ros2_Workspace/install/CRX-10iA_L_description/share/CRX-10iA_L_description/hook/ament_prefix_path.sh'
[4.581s] INFO:colcon.colcon_core.shell:Skip shell extension 'powershell' for command environment: Not usable outside of PowerShell
[4.582s] DEBUG:colcon.colcon_core.shell:Skip shell extension 'dsv' for command environment
[4.618s] INFO:colcon.colcon_cmake.task.cmake.build:Building CMake package in '/home/salman/Ros2_Workspace/src/robot_control'
[4.622s] INFO:colcon.colcon_core.shell:Skip shell extension 'powershell' for command environment: Not usable outside of PowerShell
[4.623s] DEBUG:colcon.colcon_core.shell:Skip shell extension 'dsv' for command environment
[6.475s] INFO:colcon.colcon_core.task.python.build:Building Python package in '/home/salman/Ros2_Workspace/src/CRX-10iA_L_description'
[6.477s] INFO:colcon.colcon_core.shell:Skip shell extension 'powershell' for command environment: Not usable outside of PowerShell
[6.477s] DEBUG:colcon.colcon_core.shell:Skip shell extension 'dsv' for command environment
[6.536s] DEBUG:colcon.colcon_core.event_handler.log_command:Invoking command in '/home/salman/Ros2_Workspace/build/robot_control': /usr/bin/cmake --build /home/salman/Ros2_Workspace/build/robot_control -- -j4 -l4
[9.882s] DEBUG:colcon.colcon_core.event_handler.log_command:Invoking command in '/home/salman/Ros2_Workspace/src/CRX-10iA_L_description': PYTHONPATH=/home/salman/Ros2_Workspace/build/CRX-10iA_L_description/prefix_override:/usr/lib/python3/dist-packages/colcon_core/task/python/colcon_distutils_commands:/home/salman/Ros2_Workspace/install/CRX-10iA_L_description/lib/python3.10/site-packages:${PYTHONPATH} /usr/bin/python3 -W ignore:setup.py install is deprecated setup.py egg_info --egg-base ../../build/CRX-10iA_L_description build --build-base /home/salman/Ros2_Workspace/build/CRX-10iA_L_description/build install --record /home/salman/Ros2_Workspace/build/CRX-10iA_L_description/install.log --install-scripts $base/lib/CRX-10iA_L_description --single-version-externally-managed install_data
[11.574s] DEBUG:colcon.colcon_core.event_handler.log_command:Invoked command in '/home/salman/Ros2_Workspace/build/robot_control' returned '2': /usr/bin/cmake --build /home/salman/Ros2_Workspace/build/robot_control -- -j4 -l4
[11.829s] DEBUG:colcon.colcon_parallel_executor.executor.parallel:closing loop
[11.830s] DEBUG:colcon.colcon_parallel_executor.executor.parallel:loop closed
[11.830s] DEBUG:colcon.colcon_parallel_executor.executor.parallel:run_until_complete finished with '2'
[11.830s] DEBUG:colcon.colcon_core.event_reactor:joining thread
[11.906s] INFO:colcon.colcon_core.plugin_system:Skipping extension 'colcon_notification.desktop_notification.terminal_notifier': Not used on non-Darwin systems
[11.906s] INFO:colcon.colcon_core.plugin_system:Skipping extension 'colcon_notification.desktop_notification.win32': Not used on non-Windows systems
[11.907s] INFO:colcon.colcon_notification.desktop_notification:Sending desktop notification using 'notify2'
[12.498s] DEBUG:colcon.colcon_core.event_reactor:joined thread
[12.500s] INFO:colcon.colcon_core.shell:Creating prefix script '/home/salman/Ros2_Workspace/install/local_setup.ps1'
[12.507s] INFO:colcon.colcon_core.shell:Creating prefix util module '/home/salman/Ros2_Workspace/install/_local_setup_util_ps1.py'
[12.524s] INFO:colcon.colcon_core.shell:Creating prefix chain script '/home/salman/Ros2_Workspace/install/setup.ps1'
[12.573s] INFO:colcon.colcon_core.shell:Creating prefix script '/home/salman/Ros2_Workspace/install/local_setup.sh'
[12.580s] INFO:colcon.colcon_core.shell:Creating prefix util module '/home/salman/Ros2_Workspace/install/_local_setup_util_sh.py'
[12.586s] INFO:colcon.colcon_core.shell:Creating prefix chain script '/home/salman/Ros2_Workspace/install/setup.sh'
[12.602s] INFO:colcon.colcon_core.shell:Creating prefix script '/home/salman/Ros2_Workspace/install/local_setup.bash'
[12.609s] INFO:colcon.colcon_core.shell:Creating prefix chain script '/home/salman/Ros2_Workspace/install/setup.bash'
[12.618s] INFO:colcon.colcon_core.shell:Creating prefix script '/home/salman/Ros2_Workspace/install/local_setup.zsh'
[12.625s] INFO:colcon.colcon_core.shell:Creating prefix chain script '/home/salman/Ros2_Workspace/install/setup.zsh'
