[0.233s] DEBUG:colcon:Command line arguments: ['/usr/bin/colcon', 'build']
[0.233s] DEBUG:colcon:Parsed command line arguments: Namespace(log_base=None, log_level=None, verb_name='build', build_base='build', install_base='install', merge_install=False, symlink_install=False, test_result_base=None, continue_on_error=False, executor='parallel', parallel_workers=4, event_handlers=None, ignore_user_meta=False, metas=['./colcon.meta'], base_paths=['.'], packages_ignore=None, packages_ignore_regex=None, paths=None, packages_up_to=None, packages_up_to_regex=None, packages_above=None, packages_above_and_dependencies=None, packages_above_depth=None, packages_select_by_dep=None, packages_skip_by_dep=None, packages_skip_up_to=None, packages_select_build_failed=False, packages_skip_build_finished=False, packages_select_test_failures=False, packages_skip_test_passed=False, packages_select=None, packages_skip=None, packages_select_regex=None, packages_skip_regex=None, packages_start=None, packages_end=None, allow_overriding=[], cmake_args=None, cmake_target=None, cmake_target_skip_unavailable=False, cmake_clean_cache=False, cmake_clean_first=False, cmake_force_configure=False, ament_cmake_args=None, catkin_cmake_args=None, catkin_skip_building_tests=False, mixin_files=None, mixin=None, verb_parser=<colcon_mixin.mixin.mixin_argument.MixinArgumentDecorator object at 0x765a29c42140>, verb_extension=<colcon_core.verb.build.BuildVerb object at 0x765a29c41bd0>, main=<bound method BuildVerb.main of <colcon_core.verb.build.BuildVerb object at 0x765a29c41bd0>>, mixin_verb=('build',))
[0.397s] Level 1:colcon.colcon_core.package_discovery:discover_packages(colcon_meta) check parameters
[0.398s] Level 1:colcon.colcon_core.package_discovery:discover_packages(recursive) check parameters
[0.398s] Level 1:colcon.colcon_core.package_discovery:discover_packages(ignore) check parameters
[0.398s] Level 1:colcon.colcon_core.package_discovery:discover_packages(path) check parameters
[0.398s] Level 1:colcon.colcon_core.package_discovery:discover_packages(colcon_meta) discover
[0.398s] Level 1:colcon.colcon_core.package_discovery:discover_packages(recursive) discover
[0.398s] INFO:colcon.colcon_core.package_discovery:Crawling recursively for packages in '/home/salman/Ros2_Workspace'
[0.398s] Level 1:colcon.colcon_core.package_identification:_identify(.) by extensions ['ignore', 'ignore_ament_install']
[0.398s] Level 1:colcon.colcon_core.package_identification:_identify(.) by extension 'ignore'
[0.398s] Level 1:colcon.colcon_core.package_identification:_identify(.) by extension 'ignore_ament_install'
[0.398s] Level 1:colcon.colcon_core.package_identification:_identify(.) by extensions ['colcon_pkg']
[0.399s] Level 1:colcon.colcon_core.package_identification:_identify(.) by extension 'colcon_pkg'
[0.399s] Level 1:colcon.colcon_core.package_identification:_identify(.) by extensions ['colcon_meta']
[0.399s] Level 1:colcon.colcon_core.package_identification:_identify(.) by extension 'colcon_meta'
[0.399s] Level 1:colcon.colcon_core.package_identification:_identify(.) by extensions ['ros']
[0.399s] Level 1:colcon.colcon_core.package_identification:_identify(.) by extension 'ros'
[0.411s] Level 1:colcon.colcon_core.package_identification:_identify(.) by extensions ['cmake', 'python']
[0.411s] Level 1:colcon.colcon_core.package_identification:_identify(.) by extension 'cmake'
[0.411s] Level 1:colcon.colcon_core.package_identification:_identify(.) by extension 'python'
[0.411s] Level 1:colcon.colcon_core.package_identification:_identify(.) by extensions ['python_setup_py']
[0.411s] Level 1:colcon.colcon_core.package_identification:_identify(.) by extension 'python_setup_py'
[0.411s] Level 1:colcon.colcon_core.package_identification:_identify(build) by extensions ['ignore', 'ignore_ament_install']
[0.412s] Level 1:colcon.colcon_core.package_identification:_identify(build) by extension 'ignore'
[0.412s] Level 1:colcon.colcon_core.package_identification:_identify(build) ignored
[0.412s] Level 1:colcon.colcon_core.package_identification:_identify(install) by extensions ['ignore', 'ignore_ament_install']
[0.412s] Level 1:colcon.colcon_core.package_identification:_identify(install) by extension 'ignore'
[0.412s] Level 1:colcon.colcon_core.package_identification:_identify(install) ignored
[0.412s] Level 1:colcon.colcon_core.package_identification:_identify(log) by extensions ['ignore', 'ignore_ament_install']
[0.412s] Level 1:colcon.colcon_core.package_identification:_identify(log) by extension 'ignore'
[0.412s] Level 1:colcon.colcon_core.package_identification:_identify(log) ignored
[0.412s] Level 1:colcon.colcon_core.package_identification:_identify(src) by extensions ['ignore', 'ignore_ament_install']
[0.412s] Level 1:colcon.colcon_core.package_identification:_identify(src) by extension 'ignore'
[0.412s] Level 1:colcon.colcon_core.package_identification:_identify(src) by extension 'ignore_ament_install'
[0.412s] Level 1:colcon.colcon_core.package_identification:_identify(src) by extensions ['colcon_pkg']
[0.412s] Level 1:colcon.colcon_core.package_identification:_identify(src) by extension 'colcon_pkg'
[0.412s] Level 1:colcon.colcon_core.package_identification:_identify(src) by extensions ['colcon_meta']
[0.413s] Level 1:colcon.colcon_core.package_identification:_identify(src) by extension 'colcon_meta'
[0.413s] Level 1:colcon.colcon_core.package_identification:_identify(src) by extensions ['ros']
[0.413s] Level 1:colcon.colcon_core.package_identification:_identify(src) by extension 'ros'
[0.413s] Level 1:colcon.colcon_core.package_identification:_identify(src) by extensions ['cmake', 'python']
[0.413s] Level 1:colcon.colcon_core.package_identification:_identify(src) by extension 'cmake'
[0.413s] Level 1:colcon.colcon_core.package_identification:_identify(src) by extension 'python'
[0.413s] Level 1:colcon.colcon_core.package_identification:_identify(src) by extensions ['python_setup_py']
[0.413s] Level 1:colcon.colcon_core.package_identification:_identify(src) by extension 'python_setup_py'
[0.413s] Level 1:colcon.colcon_core.package_identification:_identify(src/mycobot_ros2) by extensions ['ignore', 'ignore_ament_install']
[0.413s] Level 1:colcon.colcon_core.package_identification:_identify(src/mycobot_ros2) by extension 'ignore'
[0.413s] Level 1:colcon.colcon_core.package_identification:_identify(src/mycobot_ros2) by extension 'ignore_ament_install'
[0.413s] Level 1:colcon.colcon_core.package_identification:_identify(src/mycobot_ros2) by extensions ['colcon_pkg']
[0.413s] Level 1:colcon.colcon_core.package_identification:_identify(src/mycobot_ros2) by extension 'colcon_pkg'
[0.413s] Level 1:colcon.colcon_core.package_identification:_identify(src/mycobot_ros2) by extensions ['colcon_meta']
[0.413s] Level 1:colcon.colcon_core.package_identification:_identify(src/mycobot_ros2) by extension 'colcon_meta'
[0.413s] Level 1:colcon.colcon_core.package_identification:_identify(src/mycobot_ros2) by extensions ['ros']
[0.413s] Level 1:colcon.colcon_core.package_identification:_identify(src/mycobot_ros2) by extension 'ros'
[0.413s] Level 1:colcon.colcon_core.package_identification:_identify(src/mycobot_ros2) by extensions ['cmake', 'python']
[0.413s] Level 1:colcon.colcon_core.package_identification:_identify(src/mycobot_ros2) by extension 'cmake'
[0.413s] Level 1:colcon.colcon_core.package_identification:_identify(src/mycobot_ros2) by extension 'python'
[0.413s] Level 1:colcon.colcon_core.package_identification:_identify(src/mycobot_ros2) by extensions ['python_setup_py']
[0.413s] Level 1:colcon.colcon_core.package_identification:_identify(src/mycobot_ros2) by extension 'python_setup_py'
[0.414s] Level 1:colcon.colcon_core.package_identification:_identify(src/mycobot_ros2/mycobot_gazebo) by extensions ['ignore', 'ignore_ament_install']
[0.414s] Level 1:colcon.colcon_core.package_identification:_identify(src/mycobot_ros2/mycobot_gazebo) by extension 'ignore'
[0.414s] Level 1:colcon.colcon_core.package_identification:_identify(src/mycobot_ros2/mycobot_gazebo) by extension 'ignore_ament_install'
[0.414s] Level 1:colcon.colcon_core.package_identification:_identify(src/mycobot_ros2/mycobot_gazebo) by extensions ['colcon_pkg']
[0.414s] Level 1:colcon.colcon_core.package_identification:_identify(src/mycobot_ros2/mycobot_gazebo) by extension 'colcon_pkg'
[0.414s] Level 1:colcon.colcon_core.package_identification:_identify(src/mycobot_ros2/mycobot_gazebo) by extensions ['colcon_meta']
[0.414s] Level 1:colcon.colcon_core.package_identification:_identify(src/mycobot_ros2/mycobot_gazebo) by extension 'colcon_meta'
[0.414s] Level 1:colcon.colcon_core.package_identification:_identify(src/mycobot_ros2/mycobot_gazebo) by extensions ['ros']
[0.414s] Level 1:colcon.colcon_core.package_identification:_identify(src/mycobot_ros2/mycobot_gazebo) by extension 'ros'
[0.417s] DEBUG:colcon.colcon_core.package_identification:Package 'src/mycobot_ros2/mycobot_gazebo' with type 'ros.ament_cmake' and name 'mycobot_gazebo'
[0.417s] Level 1:colcon.colcon_core.package_identification:_identify(src/robot_control) by extensions ['ignore', 'ignore_ament_install']
[0.417s] Level 1:colcon.colcon_core.package_identification:_identify(src/robot_control) by extension 'ignore'
[0.417s] Level 1:colcon.colcon_core.package_identification:_identify(src/robot_control) by extension 'ignore_ament_install'
[0.418s] Level 1:colcon.colcon_core.package_identification:_identify(src/robot_control) by extensions ['colcon_pkg']
[0.418s] Level 1:colcon.colcon_core.package_identification:_identify(src/robot_control) by extension 'colcon_pkg'
[0.418s] Level 1:colcon.colcon_core.package_identification:_identify(src/robot_control) by extensions ['colcon_meta']
[0.418s] Level 1:colcon.colcon_core.package_identification:_identify(src/robot_control) by extension 'colcon_meta'
[0.418s] Level 1:colcon.colcon_core.package_identification:_identify(src/robot_control) by extensions ['ros']
[0.418s] Level 1:colcon.colcon_core.package_identification:_identify(src/robot_control) by extension 'ros'
[0.419s] DEBUG:colcon.colcon_core.package_identification:Package 'src/robot_control' with type 'ros.ament_cmake' and name 'robot_control'
[0.419s] Level 1:colcon.colcon_core.package_discovery:discover_packages(recursive) using defaults
[0.419s] Level 1:colcon.colcon_core.package_discovery:discover_packages(ignore) discover
[0.419s] Level 1:colcon.colcon_core.package_discovery:discover_packages(ignore) using defaults
[0.419s] Level 1:colcon.colcon_core.package_discovery:discover_packages(path) discover
[0.419s] Level 1:colcon.colcon_core.package_discovery:discover_packages(path) using defaults
[0.442s] Level 1:colcon.colcon_core.package_discovery:discover_packages(prefix_path) check parameters
[0.442s] Level 1:colcon.colcon_core.package_discovery:discover_packages(prefix_path) discover
[0.444s] DEBUG:colcon.colcon_installed_package_information.package_discovery:Found 3 installed packages in /home/salman/Ros2_Workspace/install
[0.446s] DEBUG:colcon.colcon_installed_package_information.package_discovery:Found 320 installed packages in /opt/ros/humble
[0.462s] Level 1:colcon.colcon_core.package_discovery:discover_packages(prefix_path) using defaults
[0.540s] Level 5:colcon.colcon_core.verb:set package 'mycobot_gazebo' build argument 'cmake_args' from command line to 'None'
[0.540s] Level 5:colcon.colcon_core.verb:set package 'mycobot_gazebo' build argument 'cmake_target' from command line to 'None'
[0.541s] Level 5:colcon.colcon_core.verb:set package 'mycobot_gazebo' build argument 'cmake_target_skip_unavailable' from command line to 'False'
[0.541s] Level 5:colcon.colcon_core.verb:set package 'mycobot_gazebo' build argument 'cmake_clean_cache' from command line to 'False'
[0.541s] Level 5:colcon.colcon_core.verb:set package 'mycobot_gazebo' build argument 'cmake_clean_first' from command line to 'False'
[0.541s] Level 5:colcon.colcon_core.verb:set package 'mycobot_gazebo' build argument 'cmake_force_configure' from command line to 'False'
[0.541s] Level 5:colcon.colcon_core.verb:set package 'mycobot_gazebo' build argument 'ament_cmake_args' from command line to 'None'
[0.541s] Level 5:colcon.colcon_core.verb:set package 'mycobot_gazebo' build argument 'catkin_cmake_args' from command line to 'None'
[0.541s] Level 5:colcon.colcon_core.verb:set package 'mycobot_gazebo' build argument 'catkin_skip_building_tests' from command line to 'False'
[0.541s] DEBUG:colcon.colcon_core.verb:Building package 'mycobot_gazebo' with the following arguments: {'ament_cmake_args': None, 'build_base': '/home/salman/Ros2_Workspace/build/mycobot_gazebo', 'catkin_cmake_args': None, 'catkin_skip_building_tests': False, 'cmake_args': None, 'cmake_clean_cache': False, 'cmake_clean_first': False, 'cmake_force_configure': False, 'cmake_target': None, 'cmake_target_skip_unavailable': False, 'install_base': '/home/salman/Ros2_Workspace/install/mycobot_gazebo', 'merge_install': False, 'path': '/home/salman/Ros2_Workspace/src/mycobot_ros2/mycobot_gazebo', 'symlink_install': False, 'test_result_base': None}
[0.541s] Level 5:colcon.colcon_core.verb:set package 'robot_control' build argument 'cmake_args' from command line to 'None'
[0.542s] Level 5:colcon.colcon_core.verb:set package 'robot_control' build argument 'cmake_target' from command line to 'None'
[0.542s] Level 5:colcon.colcon_core.verb:set package 'robot_control' build argument 'cmake_target_skip_unavailable' from command line to 'False'
[0.542s] Level 5:colcon.colcon_core.verb:set package 'robot_control' build argument 'cmake_clean_cache' from command line to 'False'
[0.542s] Level 5:colcon.colcon_core.verb:set package 'robot_control' build argument 'cmake_clean_first' from command line to 'False'
[0.542s] Level 5:colcon.colcon_core.verb:set package 'robot_control' build argument 'cmake_force_configure' from command line to 'False'
[0.542s] Level 5:colcon.colcon_core.verb:set package 'robot_control' build argument 'ament_cmake_args' from command line to 'None'
[0.542s] Level 5:colcon.colcon_core.verb:set package 'robot_control' build argument 'catkin_cmake_args' from command line to 'None'
[0.542s] Level 5:colcon.colcon_core.verb:set package 'robot_control' build argument 'catkin_skip_building_tests' from command line to 'False'
[0.542s] DEBUG:colcon.colcon_core.verb:Building package 'robot_control' with the following arguments: {'ament_cmake_args': None, 'build_base': '/home/salman/Ros2_Workspace/build/robot_control', 'catkin_cmake_args': None, 'catkin_skip_building_tests': False, 'cmake_args': None, 'cmake_clean_cache': False, 'cmake_clean_first': False, 'cmake_force_configure': False, 'cmake_target': None, 'cmake_target_skip_unavailable': False, 'install_base': '/home/salman/Ros2_Workspace/install/robot_control', 'merge_install': False, 'path': '/home/salman/Ros2_Workspace/src/robot_control', 'symlink_install': False, 'test_result_base': None}
[0.542s] INFO:colcon.colcon_core.executor:Executing jobs using 'parallel' executor
[0.543s] DEBUG:colcon.colcon_parallel_executor.executor.parallel:run_until_complete
[0.544s] INFO:colcon.colcon_ros.task.ament_cmake.build:Building ROS package in '/home/salman/Ros2_Workspace/src/mycobot_ros2/mycobot_gazebo' with build type 'ament_cmake'
[0.544s] INFO:colcon.colcon_cmake.task.cmake.build:Building CMake package in '/home/salman/Ros2_Workspace/src/mycobot_ros2/mycobot_gazebo'
[0.546s] INFO:colcon.colcon_core.plugin_system:Skipping extension 'colcon_core.shell.bat': Not used on non-Windows systems
[0.547s] INFO:colcon.colcon_core.shell:Skip shell extension 'powershell' for command environment: Not usable outside of PowerShell
[0.547s] DEBUG:colcon.colcon_core.shell:Skip shell extension 'dsv' for command environment
[0.552s] INFO:colcon.colcon_ros.task.ament_cmake.build:Building ROS package in '/home/salman/Ros2_Workspace/src/robot_control' with build type 'ament_cmake'
[0.552s] INFO:colcon.colcon_cmake.task.cmake.build:Building CMake package in '/home/salman/Ros2_Workspace/src/robot_control'
[0.552s] INFO:colcon.colcon_core.shell:Skip shell extension 'powershell' for command environment: Not usable outside of PowerShell
[0.553s] DEBUG:colcon.colcon_core.shell:Skip shell extension 'dsv' for command environment
[0.597s] DEBUG:colcon.colcon_core.event_handler.log_command:Invoking command in '/home/salman/Ros2_Workspace/build/mycobot_gazebo': CMAKE_PREFIX_PATH=${CMAKE_PREFIX_PATH}:/home/salman/Ros2_Workspace/install/CRX-10iA_L_description:/opt/ros/humble /usr/bin/cmake --build /home/salman/Ros2_Workspace/build/mycobot_gazebo -- -j4 -l4
[0.604s] DEBUG:colcon.colcon_core.event_handler.log_command:Invoking command in '/home/salman/Ros2_Workspace/build/robot_control': CMAKE_PREFIX_PATH=${CMAKE_PREFIX_PATH}:/home/salman/Ros2_Workspace/install/CRX-10iA_L_description:/opt/ros/humble /usr/bin/cmake --build /home/salman/Ros2_Workspace/build/robot_control -- -j4 -l4
[0.667s] DEBUG:colcon.colcon_core.event_handler.log_command:Invoked command in '/home/salman/Ros2_Workspace/build/mycobot_gazebo' returned '0': CMAKE_PREFIX_PATH=${CMAKE_PREFIX_PATH}:/home/salman/Ros2_Workspace/install/CRX-10iA_L_description:/opt/ros/humble /usr/bin/cmake --build /home/salman/Ros2_Workspace/build/mycobot_gazebo -- -j4 -l4
[0.734s] DEBUG:colcon.colcon_core.event_handler.log_command:Invoking command in '/home/salman/Ros2_Workspace/build/mycobot_gazebo': CMAKE_PREFIX_PATH=${CMAKE_PREFIX_PATH}:/home/salman/Ros2_Workspace/install/CRX-10iA_L_description:/opt/ros/humble /usr/bin/cmake --install /home/salman/Ros2_Workspace/build/mycobot_gazebo
[0.735s] DEBUG:colcon.colcon_core.event_handler.log_command:Invoked command in '/home/salman/Ros2_Workspace/build/robot_control' returned '0': CMAKE_PREFIX_PATH=${CMAKE_PREFIX_PATH}:/home/salman/Ros2_Workspace/install/CRX-10iA_L_description:/opt/ros/humble /usr/bin/cmake --build /home/salman/Ros2_Workspace/build/robot_control -- -j4 -l4
[0.747s] Level 1:colcon.colcon_core.environment:create_environment_scripts_only(mycobot_gazebo)
[0.748s] DEBUG:colcon.colcon_core.event_handler.log_command:Invoked command in '/home/salman/Ros2_Workspace/build/mycobot_gazebo' returned '0': CMAKE_PREFIX_PATH=${CMAKE_PREFIX_PATH}:/home/salman/Ros2_Workspace/install/CRX-10iA_L_description:/opt/ros/humble /usr/bin/cmake --install /home/salman/Ros2_Workspace/build/mycobot_gazebo
[0.755s] Level 1:colcon.colcon_core.environment:checking '/home/salman/Ros2_Workspace/install/mycobot_gazebo' for CMake module files
[0.756s] Level 1:colcon.colcon_core.environment:checking '/home/salman/Ros2_Workspace/install/mycobot_gazebo' for CMake config files
[0.756s] Level 1:colcon.colcon_core.shell:create_environment_hook('mycobot_gazebo', 'cmake_prefix_path')
[0.757s] INFO:colcon.colcon_core.shell:Creating environment hook '/home/salman/Ros2_Workspace/install/mycobot_gazebo/share/mycobot_gazebo/hook/cmake_prefix_path.ps1'
[0.758s] INFO:colcon.colcon_core.shell:Creating environment descriptor '/home/salman/Ros2_Workspace/install/mycobot_gazebo/share/mycobot_gazebo/hook/cmake_prefix_path.dsv'
[0.759s] INFO:colcon.colcon_core.shell:Creating environment hook '/home/salman/Ros2_Workspace/install/mycobot_gazebo/share/mycobot_gazebo/hook/cmake_prefix_path.sh'
[0.762s] Level 1:colcon.colcon_core.environment:checking '/home/salman/Ros2_Workspace/install/mycobot_gazebo/bin'
[0.762s] Level 1:colcon.colcon_core.environment:checking '/home/salman/Ros2_Workspace/install/mycobot_gazebo/lib/pkgconfig/mycobot_gazebo.pc'
[0.763s] Level 1:colcon.colcon_core.environment:checking '/home/salman/Ros2_Workspace/install/mycobot_gazebo/lib/python3.10/site-packages'
[0.763s] Level 1:colcon.colcon_core.environment:checking '/home/salman/Ros2_Workspace/install/mycobot_gazebo/bin'
[0.763s] INFO:colcon.colcon_core.shell:Creating package script '/home/salman/Ros2_Workspace/install/mycobot_gazebo/share/mycobot_gazebo/package.ps1'
[0.765s] INFO:colcon.colcon_core.shell:Creating package descriptor '/home/salman/Ros2_Workspace/install/mycobot_gazebo/share/mycobot_gazebo/package.dsv'
[0.767s] INFO:colcon.colcon_core.shell:Creating package script '/home/salman/Ros2_Workspace/install/mycobot_gazebo/share/mycobot_gazebo/package.sh'
[0.769s] INFO:colcon.colcon_core.shell:Creating package script '/home/salman/Ros2_Workspace/install/mycobot_gazebo/share/mycobot_gazebo/package.bash'
[0.770s] INFO:colcon.colcon_core.shell:Creating package script '/home/salman/Ros2_Workspace/install/mycobot_gazebo/share/mycobot_gazebo/package.zsh'
[0.772s] Level 1:colcon.colcon_core.environment:create_file_with_runtime_dependencies(/home/salman/Ros2_Workspace/install/mycobot_gazebo/share/colcon-core/packages/mycobot_gazebo)
[0.789s] DEBUG:colcon.colcon_core.event_handler.log_command:Invoking command in '/home/salman/Ros2_Workspace/build/robot_control': CMAKE_PREFIX_PATH=${CMAKE_PREFIX_PATH}:/home/salman/Ros2_Workspace/install/CRX-10iA_L_description:/opt/ros/humble /usr/bin/cmake --install /home/salman/Ros2_Workspace/build/robot_control
[0.816s] Level 1:colcon.colcon_core.environment:create_environment_scripts_only(mycobot_gazebo)
[0.817s] Level 1:colcon.colcon_core.environment:checking '/home/salman/Ros2_Workspace/install/mycobot_gazebo' for CMake module files
[0.819s] Level 1:colcon.colcon_core.environment:checking '/home/salman/Ros2_Workspace/install/mycobot_gazebo' for CMake config files
[0.819s] Level 1:colcon.colcon_core.shell:create_environment_hook('mycobot_gazebo', 'cmake_prefix_path')
[0.820s] INFO:colcon.colcon_core.shell:Creating environment hook '/home/salman/Ros2_Workspace/install/mycobot_gazebo/share/mycobot_gazebo/hook/cmake_prefix_path.ps1'
[0.820s] INFO:colcon.colcon_core.shell:Creating environment descriptor '/home/salman/Ros2_Workspace/install/mycobot_gazebo/share/mycobot_gazebo/hook/cmake_prefix_path.dsv'
[0.821s] INFO:colcon.colcon_core.shell:Creating environment hook '/home/salman/Ros2_Workspace/install/mycobot_gazebo/share/mycobot_gazebo/hook/cmake_prefix_path.sh'
[0.822s] Level 1:colcon.colcon_core.environment:checking '/home/salman/Ros2_Workspace/install/mycobot_gazebo/bin'
[0.822s] Level 1:colcon.colcon_core.environment:checking '/home/salman/Ros2_Workspace/install/mycobot_gazebo/lib/pkgconfig/mycobot_gazebo.pc'
[0.822s] Level 1:colcon.colcon_core.environment:checking '/home/salman/Ros2_Workspace/install/mycobot_gazebo/lib/python3.10/site-packages'
[0.823s] Level 1:colcon.colcon_core.environment:checking '/home/salman/Ros2_Workspace/install/mycobot_gazebo/bin'
[0.823s] INFO:colcon.colcon_core.shell:Creating package script '/home/salman/Ros2_Workspace/install/mycobot_gazebo/share/mycobot_gazebo/package.ps1'
[0.825s] INFO:colcon.colcon_core.shell:Creating package descriptor '/home/salman/Ros2_Workspace/install/mycobot_gazebo/share/mycobot_gazebo/package.dsv'
[0.825s] INFO:colcon.colcon_core.shell:Creating package script '/home/salman/Ros2_Workspace/install/mycobot_gazebo/share/mycobot_gazebo/package.sh'
[0.826s] INFO:colcon.colcon_core.shell:Creating package script '/home/salman/Ros2_Workspace/install/mycobot_gazebo/share/mycobot_gazebo/package.bash'
[0.827s] INFO:colcon.colcon_core.shell:Creating package script '/home/salman/Ros2_Workspace/install/mycobot_gazebo/share/mycobot_gazebo/package.zsh'
[0.827s] Level 1:colcon.colcon_core.environment:create_file_with_runtime_dependencies(/home/salman/Ros2_Workspace/install/mycobot_gazebo/share/colcon-core/packages/mycobot_gazebo)
[0.828s] Level 1:colcon.colcon_core.environment:create_environment_scripts_only(robot_control)
[0.829s] Level 1:colcon.colcon_core.environment:checking '/home/salman/Ros2_Workspace/install/robot_control' for CMake module files
[0.831s] DEBUG:colcon.colcon_core.event_handler.log_command:Invoked command in '/home/salman/Ros2_Workspace/build/robot_control' returned '0': CMAKE_PREFIX_PATH=${CMAKE_PREFIX_PATH}:/home/salman/Ros2_Workspace/install/CRX-10iA_L_description:/opt/ros/humble /usr/bin/cmake --install /home/salman/Ros2_Workspace/build/robot_control
[0.831s] Level 1:colcon.colcon_core.environment:checking '/home/salman/Ros2_Workspace/install/robot_control' for CMake config files
[0.832s] Level 1:colcon.colcon_core.shell:create_environment_hook('robot_control', 'cmake_prefix_path')
[0.832s] INFO:colcon.colcon_core.shell:Creating environment hook '/home/salman/Ros2_Workspace/install/robot_control/share/robot_control/hook/cmake_prefix_path.ps1'
[0.833s] INFO:colcon.colcon_core.shell:Creating environment descriptor '/home/salman/Ros2_Workspace/install/robot_control/share/robot_control/hook/cmake_prefix_path.dsv'
[0.833s] INFO:colcon.colcon_core.shell:Creating environment hook '/home/salman/Ros2_Workspace/install/robot_control/share/robot_control/hook/cmake_prefix_path.sh'
[0.834s] Level 1:colcon.colcon_core.environment:checking '/home/salman/Ros2_Workspace/install/robot_control/lib'
[0.835s] Level 1:colcon.colcon_core.environment:checking '/home/salman/Ros2_Workspace/install/robot_control/bin'
[0.835s] Level 1:colcon.colcon_core.environment:checking '/home/salman/Ros2_Workspace/install/robot_control/lib/pkgconfig/robot_control.pc'
[0.835s] Level 1:colcon.colcon_core.environment:checking '/home/salman/Ros2_Workspace/install/robot_control/lib/python3.10/site-packages'
[0.835s] Level 1:colcon.colcon_core.environment:checking '/home/salman/Ros2_Workspace/install/robot_control/bin'
[0.836s] INFO:colcon.colcon_core.shell:Creating package script '/home/salman/Ros2_Workspace/install/robot_control/share/robot_control/package.ps1'
[0.836s] INFO:colcon.colcon_core.shell:Creating package descriptor '/home/salman/Ros2_Workspace/install/robot_control/share/robot_control/package.dsv'
[0.837s] INFO:colcon.colcon_core.shell:Creating package script '/home/salman/Ros2_Workspace/install/robot_control/share/robot_control/package.sh'
[0.838s] INFO:colcon.colcon_core.shell:Creating package script '/home/salman/Ros2_Workspace/install/robot_control/share/robot_control/package.bash'
[0.838s] INFO:colcon.colcon_core.shell:Creating package script '/home/salman/Ros2_Workspace/install/robot_control/share/robot_control/package.zsh'
[0.839s] Level 1:colcon.colcon_core.environment:create_file_with_runtime_dependencies(/home/salman/Ros2_Workspace/install/robot_control/share/colcon-core/packages/robot_control)
[0.894s] Level 1:colcon.colcon_core.environment:create_environment_scripts_only(robot_control)
[0.894s] Level 1:colcon.colcon_core.environment:checking '/home/salman/Ros2_Workspace/install/robot_control' for CMake module files
[0.895s] Level 1:colcon.colcon_core.environment:checking '/home/salman/Ros2_Workspace/install/robot_control' for CMake config files
[0.896s] Level 1:colcon.colcon_core.shell:create_environment_hook('robot_control', 'cmake_prefix_path')
[0.897s] INFO:colcon.colcon_core.shell:Creating environment hook '/home/salman/Ros2_Workspace/install/robot_control/share/robot_control/hook/cmake_prefix_path.ps1'
[0.899s] INFO:colcon.colcon_core.shell:Creating environment descriptor '/home/salman/Ros2_Workspace/install/robot_control/share/robot_control/hook/cmake_prefix_path.dsv'
[0.901s] INFO:colcon.colcon_core.shell:Creating environment hook '/home/salman/Ros2_Workspace/install/robot_control/share/robot_control/hook/cmake_prefix_path.sh'
[0.902s] Level 1:colcon.colcon_core.environment:checking '/home/salman/Ros2_Workspace/install/robot_control/lib'
[0.903s] Level 1:colcon.colcon_core.environment:checking '/home/salman/Ros2_Workspace/install/robot_control/bin'
[0.903s] Level 1:colcon.colcon_core.environment:checking '/home/salman/Ros2_Workspace/install/robot_control/lib/pkgconfig/robot_control.pc'
[0.903s] Level 1:colcon.colcon_core.environment:checking '/home/salman/Ros2_Workspace/install/robot_control/lib/python3.10/site-packages'
[0.903s] Level 1:colcon.colcon_core.environment:checking '/home/salman/Ros2_Workspace/install/robot_control/bin'
[0.904s] INFO:colcon.colcon_core.shell:Creating package script '/home/salman/Ros2_Workspace/install/robot_control/share/robot_control/package.ps1'
[0.904s] INFO:colcon.colcon_core.shell:Creating package descriptor '/home/salman/Ros2_Workspace/install/robot_control/share/robot_control/package.dsv'
[0.905s] INFO:colcon.colcon_core.shell:Creating package script '/home/salman/Ros2_Workspace/install/robot_control/share/robot_control/package.sh'
[0.906s] INFO:colcon.colcon_core.shell:Creating package script '/home/salman/Ros2_Workspace/install/robot_control/share/robot_control/package.bash'
[0.907s] INFO:colcon.colcon_core.shell:Creating package script '/home/salman/Ros2_Workspace/install/robot_control/share/robot_control/package.zsh'
[0.908s] Level 1:colcon.colcon_core.environment:create_file_with_runtime_dependencies(/home/salman/Ros2_Workspace/install/robot_control/share/colcon-core/packages/robot_control)
[0.909s] DEBUG:colcon.colcon_parallel_executor.executor.parallel:closing loop
[0.910s] DEBUG:colcon.colcon_parallel_executor.executor.parallel:loop closed
[0.910s] DEBUG:colcon.colcon_parallel_executor.executor.parallel:run_until_complete finished with '0'
[0.910s] DEBUG:colcon.colcon_core.event_reactor:joining thread
[0.919s] INFO:colcon.colcon_core.plugin_system:Skipping extension 'colcon_notification.desktop_notification.terminal_notifier': Not used on non-Darwin systems
[0.919s] INFO:colcon.colcon_core.plugin_system:Skipping extension 'colcon_notification.desktop_notification.win32': Not used on non-Windows systems
[0.919s] INFO:colcon.colcon_notification.desktop_notification:Sending desktop notification using 'notify2'
[0.944s] DEBUG:colcon.colcon_core.event_reactor:joined thread
[0.945s] INFO:colcon.colcon_core.shell:Creating prefix script '/home/salman/Ros2_Workspace/install/local_setup.ps1'
[0.946s] INFO:colcon.colcon_core.shell:Creating prefix util module '/home/salman/Ros2_Workspace/install/_local_setup_util_ps1.py'
[0.952s] INFO:colcon.colcon_core.shell:Creating prefix chain script '/home/salman/Ros2_Workspace/install/setup.ps1'
[0.956s] INFO:colcon.colcon_core.shell:Creating prefix script '/home/salman/Ros2_Workspace/install/local_setup.sh'
[0.957s] INFO:colcon.colcon_core.shell:Creating prefix util module '/home/salman/Ros2_Workspace/install/_local_setup_util_sh.py'
[0.958s] INFO:colcon.colcon_core.shell:Creating prefix chain script '/home/salman/Ros2_Workspace/install/setup.sh'
[0.961s] INFO:colcon.colcon_core.shell:Creating prefix script '/home/salman/Ros2_Workspace/install/local_setup.bash'
[0.962s] INFO:colcon.colcon_core.shell:Creating prefix chain script '/home/salman/Ros2_Workspace/install/setup.bash'
[0.964s] INFO:colcon.colcon_core.shell:Creating prefix script '/home/salman/Ros2_Workspace/install/local_setup.zsh'
[0.966s] INFO:colcon.colcon_core.shell:Creating prefix chain script '/home/salman/Ros2_Workspace/install/setup.zsh'
