[0.500s] DEBUG:colcon:Command line arguments: ['/usr/bin/colcon', 'build']
[0.500s] DEBUG:colcon:Parsed command line arguments: Namespace(log_base=None, log_level=None, verb_name='build', build_base='build', install_base='install', merge_install=False, symlink_install=False, test_result_base=None, continue_on_error=False, executor='parallel', parallel_workers=4, event_handlers=None, ignore_user_meta=False, metas=['./colcon.meta'], base_paths=['.'], packages_ignore=None, packages_ignore_regex=None, paths=None, packages_up_to=None, packages_up_to_regex=None, packages_above=None, packages_above_and_dependencies=None, packages_above_depth=None, packages_select_by_dep=None, packages_skip_by_dep=None, packages_skip_up_to=None, packages_select_build_failed=False, packages_skip_build_finished=False, packages_select_test_failures=False, packages_skip_test_passed=False, packages_select=None, packages_skip=None, packages_select_regex=None, packages_skip_regex=None, packages_start=None, packages_end=None, allow_overriding=[], cmake_args=None, cmake_target=None, cmake_target_skip_unavailable=False, cmake_clean_cache=False, cmake_clean_first=False, cmake_force_configure=False, ament_cmake_args=None, catkin_cmake_args=None, catkin_skip_building_tests=False, mixin_files=None, mixin=None, verb_parser=<colcon_mixin.mixin.mixin_argument.MixinArgumentDecorator object at 0x737efd5419c0>, verb_extension=<colcon_core.verb.build.BuildVerb object at 0x737efd541450>, main=<bound method BuildVerb.main of <colcon_core.verb.build.BuildVerb object at 0x737efd541450>>, mixin_verb=('build',))
[1.059s] Level 1:colcon.colcon_core.package_discovery:discover_packages(colcon_meta) check parameters
[1.059s] Level 1:colcon.colcon_core.package_discovery:discover_packages(recursive) check parameters
[1.059s] Level 1:colcon.colcon_core.package_discovery:discover_packages(ignore) check parameters
[1.059s] Level 1:colcon.colcon_core.package_discovery:discover_packages(path) check parameters
[1.059s] Level 1:colcon.colcon_core.package_discovery:discover_packages(colcon_meta) discover
[1.060s] Level 1:colcon.colcon_core.package_discovery:discover_packages(recursive) discover
[1.060s] INFO:colcon.colcon_core.package_discovery:Crawling recursively for packages in '/home/salman/Ros2_Workspace'
[1.060s] Level 1:colcon.colcon_core.package_identification:_identify(.) by extensions ['ignore', 'ignore_ament_install']
[1.060s] Level 1:colcon.colcon_core.package_identification:_identify(.) by extension 'ignore'
[1.060s] Level 1:colcon.colcon_core.package_identification:_identify(.) by extension 'ignore_ament_install'
[1.060s] Level 1:colcon.colcon_core.package_identification:_identify(.) by extensions ['colcon_pkg']
[1.060s] Level 1:colcon.colcon_core.package_identification:_identify(.) by extension 'colcon_pkg'
[1.060s] Level 1:colcon.colcon_core.package_identification:_identify(.) by extensions ['colcon_meta']
[1.060s] Level 1:colcon.colcon_core.package_identification:_identify(.) by extension 'colcon_meta'
[1.060s] Level 1:colcon.colcon_core.package_identification:_identify(.) by extensions ['ros']
[1.060s] Level 1:colcon.colcon_core.package_identification:_identify(.) by extension 'ros'
[1.098s] Level 1:colcon.colcon_core.package_identification:_identify(.) by extensions ['cmake', 'python']
[1.098s] Level 1:colcon.colcon_core.package_identification:_identify(.) by extension 'cmake'
[1.099s] Level 1:colcon.colcon_core.package_identification:_identify(.) by extension 'python'
[1.099s] Level 1:colcon.colcon_core.package_identification:_identify(.) by extensions ['python_setup_py']
[1.099s] Level 1:colcon.colcon_core.package_identification:_identify(.) by extension 'python_setup_py'
[1.099s] Level 1:colcon.colcon_core.package_identification:_identify(build) by extensions ['ignore', 'ignore_ament_install']
[1.099s] Level 1:colcon.colcon_core.package_identification:_identify(build) by extension 'ignore'
[1.100s] Level 1:colcon.colcon_core.package_identification:_identify(build) ignored
[1.100s] Level 1:colcon.colcon_core.package_identification:_identify(install) by extensions ['ignore', 'ignore_ament_install']
[1.100s] Level 1:colcon.colcon_core.package_identification:_identify(install) by extension 'ignore'
[1.100s] Level 1:colcon.colcon_core.package_identification:_identify(install) ignored
[1.101s] Level 1:colcon.colcon_core.package_identification:_identify(log) by extensions ['ignore', 'ignore_ament_install']
[1.101s] Level 1:colcon.colcon_core.package_identification:_identify(log) by extension 'ignore'
[1.101s] Level 1:colcon.colcon_core.package_identification:_identify(log) ignored
[1.101s] Level 1:colcon.colcon_core.package_identification:_identify(src) by extensions ['ignore', 'ignore_ament_install']
[1.101s] Level 1:colcon.colcon_core.package_identification:_identify(src) by extension 'ignore'
[1.102s] Level 1:colcon.colcon_core.package_identification:_identify(src) by extension 'ignore_ament_install'
[1.102s] Level 1:colcon.colcon_core.package_identification:_identify(src) by extensions ['colcon_pkg']
[1.102s] Level 1:colcon.colcon_core.package_identification:_identify(src) by extension 'colcon_pkg'
[1.102s] Level 1:colcon.colcon_core.package_identification:_identify(src) by extensions ['colcon_meta']
[1.102s] Level 1:colcon.colcon_core.package_identification:_identify(src) by extension 'colcon_meta'
[1.102s] Level 1:colcon.colcon_core.package_identification:_identify(src) by extensions ['ros']
[1.102s] Level 1:colcon.colcon_core.package_identification:_identify(src) by extension 'ros'
[1.103s] Level 1:colcon.colcon_core.package_identification:_identify(src) by extensions ['cmake', 'python']
[1.103s] Level 1:colcon.colcon_core.package_identification:_identify(src) by extension 'cmake'
[1.103s] Level 1:colcon.colcon_core.package_identification:_identify(src) by extension 'python'
[1.103s] Level 1:colcon.colcon_core.package_identification:_identify(src) by extensions ['python_setup_py']
[1.103s] Level 1:colcon.colcon_core.package_identification:_identify(src) by extension 'python_setup_py'
[1.103s] Level 1:colcon.colcon_core.package_identification:_identify(src/CRX-10iA_L_description) by extensions ['ignore', 'ignore_ament_install']
[1.104s] Level 1:colcon.colcon_core.package_identification:_identify(src/CRX-10iA_L_description) by extension 'ignore'
[1.104s] Level 1:colcon.colcon_core.package_identification:_identify(src/CRX-10iA_L_description) by extension 'ignore_ament_install'
[1.104s] Level 1:colcon.colcon_core.package_identification:_identify(src/CRX-10iA_L_description) by extensions ['colcon_pkg']
[1.104s] Level 1:colcon.colcon_core.package_identification:_identify(src/CRX-10iA_L_description) by extension 'colcon_pkg'
[1.104s] Level 1:colcon.colcon_core.package_identification:_identify(src/CRX-10iA_L_description) by extensions ['colcon_meta']
[1.104s] Level 1:colcon.colcon_core.package_identification:_identify(src/CRX-10iA_L_description) by extension 'colcon_meta'
[1.104s] Level 1:colcon.colcon_core.package_identification:_identify(src/CRX-10iA_L_description) by extensions ['ros']
[1.104s] Level 1:colcon.colcon_core.package_identification:_identify(src/CRX-10iA_L_description) by extension 'ros'
[1.116s] DEBUG:colcon.colcon_core.package_identification:Package 'src/CRX-10iA_L_description' with type 'ros.ament_python' and name 'CRX-10iA_L_description'
[1.116s] Level 1:colcon.colcon_core.package_identification:_identify(src/robot_control) by extensions ['ignore', 'ignore_ament_install']
[1.117s] Level 1:colcon.colcon_core.package_identification:_identify(src/robot_control) by extension 'ignore'
[1.117s] Level 1:colcon.colcon_core.package_identification:_identify(src/robot_control) by extension 'ignore_ament_install'
[1.117s] Level 1:colcon.colcon_core.package_identification:_identify(src/robot_control) by extensions ['colcon_pkg']
[1.117s] Level 1:colcon.colcon_core.package_identification:_identify(src/robot_control) by extension 'colcon_pkg'
[1.117s] Level 1:colcon.colcon_core.package_identification:_identify(src/robot_control) by extensions ['colcon_meta']
[1.117s] Level 1:colcon.colcon_core.package_identification:_identify(src/robot_control) by extension 'colcon_meta'
[1.118s] Level 1:colcon.colcon_core.package_identification:_identify(src/robot_control) by extensions ['ros']
[1.118s] Level 1:colcon.colcon_core.package_identification:_identify(src/robot_control) by extension 'ros'
[1.120s] DEBUG:colcon.colcon_core.package_identification:Package 'src/robot_control' with type 'ros.ament_cmake' and name 'robot_control'
[1.120s] Level 1:colcon.colcon_core.package_discovery:discover_packages(recursive) using defaults
[1.121s] Level 1:colcon.colcon_core.package_discovery:discover_packages(ignore) discover
[1.121s] Level 1:colcon.colcon_core.package_discovery:discover_packages(ignore) using defaults
[1.121s] Level 1:colcon.colcon_core.package_discovery:discover_packages(path) discover
[1.121s] Level 1:colcon.colcon_core.package_discovery:discover_packages(path) using defaults
[1.214s] Level 1:colcon.colcon_core.package_discovery:discover_packages(prefix_path) check parameters
[1.214s] Level 1:colcon.colcon_core.package_discovery:discover_packages(prefix_path) discover
[1.226s] DEBUG:colcon.colcon_installed_package_information.package_discovery:Found 2 installed packages in /home/salman/Ros2_Workspace/install
[1.230s] DEBUG:colcon.colcon_installed_package_information.package_discovery:Found 280 installed packages in /opt/ros/humble
[1.247s] Level 1:colcon.colcon_core.package_discovery:discover_packages(prefix_path) using defaults
[1.379s] Level 5:colcon.colcon_core.verb:set package 'CRX-10iA_L_description' build argument 'cmake_args' from command line to 'None'
[1.379s] Level 5:colcon.colcon_core.verb:set package 'CRX-10iA_L_description' build argument 'cmake_target' from command line to 'None'
[1.379s] Level 5:colcon.colcon_core.verb:set package 'CRX-10iA_L_description' build argument 'cmake_target_skip_unavailable' from command line to 'False'
[1.379s] Level 5:colcon.colcon_core.verb:set package 'CRX-10iA_L_description' build argument 'cmake_clean_cache' from command line to 'False'
[1.379s] Level 5:colcon.colcon_core.verb:set package 'CRX-10iA_L_description' build argument 'cmake_clean_first' from command line to 'False'
[1.379s] Level 5:colcon.colcon_core.verb:set package 'CRX-10iA_L_description' build argument 'cmake_force_configure' from command line to 'False'
[1.379s] Level 5:colcon.colcon_core.verb:set package 'CRX-10iA_L_description' build argument 'ament_cmake_args' from command line to 'None'
[1.380s] Level 5:colcon.colcon_core.verb:set package 'CRX-10iA_L_description' build argument 'catkin_cmake_args' from command line to 'None'
[1.380s] Level 5:colcon.colcon_core.verb:set package 'CRX-10iA_L_description' build argument 'catkin_skip_building_tests' from command line to 'False'
[1.380s] DEBUG:colcon.colcon_core.verb:Building package 'CRX-10iA_L_description' with the following arguments: {'ament_cmake_args': None, 'build_base': '/home/salman/Ros2_Workspace/build/CRX-10iA_L_description', 'catkin_cmake_args': None, 'catkin_skip_building_tests': False, 'cmake_args': None, 'cmake_clean_cache': False, 'cmake_clean_first': False, 'cmake_force_configure': False, 'cmake_target': None, 'cmake_target_skip_unavailable': False, 'install_base': '/home/salman/Ros2_Workspace/install/CRX-10iA_L_description', 'merge_install': False, 'path': '/home/salman/Ros2_Workspace/src/CRX-10iA_L_description', 'symlink_install': False, 'test_result_base': None}
[1.380s] Level 5:colcon.colcon_core.verb:set package 'robot_control' build argument 'cmake_args' from command line to 'None'
[1.380s] Level 5:colcon.colcon_core.verb:set package 'robot_control' build argument 'cmake_target' from command line to 'None'
[1.380s] Level 5:colcon.colcon_core.verb:set package 'robot_control' build argument 'cmake_target_skip_unavailable' from command line to 'False'
[1.380s] Level 5:colcon.colcon_core.verb:set package 'robot_control' build argument 'cmake_clean_cache' from command line to 'False'
[1.380s] Level 5:colcon.colcon_core.verb:set package 'robot_control' build argument 'cmake_clean_first' from command line to 'False'
[1.380s] Level 5:colcon.colcon_core.verb:set package 'robot_control' build argument 'cmake_force_configure' from command line to 'False'
[1.381s] Level 5:colcon.colcon_core.verb:set package 'robot_control' build argument 'ament_cmake_args' from command line to 'None'
[1.381s] Level 5:colcon.colcon_core.verb:set package 'robot_control' build argument 'catkin_cmake_args' from command line to 'None'
[1.381s] Level 5:colcon.colcon_core.verb:set package 'robot_control' build argument 'catkin_skip_building_tests' from command line to 'False'
[1.381s] DEBUG:colcon.colcon_core.verb:Building package 'robot_control' with the following arguments: {'ament_cmake_args': None, 'build_base': '/home/salman/Ros2_Workspace/build/robot_control', 'catkin_cmake_args': None, 'catkin_skip_building_tests': False, 'cmake_args': None, 'cmake_clean_cache': False, 'cmake_clean_first': False, 'cmake_force_configure': False, 'cmake_target': None, 'cmake_target_skip_unavailable': False, 'install_base': '/home/salman/Ros2_Workspace/install/robot_control', 'merge_install': False, 'path': '/home/salman/Ros2_Workspace/src/robot_control', 'symlink_install': False, 'test_result_base': None}
[1.381s] INFO:colcon.colcon_core.executor:Executing jobs using 'parallel' executor
[1.383s] DEBUG:colcon.colcon_parallel_executor.executor.parallel:run_until_complete
[1.383s] INFO:colcon.colcon_ros.task.ament_python.build:Building ROS package in '/home/salman/Ros2_Workspace/src/CRX-10iA_L_description' with build type 'ament_python'
[1.383s] Level 1:colcon.colcon_core.shell:create_environment_hook('CRX-10iA_L_description', 'ament_prefix_path')
[1.406s] INFO:colcon.colcon_core.plugin_system:Skipping extension 'colcon_core.shell.bat': Not used on non-Windows systems
[1.407s] INFO:colcon.colcon_core.shell:Creating environment hook '/home/salman/Ros2_Workspace/install/CRX-10iA_L_description/share/CRX-10iA_L_description/hook/ament_prefix_path.ps1'
[1.412s] INFO:colcon.colcon_core.shell:Creating environment descriptor '/home/salman/Ros2_Workspace/install/CRX-10iA_L_description/share/CRX-10iA_L_description/hook/ament_prefix_path.dsv'
[1.415s] INFO:colcon.colcon_core.shell:Creating environment hook '/home/salman/Ros2_Workspace/install/CRX-10iA_L_description/share/CRX-10iA_L_description/hook/ament_prefix_path.sh'
[1.418s] INFO:colcon.colcon_core.shell:Skip shell extension 'powershell' for command environment: Not usable outside of PowerShell
[1.419s] DEBUG:colcon.colcon_core.shell:Skip shell extension 'dsv' for command environment
[1.439s] INFO:colcon.colcon_ros.task.ament_cmake.build:Building ROS package in '/home/salman/Ros2_Workspace/src/robot_control' with build type 'ament_cmake'
[1.440s] INFO:colcon.colcon_cmake.task.cmake.build:Building CMake package in '/home/salman/Ros2_Workspace/src/robot_control'
[1.442s] INFO:colcon.colcon_core.shell:Skip shell extension 'powershell' for command environment: Not usable outside of PowerShell
[1.442s] DEBUG:colcon.colcon_core.shell:Skip shell extension 'dsv' for command environment
[2.050s] INFO:colcon.colcon_core.task.python.build:Building Python package in '/home/salman/Ros2_Workspace/src/CRX-10iA_L_description'
[2.050s] INFO:colcon.colcon_core.shell:Skip shell extension 'powershell' for command environment: Not usable outside of PowerShell
[2.051s] DEBUG:colcon.colcon_core.shell:Skip shell extension 'dsv' for command environment
[2.074s] DEBUG:colcon.colcon_core.event_handler.log_command:Invoking command in '/home/salman/Ros2_Workspace/build/robot_control': CMAKE_PREFIX_PATH=${CMAKE_PREFIX_PATH}:/home/salman/Ros2_Workspace/install/CRX-10iA_L_description:/opt/ros/humble /usr/bin/cmake --build /home/salman/Ros2_Workspace/build/robot_control -- -j4 -l4
[3.012s] DEBUG:colcon.colcon_core.event_handler.log_command:Invoking command in '/home/salman/Ros2_Workspace/src/CRX-10iA_L_description': PYTHONPATH=/home/salman/Ros2_Workspace/build/CRX-10iA_L_description/prefix_override:/usr/lib/python3/dist-packages/colcon_core/task/python/colcon_distutils_commands:/home/salman/Ros2_Workspace/install/CRX-10iA_L_description/lib/python3.10/site-packages:${PYTHONPATH} /usr/bin/python3 -W ignore:setup.py install is deprecated setup.py egg_info --egg-base ../../build/CRX-10iA_L_description build --build-base /home/salman/Ros2_Workspace/build/CRX-10iA_L_description/build install --record /home/salman/Ros2_Workspace/build/CRX-10iA_L_description/install.log --install-scripts $base/lib/CRX-10iA_L_description --single-version-externally-managed install_data
[3.678s] DEBUG:colcon.colcon_core.event_handler.log_command:Invoked command in '/home/salman/Ros2_Workspace/src/CRX-10iA_L_description' returned '0': PYTHONPATH=/home/salman/Ros2_Workspace/build/CRX-10iA_L_description/prefix_override:/usr/lib/python3/dist-packages/colcon_core/task/python/colcon_distutils_commands:/home/salman/Ros2_Workspace/install/CRX-10iA_L_description/lib/python3.10/site-packages:${PYTHONPATH} /usr/bin/python3 -W ignore:setup.py install is deprecated setup.py egg_info --egg-base ../../build/CRX-10iA_L_description build --build-base /home/salman/Ros2_Workspace/build/CRX-10iA_L_description/build install --record /home/salman/Ros2_Workspace/build/CRX-10iA_L_description/install.log --install-scripts $base/lib/CRX-10iA_L_description --single-version-externally-managed install_data
[3.692s] Level 1:colcon.colcon_core.environment:checking '/home/salman/Ros2_Workspace/install/CRX-10iA_L_description' for CMake module files
[3.692s] Level 1:colcon.colcon_core.environment:checking '/home/salman/Ros2_Workspace/install/CRX-10iA_L_description' for CMake config files
[3.695s] Level 1:colcon.colcon_core.environment:checking '/home/salman/Ros2_Workspace/install/CRX-10iA_L_description/lib'
[3.695s] Level 1:colcon.colcon_core.environment:checking '/home/salman/Ros2_Workspace/install/CRX-10iA_L_description/bin'
[3.695s] Level 1:colcon.colcon_core.environment:checking '/home/salman/Ros2_Workspace/install/CRX-10iA_L_description/lib/pkgconfig/CRX-10iA_L_description.pc'
[3.695s] Level 1:colcon.colcon_core.environment:checking '/home/salman/Ros2_Workspace/install/CRX-10iA_L_description/lib/python3.10/site-packages'
[3.695s] Level 1:colcon.colcon_core.shell:create_environment_hook('CRX-10iA_L_description', 'pythonpath')
[3.696s] INFO:colcon.colcon_core.shell:Creating environment hook '/home/salman/Ros2_Workspace/install/CRX-10iA_L_description/share/CRX-10iA_L_description/hook/pythonpath.ps1'
[3.696s] INFO:colcon.colcon_core.shell:Creating environment descriptor '/home/salman/Ros2_Workspace/install/CRX-10iA_L_description/share/CRX-10iA_L_description/hook/pythonpath.dsv'
[3.697s] INFO:colcon.colcon_core.shell:Creating environment hook '/home/salman/Ros2_Workspace/install/CRX-10iA_L_description/share/CRX-10iA_L_description/hook/pythonpath.sh'
[3.698s] Level 1:colcon.colcon_core.environment:checking '/home/salman/Ros2_Workspace/install/CRX-10iA_L_description/bin'
[3.698s] Level 1:colcon.colcon_core.environment:create_environment_scripts_only(CRX-10iA_L_description)
[3.698s] INFO:colcon.colcon_core.shell:Creating package script '/home/salman/Ros2_Workspace/install/CRX-10iA_L_description/share/CRX-10iA_L_description/package.ps1'
[3.700s] INFO:colcon.colcon_core.shell:Creating package descriptor '/home/salman/Ros2_Workspace/install/CRX-10iA_L_description/share/CRX-10iA_L_description/package.dsv'
[3.702s] INFO:colcon.colcon_core.shell:Creating package script '/home/salman/Ros2_Workspace/install/CRX-10iA_L_description/share/CRX-10iA_L_description/package.sh'
[3.706s] INFO:colcon.colcon_core.shell:Creating package script '/home/salman/Ros2_Workspace/install/CRX-10iA_L_description/share/CRX-10iA_L_description/package.bash'
[3.711s] INFO:colcon.colcon_core.shell:Creating package script '/home/salman/Ros2_Workspace/install/CRX-10iA_L_description/share/CRX-10iA_L_description/package.zsh'
[3.715s] Level 1:colcon.colcon_core.environment:create_file_with_runtime_dependencies(/home/salman/Ros2_Workspace/install/CRX-10iA_L_description/share/colcon-core/packages/CRX-10iA_L_description)
[4.270s] DEBUG:colcon.colcon_core.event_handler.log_command:Invoked command in '/home/salman/Ros2_Workspace/build/robot_control' returned '0': CMAKE_PREFIX_PATH=${CMAKE_PREFIX_PATH}:/home/salman/Ros2_Workspace/install/CRX-10iA_L_description:/opt/ros/humble /usr/bin/cmake --build /home/salman/Ros2_Workspace/build/robot_control -- -j4 -l4
[4.342s] DEBUG:colcon.colcon_core.event_handler.log_command:Invoking command in '/home/salman/Ros2_Workspace/build/robot_control': CMAKE_PREFIX_PATH=${CMAKE_PREFIX_PATH}:/home/salman/Ros2_Workspace/install/CRX-10iA_L_description:/opt/ros/humble /usr/bin/cmake --install /home/salman/Ros2_Workspace/build/robot_control
[4.391s] Level 1:colcon.colcon_core.environment:create_environment_scripts_only(robot_control)
[4.392s] Level 1:colcon.colcon_core.environment:checking '/home/salman/Ros2_Workspace/install/robot_control' for CMake module files
[4.393s] DEBUG:colcon.colcon_core.event_handler.log_command:Invoked command in '/home/salman/Ros2_Workspace/build/robot_control' returned '0': CMAKE_PREFIX_PATH=${CMAKE_PREFIX_PATH}:/home/salman/Ros2_Workspace/install/CRX-10iA_L_description:/opt/ros/humble /usr/bin/cmake --install /home/salman/Ros2_Workspace/build/robot_control
[4.395s] Level 1:colcon.colcon_core.environment:checking '/home/salman/Ros2_Workspace/install/robot_control' for CMake config files
[4.397s] Level 1:colcon.colcon_core.shell:create_environment_hook('robot_control', 'cmake_prefix_path')
[4.398s] INFO:colcon.colcon_core.shell:Creating environment hook '/home/salman/Ros2_Workspace/install/robot_control/share/robot_control/hook/cmake_prefix_path.ps1'
[4.400s] INFO:colcon.colcon_core.shell:Creating environment descriptor '/home/salman/Ros2_Workspace/install/robot_control/share/robot_control/hook/cmake_prefix_path.dsv'
[4.402s] INFO:colcon.colcon_core.shell:Creating environment hook '/home/salman/Ros2_Workspace/install/robot_control/share/robot_control/hook/cmake_prefix_path.sh'
[4.403s] Level 1:colcon.colcon_core.environment:checking '/home/salman/Ros2_Workspace/install/robot_control/lib'
[4.404s] Level 1:colcon.colcon_core.environment:checking '/home/salman/Ros2_Workspace/install/robot_control/bin'
[4.404s] Level 1:colcon.colcon_core.environment:checking '/home/salman/Ros2_Workspace/install/robot_control/lib/pkgconfig/robot_control.pc'
[4.404s] Level 1:colcon.colcon_core.environment:checking '/home/salman/Ros2_Workspace/install/robot_control/lib/python3.10/site-packages'
[4.405s] Level 1:colcon.colcon_core.environment:checking '/home/salman/Ros2_Workspace/install/robot_control/bin'
[4.406s] INFO:colcon.colcon_core.shell:Creating package script '/home/salman/Ros2_Workspace/install/robot_control/share/robot_control/package.ps1'
[4.407s] INFO:colcon.colcon_core.shell:Creating package descriptor '/home/salman/Ros2_Workspace/install/robot_control/share/robot_control/package.dsv'
[4.409s] INFO:colcon.colcon_core.shell:Creating package script '/home/salman/Ros2_Workspace/install/robot_control/share/robot_control/package.sh'
[4.411s] INFO:colcon.colcon_core.shell:Creating package script '/home/salman/Ros2_Workspace/install/robot_control/share/robot_control/package.bash'
[4.412s] INFO:colcon.colcon_core.shell:Creating package script '/home/salman/Ros2_Workspace/install/robot_control/share/robot_control/package.zsh'
[4.413s] Level 1:colcon.colcon_core.environment:create_file_with_runtime_dependencies(/home/salman/Ros2_Workspace/install/robot_control/share/colcon-core/packages/robot_control)
[4.480s] Level 1:colcon.colcon_core.environment:create_environment_scripts_only(robot_control)
[4.481s] Level 1:colcon.colcon_core.environment:checking '/home/salman/Ros2_Workspace/install/robot_control' for CMake module files
[4.483s] Level 1:colcon.colcon_core.environment:checking '/home/salman/Ros2_Workspace/install/robot_control' for CMake config files
[4.484s] Level 1:colcon.colcon_core.shell:create_environment_hook('robot_control', 'cmake_prefix_path')
[4.484s] INFO:colcon.colcon_core.shell:Creating environment hook '/home/salman/Ros2_Workspace/install/robot_control/share/robot_control/hook/cmake_prefix_path.ps1'
[4.486s] INFO:colcon.colcon_core.shell:Creating environment descriptor '/home/salman/Ros2_Workspace/install/robot_control/share/robot_control/hook/cmake_prefix_path.dsv'
[4.488s] INFO:colcon.colcon_core.shell:Creating environment hook '/home/salman/Ros2_Workspace/install/robot_control/share/robot_control/hook/cmake_prefix_path.sh'
[4.490s] Level 1:colcon.colcon_core.environment:checking '/home/salman/Ros2_Workspace/install/robot_control/lib'
[4.490s] Level 1:colcon.colcon_core.environment:checking '/home/salman/Ros2_Workspace/install/robot_control/bin'
[4.490s] Level 1:colcon.colcon_core.environment:checking '/home/salman/Ros2_Workspace/install/robot_control/lib/pkgconfig/robot_control.pc'
[4.491s] Level 1:colcon.colcon_core.environment:checking '/home/salman/Ros2_Workspace/install/robot_control/lib/python3.10/site-packages'
[4.491s] Level 1:colcon.colcon_core.environment:checking '/home/salman/Ros2_Workspace/install/robot_control/bin'
[4.492s] INFO:colcon.colcon_core.shell:Creating package script '/home/salman/Ros2_Workspace/install/robot_control/share/robot_control/package.ps1'
[4.493s] INFO:colcon.colcon_core.shell:Creating package descriptor '/home/salman/Ros2_Workspace/install/robot_control/share/robot_control/package.dsv'
[4.494s] INFO:colcon.colcon_core.shell:Creating package script '/home/salman/Ros2_Workspace/install/robot_control/share/robot_control/package.sh'
[4.495s] INFO:colcon.colcon_core.shell:Creating package script '/home/salman/Ros2_Workspace/install/robot_control/share/robot_control/package.bash'
[4.496s] INFO:colcon.colcon_core.shell:Creating package script '/home/salman/Ros2_Workspace/install/robot_control/share/robot_control/package.zsh'
[4.497s] Level 1:colcon.colcon_core.environment:create_file_with_runtime_dependencies(/home/salman/Ros2_Workspace/install/robot_control/share/colcon-core/packages/robot_control)
[4.498s] DEBUG:colcon.colcon_parallel_executor.executor.parallel:closing loop
[4.499s] DEBUG:colcon.colcon_parallel_executor.executor.parallel:loop closed
[4.499s] DEBUG:colcon.colcon_parallel_executor.executor.parallel:run_until_complete finished with '0'
[4.500s] DEBUG:colcon.colcon_core.event_reactor:joining thread
[4.524s] INFO:colcon.colcon_core.plugin_system:Skipping extension 'colcon_notification.desktop_notification.terminal_notifier': Not used on non-Darwin systems
[4.524s] INFO:colcon.colcon_core.plugin_system:Skipping extension 'colcon_notification.desktop_notification.win32': Not used on non-Windows systems
[4.524s] INFO:colcon.colcon_notification.desktop_notification:Sending desktop notification using 'notify2'
[4.646s] DEBUG:colcon.colcon_core.event_reactor:joined thread
[4.647s] INFO:colcon.colcon_core.shell:Creating prefix script '/home/salman/Ros2_Workspace/install/local_setup.ps1'
[4.649s] INFO:colcon.colcon_core.shell:Creating prefix util module '/home/salman/Ros2_Workspace/install/_local_setup_util_ps1.py'
[4.651s] INFO:colcon.colcon_core.shell:Creating prefix chain script '/home/salman/Ros2_Workspace/install/setup.ps1'
[4.653s] INFO:colcon.colcon_core.shell:Creating prefix script '/home/salman/Ros2_Workspace/install/local_setup.sh'
[4.656s] INFO:colcon.colcon_core.shell:Creating prefix util module '/home/salman/Ros2_Workspace/install/_local_setup_util_sh.py'
[4.658s] INFO:colcon.colcon_core.shell:Creating prefix chain script '/home/salman/Ros2_Workspace/install/setup.sh'
[4.663s] INFO:colcon.colcon_core.shell:Creating prefix script '/home/salman/Ros2_Workspace/install/local_setup.bash'
[4.665s] INFO:colcon.colcon_core.shell:Creating prefix chain script '/home/salman/Ros2_Workspace/install/setup.bash'
[4.668s] INFO:colcon.colcon_core.shell:Creating prefix script '/home/salman/Ros2_Workspace/install/local_setup.zsh'
[4.670s] INFO:colcon.colcon_core.shell:Creating prefix chain script '/home/salman/Ros2_Workspace/install/setup.zsh'
