[0.530s] Invoking command in '/home/salman/Ros2_Workspace/build/robot_control': CMAKE_PREFIX_PATH=${CMAKE_PREFIX_PATH}:/home/salman/Ros2_Workspace/install/CRX-10iA_L_description:/opt/ros/humble /usr/bin/cmake --build /home/salman/Ros2_Workspace/build/robot_control -- -j4 -l4
[0.609s] -- Found ament_cmake: 1.3.10 (/opt/ros/humble/share/ament_cmake/cmake)
[0.928s] -- Found rclcpp: 16.0.10 (/opt/ros/humble/share/rclcpp/cmake)
[0.975s] -- Found rosidl_generator_c: 3.1.5 (/opt/ros/humble/share/rosidl_generator_c/cmake)
[0.979s] -- Found rosidl_adapter: 3.1.5 (/opt/ros/humble/share/rosidl_adapter/cmake)
[0.989s] -- Found rosidl_generator_cpp: 3.1.5 (/opt/ros/humble/share/rosidl_generator_cpp/cmake)
[1.007s] -- Using all available rosidl_typesupport_c: rosidl_typesupport_fastrtps_c;rosidl_typesupport_introspection_c
[1.032s] -- Using all available rosidl_typesupport_cpp: rosidl_typesupport_fastrtps_cpp;rosidl_typesupport_introspection_cpp
[1.119s] -- Found rmw_implementation_cmake: 6.1.2 (/opt/ros/humble/share/rmw_implementation_cmake/cmake)
[1.119s] -- Found rmw_fastrtps_cpp: 6.2.7 (/opt/ros/humble/share/rmw_fastrtps_cpp/cmake)
[1.349s] -- Using RMW implementation 'rmw_fastrtps_cpp' as default
[1.445s] -- Found rclpy: 3.3.14 (/opt/ros/humble/share/rclpy/cmake)
[1.445s] -- Found sensor_msgs: 4.2.4 (/opt/ros/humble/share/sensor_msgs/cmake)
[1.493s] -- Found trajectory_msgs: 4.2.4 (/opt/ros/humble/share/trajectory_msgs/cmake)
[1.513s] -- Found xacro: 2.0.8 (/opt/ros/humble/share/xacro/cmake)
[1.600s] [31mCMake Error at /opt/ros/humble/share/ament_cmake_python/cmake/ament_python_install_package.cmake:66 (message):
[1.600s]   ament_python_install_package() the Python package folder
[1.601s]   '/home/salman/Ros2_Workspace/src/robot_control/robot_control' doesn't
[1.601s]   contain an '__init__.py' file
[1.601s] Call Stack (most recent call first):
[1.601s]   /opt/ros/humble/share/ament_cmake_python/cmake/ament_python_install_package.cmake:39 (_ament_cmake_python_install_package)
[1.601s]   CMakeLists.txt:22 (ament_python_install_package)
[1.602s] 
[1.602s] [0m
[1.602s] -- Configuring incomplete, errors occurred!
[1.602s] See also "/home/salman/Ros2_Workspace/build/robot_control/CMakeFiles/CMakeOutput.log".
[1.611s] gmake: *** [Makefile:267: cmake_check_build_system] Error 1
[1.615s] Invoked command in '/home/salman/Ros2_Workspace/build/robot_control' returned '2': CMAKE_PREFIX_PATH=${CMAKE_PREFIX_PATH}:/home/salman/Ros2_Workspace/install/CRX-10iA_L_description:/opt/ros/humble /usr/bin/cmake --build /home/salman/Ros2_Workspace/build/robot_control -- -j4 -l4
