[0.448s] Invoking command in '/home/salman/Ros2_Workspace/build/robot_control': CMAKE_PREFIX_PATH=${CMAKE_PREFIX_PATH}:/home/salman/Ros2_Workspace/install/CRX-10iA_L_description:/opt/ros/humble /usr/bin/cmake --build /home/salman/Ros2_Workspace/build/robot_control -- -j4 -l4
[0.655s] -- Found ament_cmake: 1.3.10 (/opt/ros/humble/share/ament_cmake/cmake)
[1.049s] -- Found rclcpp: 16.0.10 (/opt/ros/humble/share/rclcpp/cmake)
[1.138s] -- Found rosidl_generator_c: 3.1.5 (/opt/ros/humble/share/rosidl_generator_c/cmake)
[1.147s] -- Found rosidl_adapter: 3.1.5 (/opt/ros/humble/share/rosidl_adapter/cmake)
[1.163s] -- Found rosidl_generator_cpp: 3.1.5 (/opt/ros/humble/share/rosidl_generator_cpp/cmake)
[1.199s] -- Using all available rosidl_typesupport_c: rosidl_typesupport_fastrtps_c;rosidl_typesupport_introspection_c
[1.283s] -- Using all available rosidl_typesupport_cpp: rosidl_typesupport_fastrtps_cpp;rosidl_typesupport_introspection_cpp
[1.429s] -- Found rmw_implementation_cmake: 6.1.2 (/opt/ros/humble/share/rmw_implementation_cmake/cmake)
[1.440s] -- Found rmw_fastrtps_cpp: 6.2.7 (/opt/ros/humble/share/rmw_fastrtps_cpp/cmake)
[1.636s] -- Using RMW implementation 'rmw_fastrtps_cpp' as default
[1.846s] -- Found sensor_msgs: 4.2.4 (/opt/ros/humble/share/sensor_msgs/cmake)
[1.910s] -- Found trajectory_msgs: 4.2.4 (/opt/ros/humble/share/trajectory_msgs/cmake)
[1.943s] -- Found xacro: 2.0.8 (/opt/ros/humble/share/xacro/cmake)
[1.946s] -- Found ament_lint_auto: 0.12.11 (/opt/ros/humble/share/ament_lint_auto/cmake)
[2.184s] -- Added test 'cppcheck' to perform static code analysis on C / C++ code
[2.184s] -- Configured cppcheck include dirs: 
[2.185s] -- Configured cppcheck exclude dirs and/or files: 
[2.185s] -- Added test 'flake8' to check Python code syntax and style conventions
[2.187s] -- Added test 'lint_cmake' to check CMake code style
[2.188s] -- Added test 'pep257' to check Python code against some of the docstring style conventions in PEP 257
[2.191s] -- Added test 'uncrustify' to check C / C++ code style
[2.191s] -- Configured uncrustify additional arguments: 
[2.192s] -- Added test 'xmllint' to check XML markup files
[2.196s] -- Configuring done
[2.231s] -- Generating done
[2.236s] -- Build files have been written to: /home/salman/Ros2_Workspace/build/robot_control
[2.279s] [35m[1mConsolidate compiler generated dependencies of target motion_control[0m
[2.351s] [ 50%] [32mBuilding CXX object CMakeFiles/motion_control.dir/src/motion_control.cpp.o[0m
[12.982s] [100%] [32m[1mLinking CXX executable motion_control[0m
[13.487s] [100%] Built target motion_control
[13.514s] Invoked command in '/home/salman/Ros2_Workspace/build/robot_control' returned '0': CMAKE_PREFIX_PATH=${CMAKE_PREFIX_PATH}:/home/salman/Ros2_Workspace/install/CRX-10iA_L_description:/opt/ros/humble /usr/bin/cmake --build /home/salman/Ros2_Workspace/build/robot_control -- -j4 -l4
[13.568s] Invoking command in '/home/salman/Ros2_Workspace/build/robot_control': CMAKE_PREFIX_PATH=${CMAKE_PREFIX_PATH}:/home/salman/Ros2_Workspace/install/CRX-10iA_L_description:/opt/ros/humble /usr/bin/cmake --install /home/salman/Ros2_Workspace/build/robot_control
[13.578s] -- Install configuration: ""
[13.578s] -- Installing: /home/salman/Ros2_Workspace/install/robot_control/lib/robot_control/motion_control
[13.581s] -- Set runtime path of "/home/salman/Ros2_Workspace/install/robot_control/lib/robot_control/motion_control" to ""
[13.582s] -- Installing: /home/salman/Ros2_Workspace/install/robot_control/share/robot_control/launch
[13.582s] -- Installing: /home/salman/Ros2_Workspace/install/robot_control/share/robot_control/launch/gazebo.launch.py
[13.583s] -- Installing: /home/salman/Ros2_Workspace/install/robot_control/share/robot_control/launch/display.launch.py
[13.583s] -- Up-to-date: /home/salman/Ros2_Workspace/install/robot_control/share/robot_control
[13.583s] -- Installing: /home/salman/Ros2_Workspace/install/robot_control/share/robot_control/CRX-10iA_L.trans
[13.584s] -- Installing: /home/salman/Ros2_Workspace/install/robot_control/share/robot_control/materials.xacro
[13.584s] -- Installing: /home/salman/Ros2_Workspace/install/robot_control/share/robot_control/CRX-10iA_L.gazebo
[13.585s] -- Installing: /home/salman/Ros2_Workspace/install/robot_control/share/robot_control/CRX-10iA_L.xacro
[13.586s] -- Up-to-date: /home/salman/Ros2_Workspace/install/robot_control/share/robot_control
[13.586s] -- Installing: /home/salman/Ros2_Workspace/install/robot_control/share/robot_control/CRX-10iAL_MotionEnvelope_J5AxisRotation_1.stl
[13.590s] -- Installing: /home/salman/Ros2_Workspace/install/robot_control/share/robot_control/CRX-10iAL_MotionEnvelope_EndofFlange_1.stl
[13.593s] -- Installing: /home/salman/Ros2_Workspace/install/robot_control/share/robot_control/CRX-10iAL_Axis3_1.stl
[13.598s] -- Installing: /home/salman/Ros2_Workspace/install/robot_control/share/robot_control/CRX-10iAL_Axis4_1.stl
[13.607s] -- Installing: /home/salman/Ros2_Workspace/install/robot_control/share/robot_control/CRX-10iAL_Axis6_WithConnectors_1.stl
[13.610s] -- Installing: /home/salman/Ros2_Workspace/install/robot_control/share/robot_control/CORDGRIP.stl
[13.611s] -- Installing: /home/salman/Ros2_Workspace/install/robot_control/share/robot_control/J1PLATE.stl
[13.612s] -- Installing: /home/salman/Ros2_Workspace/install/robot_control/share/robot_control/CRX-10iAL_Axis5_1.stl
[13.619s] -- Installing: /home/salman/Ros2_Workspace/install/robot_control/share/robot_control/CAM.stl
[13.620s] -- Installing: /home/salman/Ros2_Workspace/install/robot_control/share/robot_control/base_link.stl
[13.625s] -- Installing: /home/salman/Ros2_Workspace/install/robot_control/share/robot_control/CRX-10iAL_MaxReachReference_1.stl
[13.625s] -- Installing: /home/salman/Ros2_Workspace/install/robot_control/share/robot_control/CRX-10iAL_Axis2_1.stl
[13.631s] -- Installing: /home/salman/Ros2_Workspace/install/robot_control/share/robot_control/CONNECTOR_UNIT.stl
[13.633s] -- Installing: /home/salman/Ros2_Workspace/install/robot_control/share/robot_control/CRX-10iAL_Axis1_1.stl
[13.638s] -- Installing: /home/salman/Ros2_Workspace/install/robot_control/share/ament_index/resource_index/package_run_dependencies/robot_control
[13.638s] -- Up-to-date: /home/salman/Ros2_Workspace/install/robot_control/share/ament_index/resource_index/parent_prefix_path/robot_control
[13.639s] -- Up-to-date: /home/salman/Ros2_Workspace/install/robot_control/share/robot_control/environment/ament_prefix_path.sh
[13.640s] -- Installing: /home/salman/Ros2_Workspace/install/robot_control/share/robot_control/environment/ament_prefix_path.dsv
[13.640s] -- Up-to-date: /home/salman/Ros2_Workspace/install/robot_control/share/robot_control/environment/path.sh
[13.641s] -- Installing: /home/salman/Ros2_Workspace/install/robot_control/share/robot_control/environment/path.dsv
[13.641s] -- Up-to-date: /home/salman/Ros2_Workspace/install/robot_control/share/robot_control/local_setup.bash
[13.643s] -- Up-to-date: /home/salman/Ros2_Workspace/install/robot_control/share/robot_control/local_setup.sh
[13.644s] -- Up-to-date: /home/salman/Ros2_Workspace/install/robot_control/share/robot_control/local_setup.zsh
[13.644s] -- Installing: /home/salman/Ros2_Workspace/install/robot_control/share/robot_control/local_setup.dsv
[13.645s] -- Installing: /home/salman/Ros2_Workspace/install/robot_control/share/robot_control/package.dsv
[13.645s] -- Up-to-date: /home/salman/Ros2_Workspace/install/robot_control/share/ament_index/resource_index/packages/robot_control
[13.645s] -- Up-to-date: /home/salman/Ros2_Workspace/install/robot_control/share/robot_control/cmake/robot_controlConfig.cmake
[13.645s] -- Up-to-date: /home/salman/Ros2_Workspace/install/robot_control/share/robot_control/cmake/robot_controlConfig-version.cmake
[13.648s] -- Installing: /home/salman/Ros2_Workspace/install/robot_control/share/robot_control/package.xml
[13.649s] Invoked command in '/home/salman/Ros2_Workspace/build/robot_control' returned '0': CMAKE_PREFIX_PATH=${CMAKE_PREFIX_PATH}:/home/salman/Ros2_Workspace/install/CRX-10iA_L_description:/opt/ros/humble /usr/bin/cmake --install /home/salman/Ros2_Workspace/build/robot_control
