[1.301s] Invoking command in '/home/salman/Ros2_Workspace/build/robot_control': CMAKE_PREFIX_PATH=${CMAKE_PREFIX_PATH}:/home/salman/Ros2_Workspace/install/CRX-10iA_L_description:/opt/ros/humble /usr/bin/cmake --build /home/salman/Ros2_Workspace/build/robot_control -- -j4 -l4
[2.089s] [100%] Built target motion_control
[2.143s] Invoked command in '/home/salman/Ros2_Workspace/build/robot_control' returned '0': CMAKE_PREFIX_PATH=${CMAKE_PREFIX_PATH}:/home/salman/Ros2_Workspace/install/CRX-10iA_L_description:/opt/ros/humble /usr/bin/cmake --build /home/salman/Ros2_Workspace/build/robot_control -- -j4 -l4
[2.306s] Invoking command in '/home/salman/Ros2_Workspace/build/robot_control': CMAKE_PREFIX_PATH=${CMAKE_PREFIX_PATH}:/home/salman/Ros2_Workspace/install/CRX-10iA_L_description:/opt/ros/humble /usr/bin/cmake --install /home/salman/Ros2_Workspace/build/robot_control
[2.338s] -- Install configuration: ""
[2.350s] -- Up-to-date: /home/salman/Ros2_Workspace/install/robot_control/lib/robot_control/motion_control
[2.352s] -- Up-to-date: /home/salman/Ros2_Workspace/install/robot_control/share/robot_control/launch
[2.355s] -- Up-to-date: /home/salman/Ros2_Workspace/install/robot_control/share/robot_control/launch/gazebo.launch.py
[2.356s] -- Up-to-date: /home/salman/Ros2_Workspace/install/robot_control/share/robot_control/launch/display.launch.py
[2.357s] -- Installing: /home/salman/Ros2_Workspace/install/robot_control/share/robot_control/launch/motion.launch.py
[2.358s] -- Up-to-date: /home/salman/Ros2_Workspace/install/robot_control/share/robot_control/urdf
[2.358s] -- Up-to-date: /home/salman/Ros2_Workspace/install/robot_control/share/robot_control/urdf/CRX-10iA_L.trans
[2.359s] -- Up-to-date: /home/salman/Ros2_Workspace/install/robot_control/share/robot_control/urdf/materials.xacro
[2.360s] -- Up-to-date: /home/salman/Ros2_Workspace/install/robot_control/share/robot_control/urdf/CRX-10iA_L.gazebo
[2.361s] -- Up-to-date: /home/salman/Ros2_Workspace/install/robot_control/share/robot_control/urdf/CRX-10iA_L.xacro
[2.366s] -- Up-to-date: /home/salman/Ros2_Workspace/install/robot_control/share/robot_control/meshes
[2.367s] -- Up-to-date: /home/salman/Ros2_Workspace/install/robot_control/share/robot_control/meshes/CRX-10iAL_MotionEnvelope_J5AxisRotation_1.stl
[2.367s] -- Up-to-date: /home/salman/Ros2_Workspace/install/robot_control/share/robot_control/meshes/CRX-10iAL_MotionEnvelope_EndofFlange_1.stl
[2.369s] -- Up-to-date: /home/salman/Ros2_Workspace/install/robot_control/share/robot_control/meshes/CRX-10iAL_Axis3_1.stl
[2.369s] -- Up-to-date: /home/salman/Ros2_Workspace/install/robot_control/share/robot_control/meshes/CRX-10iAL_Axis4_1.stl
[2.369s] -- Up-to-date: /home/salman/Ros2_Workspace/install/robot_control/share/robot_control/meshes/CRX-10iAL_Axis6_WithConnectors_1.stl
[2.370s] -- Up-to-date: /home/salman/Ros2_Workspace/install/robot_control/share/robot_control/meshes/CORDGRIP.stl
[2.371s] -- Up-to-date: /home/salman/Ros2_Workspace/install/robot_control/share/robot_control/meshes/J1PLATE.stl
[2.371s] -- Up-to-date: /home/salman/Ros2_Workspace/install/robot_control/share/robot_control/meshes/CRX-10iAL_Axis5_1.stl
[2.371s] -- Up-to-date: /home/salman/Ros2_Workspace/install/robot_control/share/robot_control/meshes/CAM.stl
[2.371s] -- Up-to-date: /home/salman/Ros2_Workspace/install/robot_control/share/robot_control/meshes/base_link.stl
[2.372s] -- Up-to-date: /home/salman/Ros2_Workspace/install/robot_control/share/robot_control/meshes/CRX-10iAL_MaxReachReference_1.stl
[2.372s] -- Up-to-date: /home/salman/Ros2_Workspace/install/robot_control/share/robot_control/meshes/CRX-10iAL_Axis2_1.stl
[2.372s] -- Up-to-date: /home/salman/Ros2_Workspace/install/robot_control/share/robot_control/meshes/CONNECTOR_UNIT.stl
[2.373s] -- Up-to-date: /home/salman/Ros2_Workspace/install/robot_control/share/robot_control/meshes/CRX-10iAL_Axis1_1.stl
[2.373s] -- Up-to-date: /home/salman/Ros2_Workspace/install/robot_control/share/robot_control/config
[2.373s] -- Up-to-date: /home/salman/Ros2_Workspace/install/robot_control/share/robot_control/config/display.rviz
[2.375s] -- Up-to-date: /home/salman/Ros2_Workspace/install/robot_control/share/robot_control/config/joint_controller.yaml
[2.376s] -- Up-to-date: /home/salman/Ros2_Workspace/install/robot_control/share/ament_index/resource_index/package_run_dependencies/robot_control
[2.376s] -- Up-to-date: /home/salman/Ros2_Workspace/install/robot_control/share/ament_index/resource_index/parent_prefix_path/robot_control
[2.376s] -- Up-to-date: /home/salman/Ros2_Workspace/install/robot_control/share/robot_control/environment/ament_prefix_path.sh
[2.377s] -- Up-to-date: /home/salman/Ros2_Workspace/install/robot_control/share/robot_control/environment/ament_prefix_path.dsv
[2.377s] -- Up-to-date: /home/salman/Ros2_Workspace/install/robot_control/share/robot_control/environment/path.sh
[2.377s] -- Up-to-date: /home/salman/Ros2_Workspace/install/robot_control/share/robot_control/environment/path.dsv
[2.377s] -- Up-to-date: /home/salman/Ros2_Workspace/install/robot_control/share/robot_control/local_setup.bash
[2.377s] -- Up-to-date: /home/salman/Ros2_Workspace/install/robot_control/share/robot_control/local_setup.sh
[2.378s] -- Up-to-date: /home/salman/Ros2_Workspace/install/robot_control/share/robot_control/local_setup.zsh
[2.378s] -- Up-to-date: /home/salman/Ros2_Workspace/install/robot_control/share/robot_control/local_setup.dsv
[2.378s] -- Installing: /home/salman/Ros2_Workspace/install/robot_control/share/robot_control/package.dsv
[2.378s] -- Up-to-date: /home/salman/Ros2_Workspace/install/robot_control/share/ament_index/resource_index/packages/robot_control
[2.379s] -- Up-to-date: /home/salman/Ros2_Workspace/install/robot_control/share/robot_control/cmake/robot_controlConfig.cmake
[2.379s] -- Up-to-date: /home/salman/Ros2_Workspace/install/robot_control/share/robot_control/cmake/robot_controlConfig-version.cmake
[2.379s] -- Up-to-date: /home/salman/Ros2_Workspace/install/robot_control/share/robot_control/package.xml
[2.385s] Invoked command in '/home/salman/Ros2_Workspace/build/robot_control' returned '0': CMAKE_PREFIX_PATH=${CMAKE_PREFIX_PATH}:/home/salman/Ros2_Workspace/install/CRX-10iA_L_description:/opt/ros/humble /usr/bin/cmake --install /home/salman/Ros2_Workspace/build/robot_control
