[0.021s] Invoking command in '/home/salman/Ros2_Workspace/build/mycobot_gazebo': CMAKE_PREFIX_PATH=${CMAKE_PREFIX_PATH}:/home/salman/Ros2_Workspace/install/CRX-10iA_L_description:/opt/ros/humble /usr/bin/cmake /home/salman/Ros2_Workspace/src/mycobot_ros2/mycobot_gazebo -DCMAKE_INSTALL_PREFIX=/home/salman/Ros2_Workspace/install/mycobot_gazebo
[0.325s] -- The C compiler identification is GNU 11.4.0
[0.478s] -- The CXX compiler identification is GNU 11.4.0
[0.520s] -- Detecting C compiler ABI info
[0.687s] -- Detecting C compiler ABI info - done
[0.694s] -- Check for working C compiler: /usr/bin/cc - skipped
[0.695s] -- Detecting C compile features
[0.698s] -- Detecting C compile features - done
[0.704s] -- Detecting CXX compiler ABI info
[0.824s] -- Detecting CXX compiler ABI info - done
[0.841s] -- Check for working CXX compiler: /usr/bin/c++ - skipped
[0.841s] -- Detecting CXX compile features
[0.843s] -- Detecting CXX compile features - done
[0.853s] -- Found ament_cmake: 1.3.10 (/opt/ros/humble/share/ament_cmake/cmake)
[1.137s] -- Found Python3: /usr/bin/python3 (found version "3.10.12") found components: Interpreter 
[1.331s] -- Found ament_lint_auto: 0.12.11 (/opt/ros/humble/share/ament_lint_auto/cmake)
[1.551s] -- Added test 'flake8' to check Python code syntax and style conventions
[1.555s] -- Added test 'lint_cmake' to check CMake code style
[1.557s] -- Added test 'pep257' to check Python code against some of the docstring style conventions in PEP 257
[1.560s] -- Added test 'xmllint' to check XML markup files
[1.564s] -- Configuring done
[1.568s] -- Generating done
[1.570s] -- Build files have been written to: /home/salman/Ros2_Workspace/build/mycobot_gazebo
[1.580s] Invoked command in '/home/salman/Ros2_Workspace/build/mycobot_gazebo' returned '0': CMAKE_PREFIX_PATH=${CMAKE_PREFIX_PATH}:/home/salman/Ros2_Workspace/install/CRX-10iA_L_description:/opt/ros/humble /usr/bin/cmake /home/salman/Ros2_Workspace/src/mycobot_ros2/mycobot_gazebo -DCMAKE_INSTALL_PREFIX=/home/salman/Ros2_Workspace/install/mycobot_gazebo
[1.582s] Invoking command in '/home/salman/Ros2_Workspace/build/mycobot_gazebo': CMAKE_PREFIX_PATH=${CMAKE_PREFIX_PATH}:/home/salman/Ros2_Workspace/install/CRX-10iA_L_description:/opt/ros/humble /usr/bin/cmake --build /home/salman/Ros2_Workspace/build/mycobot_gazebo -- -j4 -l4
[1.640s] Invoked command in '/home/salman/Ros2_Workspace/build/mycobot_gazebo' returned '0': CMAKE_PREFIX_PATH=${CMAKE_PREFIX_PATH}:/home/salman/Ros2_Workspace/install/CRX-10iA_L_description:/opt/ros/humble /usr/bin/cmake --build /home/salman/Ros2_Workspace/build/mycobot_gazebo -- -j4 -l4
[1.675s] Invoking command in '/home/salman/Ros2_Workspace/build/mycobot_gazebo': CMAKE_PREFIX_PATH=${CMAKE_PREFIX_PATH}:/home/salman/Ros2_Workspace/install/CRX-10iA_L_description:/opt/ros/humble /usr/bin/cmake --install /home/salman/Ros2_Workspace/build/mycobot_gazebo
[1.685s] -- Install configuration: ""
[1.687s] -- Installing: /home/salman/Ros2_Workspace/install/mycobot_gazebo/share/ament_index/resource_index/package_run_dependencies/mycobot_gazebo
[1.688s] -- Installing: /home/salman/Ros2_Workspace/install/mycobot_gazebo/share/ament_index/resource_index/parent_prefix_path/mycobot_gazebo
[1.689s] -- Installing: /home/salman/Ros2_Workspace/install/mycobot_gazebo/share/mycobot_gazebo/environment/ament_prefix_path.sh
[1.690s] -- Installing: /home/salman/Ros2_Workspace/install/mycobot_gazebo/share/mycobot_gazebo/environment/ament_prefix_path.dsv
[1.691s] -- Installing: /home/salman/Ros2_Workspace/install/mycobot_gazebo/share/mycobot_gazebo/environment/path.sh
[1.691s] -- Installing: /home/salman/Ros2_Workspace/install/mycobot_gazebo/share/mycobot_gazebo/environment/path.dsv
[1.692s] -- Installing: /home/salman/Ros2_Workspace/install/mycobot_gazebo/share/mycobot_gazebo/local_setup.bash
[1.693s] -- Installing: /home/salman/Ros2_Workspace/install/mycobot_gazebo/share/mycobot_gazebo/local_setup.sh
[1.693s] -- Installing: /home/salman/Ros2_Workspace/install/mycobot_gazebo/share/mycobot_gazebo/local_setup.zsh
[1.694s] -- Installing: /home/salman/Ros2_Workspace/install/mycobot_gazebo/share/mycobot_gazebo/local_setup.dsv
[1.694s] -- Installing: /home/salman/Ros2_Workspace/install/mycobot_gazebo/share/mycobot_gazebo/package.dsv
[1.696s] -- Installing: /home/salman/Ros2_Workspace/install/mycobot_gazebo/share/ament_index/resource_index/packages/mycobot_gazebo
[1.696s] -- Installing: /home/salman/Ros2_Workspace/install/mycobot_gazebo/share/mycobot_gazebo/cmake/mycobot_gazeboConfig.cmake
[1.697s] -- Installing: /home/salman/Ros2_Workspace/install/mycobot_gazebo/share/mycobot_gazebo/cmake/mycobot_gazeboConfig-version.cmake
[1.697s] -- Installing: /home/salman/Ros2_Workspace/install/mycobot_gazebo/share/mycobot_gazebo/package.xml
[1.706s] Invoked command in '/home/salman/Ros2_Workspace/build/mycobot_gazebo' returned '0': CMAKE_PREFIX_PATH=${CMAKE_PREFIX_PATH}:/home/salman/Ros2_Workspace/install/CRX-10iA_L_description:/opt/ros/humble /usr/bin/cmake --install /home/salman/Ros2_Workspace/build/mycobot_gazebo
