[0.525s] Invoking command in '/home/salman/Ros2_Workspace/build/robot_control': CMAKE_PREFIX_PATH=${CMAKE_PREFIX_PATH}:/home/salman/Ros2_Workspace/install/CRX-10iA_L_description:/opt/ros/humble /usr/bin/cmake --build /home/salman/Ros2_Workspace/build/robot_control -- -j4 -l4
[0.675s] [ 50%] [32mBuilding CXX object CMakeFiles/motion_control.dir/src/motion_control.cpp.o[0m
[14.840s] [100%] [32m[1mLinking CXX executable motion_control[0m
[15.438s] [100%] Built target motion_control
[15.474s] Invoked command in '/home/salman/Ros2_Workspace/build/robot_control' returned '0': CMAKE_PREFIX_PATH=${CMAKE_PREFIX_PATH}:/home/salman/Ros2_Workspace/install/CRX-10iA_L_description:/opt/ros/humble /usr/bin/cmake --build /home/salman/Ros2_Workspace/build/robot_control -- -j4 -l4
[15.565s] Invoking command in '/home/salman/Ros2_Workspace/build/robot_control': CMAKE_PREFIX_PATH=${CMAKE_PREFIX_PATH}:/home/salman/Ros2_Workspace/install/CRX-10iA_L_description:/opt/ros/humble /usr/bin/cmake --install /home/salman/Ros2_Workspace/build/robot_control
[15.585s] -- Install configuration: ""
[15.586s] -- Installing: /home/salman/Ros2_Workspace/install/robot_control/lib/robot_control/motion_control
[15.588s] -- Set runtime path of "/home/salman/Ros2_Workspace/install/robot_control/lib/robot_control/motion_control" to ""
[15.589s] -- Up-to-date: /home/salman/Ros2_Workspace/install/robot_control/share/robot_control/launch
[15.590s] -- Installing: /home/salman/Ros2_Workspace/install/robot_control/share/robot_control/launch/gazebo.launch.py
[15.591s] -- Up-to-date: /home/salman/Ros2_Workspace/install/robot_control/share/robot_control/launch/display.launch.py
[15.591s] -- Up-to-date: /home/salman/Ros2_Workspace/install/robot_control/share/robot_control/urdf
[15.591s] -- Up-to-date: /home/salman/Ros2_Workspace/install/robot_control/share/robot_control/urdf/CRX-10iA_L.trans
[15.592s] -- Up-to-date: /home/salman/Ros2_Workspace/install/robot_control/share/robot_control/urdf/materials.xacro
[15.592s] -- Up-to-date: /home/salman/Ros2_Workspace/install/robot_control/share/robot_control/urdf/CRX-10iA_L.gazebo
[15.592s] -- Up-to-date: /home/salman/Ros2_Workspace/install/robot_control/share/robot_control/urdf/CRX-10iA_L.xacro
[15.593s] -- Up-to-date: /home/salman/Ros2_Workspace/install/robot_control/share/robot_control/meshes
[15.593s] -- Up-to-date: /home/salman/Ros2_Workspace/install/robot_control/share/robot_control/meshes/CRX-10iAL_MotionEnvelope_J5AxisRotation_1.stl
[15.594s] -- Up-to-date: /home/salman/Ros2_Workspace/install/robot_control/share/robot_control/meshes/CRX-10iAL_MotionEnvelope_EndofFlange_1.stl
[15.594s] -- Up-to-date: /home/salman/Ros2_Workspace/install/robot_control/share/robot_control/meshes/CRX-10iAL_Axis3_1.stl
[15.594s] -- Up-to-date: /home/salman/Ros2_Workspace/install/robot_control/share/robot_control/meshes/CRX-10iAL_Axis4_1.stl
[15.594s] -- Up-to-date: /home/salman/Ros2_Workspace/install/robot_control/share/robot_control/meshes/CRX-10iAL_Axis6_WithConnectors_1.stl
[15.595s] -- Up-to-date: /home/salman/Ros2_Workspace/install/robot_control/share/robot_control/meshes/CORDGRIP.stl
[15.595s] -- Up-to-date: /home/salman/Ros2_Workspace/install/robot_control/share/robot_control/meshes/J1PLATE.stl
[15.596s] -- Up-to-date: /home/salman/Ros2_Workspace/install/robot_control/share/robot_control/meshes/CRX-10iAL_Axis5_1.stl
[15.596s] -- Up-to-date: /home/salman/Ros2_Workspace/install/robot_control/share/robot_control/meshes/CAM.stl
[15.597s] -- Up-to-date: /home/salman/Ros2_Workspace/install/robot_control/share/robot_control/meshes/base_link.stl
[15.598s] -- Up-to-date: /home/salman/Ros2_Workspace/install/robot_control/share/robot_control/meshes/CRX-10iAL_MaxReachReference_1.stl
[15.598s] -- Up-to-date: /home/salman/Ros2_Workspace/install/robot_control/share/robot_control/meshes/CRX-10iAL_Axis2_1.stl
[15.599s] -- Up-to-date: /home/salman/Ros2_Workspace/install/robot_control/share/robot_control/meshes/CONNECTOR_UNIT.stl
[15.600s] -- Up-to-date: /home/salman/Ros2_Workspace/install/robot_control/share/robot_control/meshes/CRX-10iAL_Axis1_1.stl
[15.600s] -- Up-to-date: /home/salman/Ros2_Workspace/install/robot_control/share/robot_control/config
[15.601s] -- Up-to-date: /home/salman/Ros2_Workspace/install/robot_control/share/robot_control/config/joint_controller.yaml
[15.602s] -- Up-to-date: /home/salman/Ros2_Workspace/install/robot_control/share/ament_index/resource_index/package_run_dependencies/robot_control
[15.602s] -- Up-to-date: /home/salman/Ros2_Workspace/install/robot_control/share/ament_index/resource_index/parent_prefix_path/robot_control
[15.603s] -- Up-to-date: /home/salman/Ros2_Workspace/install/robot_control/share/robot_control/environment/ament_prefix_path.sh
[15.603s] -- Up-to-date: /home/salman/Ros2_Workspace/install/robot_control/share/robot_control/environment/ament_prefix_path.dsv
[15.603s] -- Up-to-date: /home/salman/Ros2_Workspace/install/robot_control/share/robot_control/environment/path.sh
[15.604s] -- Up-to-date: /home/salman/Ros2_Workspace/install/robot_control/share/robot_control/environment/path.dsv
[15.604s] -- Up-to-date: /home/salman/Ros2_Workspace/install/robot_control/share/robot_control/local_setup.bash
[15.605s] -- Up-to-date: /home/salman/Ros2_Workspace/install/robot_control/share/robot_control/local_setup.sh
[15.605s] -- Up-to-date: /home/salman/Ros2_Workspace/install/robot_control/share/robot_control/local_setup.zsh
[15.606s] -- Up-to-date: /home/salman/Ros2_Workspace/install/robot_control/share/robot_control/local_setup.dsv
[15.606s] -- Installing: /home/salman/Ros2_Workspace/install/robot_control/share/robot_control/package.dsv
[15.606s] -- Up-to-date: /home/salman/Ros2_Workspace/install/robot_control/share/ament_index/resource_index/packages/robot_control
[15.607s] -- Up-to-date: /home/salman/Ros2_Workspace/install/robot_control/share/robot_control/cmake/robot_controlConfig.cmake
[15.607s] -- Up-to-date: /home/salman/Ros2_Workspace/install/robot_control/share/robot_control/cmake/robot_controlConfig-version.cmake
[15.608s] -- Up-to-date: /home/salman/Ros2_Workspace/install/robot_control/share/robot_control/package.xml
[15.608s] Invoked command in '/home/salman/Ros2_Workspace/build/robot_control' returned '0': CMAKE_PREFIX_PATH=${CMAKE_PREFIX_PATH}:/home/salman/Ros2_Workspace/install/CRX-10iA_L_description:/opt/ros/humble /usr/bin/cmake --install /home/salman/Ros2_Workspace/build/robot_control
