[0.418s] DEBUG:colcon:Command line arguments: ['/usr/bin/colcon', 'build']
[0.418s] DEBUG:colcon:Parsed command line arguments: Namespace(log_base=None, log_level=None, verb_name='build', build_base='build', install_base='install', merge_install=False, symlink_install=False, test_result_base=None, continue_on_error=False, executor='parallel', parallel_workers=4, event_handlers=None, ignore_user_meta=False, metas=['./colcon.meta'], base_paths=['.'], packages_ignore=None, packages_ignore_regex=None, paths=None, packages_up_to=None, packages_up_to_regex=None, packages_above=None, packages_above_and_dependencies=None, packages_above_depth=None, packages_select_by_dep=None, packages_skip_by_dep=None, packages_skip_up_to=None, packages_select_build_failed=False, packages_skip_build_finished=False, packages_select_test_failures=False, packages_skip_test_passed=False, packages_select=None, packages_skip=None, packages_select_regex=None, packages_skip_regex=None, packages_start=None, packages_end=None, allow_overriding=[], cmake_args=None, cmake_target=None, cmake_target_skip_unavailable=False, cmake_clean_cache=False, cmake_clean_first=False, cmake_force_configure=False, ament_cmake_args=None, catkin_cmake_args=None, catkin_skip_building_tests=False, mixin_files=None, mixin=None, verb_parser=<colcon_mixin.mixin.mixin_argument.MixinArgumentDecorator object at 0x71a1454fe200>, verb_extension=<colcon_core.verb.build.BuildVerb object at 0x71a1454fdc90>, main=<bound method BuildVerb.main of <colcon_core.verb.build.BuildVerb object at 0x71a1454fdc90>>, mixin_verb=('build',))
[1.244s] Level 1:colcon.colcon_core.package_discovery:discover_packages(colcon_meta) check parameters
[1.245s] Level 1:colcon.colcon_core.package_discovery:discover_packages(recursive) check parameters
[1.245s] Level 1:colcon.colcon_core.package_discovery:discover_packages(ignore) check parameters
[1.245s] Level 1:colcon.colcon_core.package_discovery:discover_packages(path) check parameters
[1.245s] Level 1:colcon.colcon_core.package_discovery:discover_packages(colcon_meta) discover
[1.245s] Level 1:colcon.colcon_core.package_discovery:discover_packages(recursive) discover
[1.245s] INFO:colcon.colcon_core.package_discovery:Crawling recursively for packages in '/home/salman/Ros2_Workspace'
[1.245s] Level 1:colcon.colcon_core.package_identification:_identify(.) by extensions ['ignore', 'ignore_ament_install']
[1.245s] Level 1:colcon.colcon_core.package_identification:_identify(.) by extension 'ignore'
[1.245s] Level 1:colcon.colcon_core.package_identification:_identify(.) by extension 'ignore_ament_install'
[1.245s] Level 1:colcon.colcon_core.package_identification:_identify(.) by extensions ['colcon_pkg']
[1.245s] Level 1:colcon.colcon_core.package_identification:_identify(.) by extension 'colcon_pkg'
[1.245s] Level 1:colcon.colcon_core.package_identification:_identify(.) by extensions ['colcon_meta']
[1.245s] Level 1:colcon.colcon_core.package_identification:_identify(.) by extension 'colcon_meta'
[1.245s] Level 1:colcon.colcon_core.package_identification:_identify(.) by extensions ['ros']
[1.245s] Level 1:colcon.colcon_core.package_identification:_identify(.) by extension 'ros'
[1.259s] Level 1:colcon.colcon_core.package_identification:_identify(.) by extensions ['cmake', 'python']
[1.260s] Level 1:colcon.colcon_core.package_identification:_identify(.) by extension 'cmake'
[1.260s] Level 1:colcon.colcon_core.package_identification:_identify(.) by extension 'python'
[1.260s] Level 1:colcon.colcon_core.package_identification:_identify(.) by extensions ['python_setup_py']
[1.260s] Level 1:colcon.colcon_core.package_identification:_identify(.) by extension 'python_setup_py'
[1.260s] Level 1:colcon.colcon_core.package_identification:_identify(build) by extensions ['ignore', 'ignore_ament_install']
[1.260s] Level 1:colcon.colcon_core.package_identification:_identify(build) by extension 'ignore'
[1.260s] Level 1:colcon.colcon_core.package_identification:_identify(build) ignored
[1.260s] Level 1:colcon.colcon_core.package_identification:_identify(install) by extensions ['ignore', 'ignore_ament_install']
[1.260s] Level 1:colcon.colcon_core.package_identification:_identify(install) by extension 'ignore'
[1.260s] Level 1:colcon.colcon_core.package_identification:_identify(install) ignored
[1.261s] Level 1:colcon.colcon_core.package_identification:_identify(log) by extensions ['ignore', 'ignore_ament_install']
[1.261s] Level 1:colcon.colcon_core.package_identification:_identify(log) by extension 'ignore'
[1.261s] Level 1:colcon.colcon_core.package_identification:_identify(log) ignored
[1.261s] Level 1:colcon.colcon_core.package_identification:_identify(src) by extensions ['ignore', 'ignore_ament_install']
[1.261s] Level 1:colcon.colcon_core.package_identification:_identify(src) by extension 'ignore'
[1.261s] Level 1:colcon.colcon_core.package_identification:_identify(src) by extension 'ignore_ament_install'
[1.261s] Level 1:colcon.colcon_core.package_identification:_identify(src) by extensions ['colcon_pkg']
[1.261s] Level 1:colcon.colcon_core.package_identification:_identify(src) by extension 'colcon_pkg'
[1.261s] Level 1:colcon.colcon_core.package_identification:_identify(src) by extensions ['colcon_meta']
[1.261s] Level 1:colcon.colcon_core.package_identification:_identify(src) by extension 'colcon_meta'
[1.261s] Level 1:colcon.colcon_core.package_identification:_identify(src) by extensions ['ros']
[1.261s] Level 1:colcon.colcon_core.package_identification:_identify(src) by extension 'ros'
[1.261s] Level 1:colcon.colcon_core.package_identification:_identify(src) by extensions ['cmake', 'python']
[1.261s] Level 1:colcon.colcon_core.package_identification:_identify(src) by extension 'cmake'
[1.261s] Level 1:colcon.colcon_core.package_identification:_identify(src) by extension 'python'
[1.261s] Level 1:colcon.colcon_core.package_identification:_identify(src) by extensions ['python_setup_py']
[1.262s] Level 1:colcon.colcon_core.package_identification:_identify(src) by extension 'python_setup_py'
[1.262s] Level 1:colcon.colcon_core.package_identification:_identify(src/CRX-10iA_L_description) by extensions ['ignore', 'ignore_ament_install']
[1.262s] Level 1:colcon.colcon_core.package_identification:_identify(src/CRX-10iA_L_description) by extension 'ignore'
[1.262s] Level 1:colcon.colcon_core.package_identification:_identify(src/CRX-10iA_L_description) by extension 'ignore_ament_install'
[1.262s] Level 1:colcon.colcon_core.package_identification:_identify(src/CRX-10iA_L_description) by extensions ['colcon_pkg']
[1.262s] Level 1:colcon.colcon_core.package_identification:_identify(src/CRX-10iA_L_description) by extension 'colcon_pkg'
[1.262s] Level 1:colcon.colcon_core.package_identification:_identify(src/CRX-10iA_L_description) by extensions ['colcon_meta']
[1.262s] Level 1:colcon.colcon_core.package_identification:_identify(src/CRX-10iA_L_description) by extension 'colcon_meta'
[1.262s] Level 1:colcon.colcon_core.package_identification:_identify(src/CRX-10iA_L_description) by extensions ['ros']
[1.262s] Level 1:colcon.colcon_core.package_identification:_identify(src/CRX-10iA_L_description) by extension 'ros'
[1.268s] DEBUG:colcon.colcon_core.package_identification:Package 'src/CRX-10iA_L_description' with type 'ros.ament_python' and name 'CRX-10iA_L_description'
[1.269s] Level 1:colcon.colcon_core.package_identification:_identify(src/robot_control) by extensions ['ignore', 'ignore_ament_install']
[1.269s] Level 1:colcon.colcon_core.package_identification:_identify(src/robot_control) by extension 'ignore'
[1.269s] Level 1:colcon.colcon_core.package_identification:_identify(src/robot_control) by extension 'ignore_ament_install'
[1.269s] Level 1:colcon.colcon_core.package_identification:_identify(src/robot_control) by extensions ['colcon_pkg']
[1.269s] Level 1:colcon.colcon_core.package_identification:_identify(src/robot_control) by extension 'colcon_pkg'
[1.269s] Level 1:colcon.colcon_core.package_identification:_identify(src/robot_control) by extensions ['colcon_meta']
[1.269s] Level 1:colcon.colcon_core.package_identification:_identify(src/robot_control) by extension 'colcon_meta'
[1.269s] Level 1:colcon.colcon_core.package_identification:_identify(src/robot_control) by extensions ['ros']
[1.270s] Level 1:colcon.colcon_core.package_identification:_identify(src/robot_control) by extension 'ros'
[1.272s] DEBUG:colcon.colcon_core.package_identification:Package 'src/robot_control' with type 'ros.ament_cmake' and name 'robot_control'
[1.272s] Level 1:colcon.colcon_core.package_discovery:discover_packages(recursive) using defaults
[1.272s] Level 1:colcon.colcon_core.package_discovery:discover_packages(ignore) discover
[1.272s] Level 1:colcon.colcon_core.package_discovery:discover_packages(ignore) using defaults
[1.272s] Level 1:colcon.colcon_core.package_discovery:discover_packages(path) discover
[1.272s] Level 1:colcon.colcon_core.package_discovery:discover_packages(path) using defaults
[1.329s] Level 1:colcon.colcon_core.package_discovery:discover_packages(prefix_path) check parameters
[1.330s] Level 1:colcon.colcon_core.package_discovery:discover_packages(prefix_path) discover
[1.356s] DEBUG:colcon.colcon_installed_package_information.package_discovery:Found 7 installed packages in /home/salman/ros2_ws/install
[1.357s] DEBUG:colcon.colcon_installed_package_information.package_discovery:Found 3 installed packages in /home/salman/Ros2_Workspace/install
[1.361s] DEBUG:colcon.colcon_installed_package_information.package_discovery:Found 357 installed packages in /opt/ros/humble
[1.389s] Level 1:colcon.colcon_core.package_discovery:discover_packages(prefix_path) using defaults
[1.541s] Level 5:colcon.colcon_core.verb:set package 'CRX-10iA_L_description' build argument 'cmake_args' from command line to 'None'
[1.541s] Level 5:colcon.colcon_core.verb:set package 'CRX-10iA_L_description' build argument 'cmake_target' from command line to 'None'
[1.541s] Level 5:colcon.colcon_core.verb:set package 'CRX-10iA_L_description' build argument 'cmake_target_skip_unavailable' from command line to 'False'
[1.541s] Level 5:colcon.colcon_core.verb:set package 'CRX-10iA_L_description' build argument 'cmake_clean_cache' from command line to 'False'
[1.541s] Level 5:colcon.colcon_core.verb:set package 'CRX-10iA_L_description' build argument 'cmake_clean_first' from command line to 'False'
[1.541s] Level 5:colcon.colcon_core.verb:set package 'CRX-10iA_L_description' build argument 'cmake_force_configure' from command line to 'False'
[1.541s] Level 5:colcon.colcon_core.verb:set package 'CRX-10iA_L_description' build argument 'ament_cmake_args' from command line to 'None'
[1.541s] Level 5:colcon.colcon_core.verb:set package 'CRX-10iA_L_description' build argument 'catkin_cmake_args' from command line to 'None'
[1.541s] Level 5:colcon.colcon_core.verb:set package 'CRX-10iA_L_description' build argument 'catkin_skip_building_tests' from command line to 'False'
[1.541s] DEBUG:colcon.colcon_core.verb:Building package 'CRX-10iA_L_description' with the following arguments: {'ament_cmake_args': None, 'build_base': '/home/salman/Ros2_Workspace/build/CRX-10iA_L_description', 'catkin_cmake_args': None, 'catkin_skip_building_tests': False, 'cmake_args': None, 'cmake_clean_cache': False, 'cmake_clean_first': False, 'cmake_force_configure': False, 'cmake_target': None, 'cmake_target_skip_unavailable': False, 'install_base': '/home/salman/Ros2_Workspace/install/CRX-10iA_L_description', 'merge_install': False, 'path': '/home/salman/Ros2_Workspace/src/CRX-10iA_L_description', 'symlink_install': False, 'test_result_base': None}
[1.542s] Level 5:colcon.colcon_core.verb:set package 'robot_control' build argument 'cmake_args' from command line to 'None'
[1.542s] Level 5:colcon.colcon_core.verb:set package 'robot_control' build argument 'cmake_target' from command line to 'None'
[1.542s] Level 5:colcon.colcon_core.verb:set package 'robot_control' build argument 'cmake_target_skip_unavailable' from command line to 'False'
[1.542s] Level 5:colcon.colcon_core.verb:set package 'robot_control' build argument 'cmake_clean_cache' from command line to 'False'
[1.542s] Level 5:colcon.colcon_core.verb:set package 'robot_control' build argument 'cmake_clean_first' from command line to 'False'
[1.542s] Level 5:colcon.colcon_core.verb:set package 'robot_control' build argument 'cmake_force_configure' from command line to 'False'
[1.542s] Level 5:colcon.colcon_core.verb:set package 'robot_control' build argument 'ament_cmake_args' from command line to 'None'
[1.542s] Level 5:colcon.colcon_core.verb:set package 'robot_control' build argument 'catkin_cmake_args' from command line to 'None'
[1.542s] Level 5:colcon.colcon_core.verb:set package 'robot_control' build argument 'catkin_skip_building_tests' from command line to 'False'
[1.542s] DEBUG:colcon.colcon_core.verb:Building package 'robot_control' with the following arguments: {'ament_cmake_args': None, 'build_base': '/home/salman/Ros2_Workspace/build/robot_control', 'catkin_cmake_args': None, 'catkin_skip_building_tests': False, 'cmake_args': None, 'cmake_clean_cache': False, 'cmake_clean_first': False, 'cmake_force_configure': False, 'cmake_target': None, 'cmake_target_skip_unavailable': False, 'install_base': '/home/salman/Ros2_Workspace/install/robot_control', 'merge_install': False, 'path': '/home/salman/Ros2_Workspace/src/robot_control', 'symlink_install': False, 'test_result_base': None}
[1.542s] INFO:colcon.colcon_core.executor:Executing jobs using 'parallel' executor
[1.543s] DEBUG:colcon.colcon_parallel_executor.executor.parallel:run_until_complete
[1.544s] INFO:colcon.colcon_ros.task.ament_python.build:Building ROS package in '/home/salman/Ros2_Workspace/src/CRX-10iA_L_description' with build type 'ament_python'
[1.544s] Level 1:colcon.colcon_core.shell:create_environment_hook('CRX-10iA_L_description', 'ament_prefix_path')
[1.556s] INFO:colcon.colcon_core.plugin_system:Skipping extension 'colcon_core.shell.bat': Not used on non-Windows systems
[1.556s] INFO:colcon.colcon_core.shell:Creating environment hook '/home/salman/Ros2_Workspace/install/CRX-10iA_L_description/share/CRX-10iA_L_description/hook/ament_prefix_path.ps1'
[1.558s] INFO:colcon.colcon_core.shell:Creating environment descriptor '/home/salman/Ros2_Workspace/install/CRX-10iA_L_description/share/CRX-10iA_L_description/hook/ament_prefix_path.dsv'
[1.560s] INFO:colcon.colcon_core.shell:Creating environment hook '/home/salman/Ros2_Workspace/install/CRX-10iA_L_description/share/CRX-10iA_L_description/hook/ament_prefix_path.sh'
[1.563s] INFO:colcon.colcon_core.shell:Skip shell extension 'powershell' for command environment: Not usable outside of PowerShell
[1.563s] DEBUG:colcon.colcon_core.shell:Skip shell extension 'dsv' for command environment
[1.573s] INFO:colcon.colcon_ros.task.ament_cmake.build:Building ROS package in '/home/salman/Ros2_Workspace/src/robot_control' with build type 'ament_cmake'
[1.573s] INFO:colcon.colcon_cmake.task.cmake.build:Building CMake package in '/home/salman/Ros2_Workspace/src/robot_control'
[1.573s] INFO:colcon.colcon_core.shell:Skip shell extension 'powershell' for command environment: Not usable outside of PowerShell
[1.573s] DEBUG:colcon.colcon_core.shell:Skip shell extension 'dsv' for command environment
[2.019s] INFO:colcon.colcon_core.task.python.build:Building Python package in '/home/salman/Ros2_Workspace/src/CRX-10iA_L_description'
[2.019s] INFO:colcon.colcon_core.shell:Skip shell extension 'powershell' for command environment: Not usable outside of PowerShell
[2.019s] DEBUG:colcon.colcon_core.shell:Skip shell extension 'dsv' for command environment
[2.064s] DEBUG:colcon.colcon_core.event_handler.log_command:Invoking command in '/home/salman/Ros2_Workspace/build/robot_control': CMAKE_PREFIX_PATH=${CMAKE_PREFIX_PATH}:/home/salman/Ros2_Workspace/install/CRX-10iA_L_description:/opt/ros/humble /usr/bin/cmake --build /home/salman/Ros2_Workspace/build/robot_control -- -j4 -l4
[2.438s] DEBUG:colcon.colcon_core.event_handler.log_command:Invoked command in '/home/salman/Ros2_Workspace/build/robot_control' returned '0': CMAKE_PREFIX_PATH=${CMAKE_PREFIX_PATH}:/home/salman/Ros2_Workspace/install/CRX-10iA_L_description:/opt/ros/humble /usr/bin/cmake --build /home/salman/Ros2_Workspace/build/robot_control -- -j4 -l4
[2.526s] DEBUG:colcon.colcon_core.event_handler.log_command:Invoking command in '/home/salman/Ros2_Workspace/build/robot_control': CMAKE_PREFIX_PATH=${CMAKE_PREFIX_PATH}:/home/salman/Ros2_Workspace/install/CRX-10iA_L_description:/opt/ros/humble /usr/bin/cmake --install /home/salman/Ros2_Workspace/build/robot_control
[2.563s] Level 1:colcon.colcon_core.environment:create_environment_scripts_only(robot_control)
[2.564s] DEBUG:colcon.colcon_core.event_handler.log_command:Invoked command in '/home/salman/Ros2_Workspace/build/robot_control' returned '0': CMAKE_PREFIX_PATH=${CMAKE_PREFIX_PATH}:/home/salman/Ros2_Workspace/install/CRX-10iA_L_description:/opt/ros/humble /usr/bin/cmake --install /home/salman/Ros2_Workspace/build/robot_control
[2.586s] Level 1:colcon.colcon_core.environment:checking '/home/salman/Ros2_Workspace/install/robot_control' for CMake module files
[2.589s] Level 1:colcon.colcon_core.environment:checking '/home/salman/Ros2_Workspace/install/robot_control' for CMake config files
[2.590s] Level 1:colcon.colcon_core.shell:create_environment_hook('robot_control', 'cmake_prefix_path')
[2.591s] INFO:colcon.colcon_core.shell:Creating environment hook '/home/salman/Ros2_Workspace/install/robot_control/share/robot_control/hook/cmake_prefix_path.ps1'
[2.592s] INFO:colcon.colcon_core.shell:Creating environment descriptor '/home/salman/Ros2_Workspace/install/robot_control/share/robot_control/hook/cmake_prefix_path.dsv'
[2.593s] INFO:colcon.colcon_core.shell:Creating environment hook '/home/salman/Ros2_Workspace/install/robot_control/share/robot_control/hook/cmake_prefix_path.sh'
[2.595s] Level 1:colcon.colcon_core.environment:checking '/home/salman/Ros2_Workspace/install/robot_control/lib'
[2.596s] Level 1:colcon.colcon_core.environment:checking '/home/salman/Ros2_Workspace/install/robot_control/bin'
[2.596s] Level 1:colcon.colcon_core.environment:checking '/home/salman/Ros2_Workspace/install/robot_control/lib/pkgconfig/robot_control.pc'
[2.597s] Level 1:colcon.colcon_core.environment:checking '/home/salman/Ros2_Workspace/install/robot_control/lib/python3.10/site-packages'
[2.597s] Level 1:colcon.colcon_core.environment:checking '/home/salman/Ros2_Workspace/install/robot_control/bin'
[2.598s] INFO:colcon.colcon_core.shell:Creating package script '/home/salman/Ros2_Workspace/install/robot_control/share/robot_control/package.ps1'
[2.601s] INFO:colcon.colcon_core.shell:Creating package descriptor '/home/salman/Ros2_Workspace/install/robot_control/share/robot_control/package.dsv'
[2.603s] INFO:colcon.colcon_core.shell:Creating package script '/home/salman/Ros2_Workspace/install/robot_control/share/robot_control/package.sh'
[2.606s] INFO:colcon.colcon_core.shell:Creating package script '/home/salman/Ros2_Workspace/install/robot_control/share/robot_control/package.bash'
[2.609s] INFO:colcon.colcon_core.shell:Creating package script '/home/salman/Ros2_Workspace/install/robot_control/share/robot_control/package.zsh'
[2.613s] Level 1:colcon.colcon_core.environment:create_file_with_runtime_dependencies(/home/salman/Ros2_Workspace/install/robot_control/share/colcon-core/packages/robot_control)
[2.698s] Level 1:colcon.colcon_core.environment:create_environment_scripts_only(robot_control)
[2.699s] Level 1:colcon.colcon_core.environment:checking '/home/salman/Ros2_Workspace/install/robot_control' for CMake module files
[2.701s] Level 1:colcon.colcon_core.environment:checking '/home/salman/Ros2_Workspace/install/robot_control' for CMake config files
[2.702s] Level 1:colcon.colcon_core.shell:create_environment_hook('robot_control', 'cmake_prefix_path')
[2.702s] INFO:colcon.colcon_core.shell:Creating environment hook '/home/salman/Ros2_Workspace/install/robot_control/share/robot_control/hook/cmake_prefix_path.ps1'
[2.704s] INFO:colcon.colcon_core.shell:Creating environment descriptor '/home/salman/Ros2_Workspace/install/robot_control/share/robot_control/hook/cmake_prefix_path.dsv'
[2.706s] INFO:colcon.colcon_core.shell:Creating environment hook '/home/salman/Ros2_Workspace/install/robot_control/share/robot_control/hook/cmake_prefix_path.sh'
[2.709s] Level 1:colcon.colcon_core.environment:checking '/home/salman/Ros2_Workspace/install/robot_control/lib'
[2.710s] Level 1:colcon.colcon_core.environment:checking '/home/salman/Ros2_Workspace/install/robot_control/bin'
[2.710s] Level 1:colcon.colcon_core.environment:checking '/home/salman/Ros2_Workspace/install/robot_control/lib/pkgconfig/robot_control.pc'
[2.711s] Level 1:colcon.colcon_core.environment:checking '/home/salman/Ros2_Workspace/install/robot_control/lib/python3.10/site-packages'
[2.712s] Level 1:colcon.colcon_core.environment:checking '/home/salman/Ros2_Workspace/install/robot_control/bin'
[2.713s] INFO:colcon.colcon_core.shell:Creating package script '/home/salman/Ros2_Workspace/install/robot_control/share/robot_control/package.ps1'
[2.715s] INFO:colcon.colcon_core.shell:Creating package descriptor '/home/salman/Ros2_Workspace/install/robot_control/share/robot_control/package.dsv'
[2.716s] INFO:colcon.colcon_core.shell:Creating package script '/home/salman/Ros2_Workspace/install/robot_control/share/robot_control/package.sh'
[2.718s] INFO:colcon.colcon_core.shell:Creating package script '/home/salman/Ros2_Workspace/install/robot_control/share/robot_control/package.bash'
[2.720s] INFO:colcon.colcon_core.shell:Creating package script '/home/salman/Ros2_Workspace/install/robot_control/share/robot_control/package.zsh'
[2.722s] Level 1:colcon.colcon_core.environment:create_file_with_runtime_dependencies(/home/salman/Ros2_Workspace/install/robot_control/share/colcon-core/packages/robot_control)
[3.121s] DEBUG:colcon.colcon_core.event_handler.log_command:Invoking command in '/home/salman/Ros2_Workspace/src/CRX-10iA_L_description': PYTHONPATH=/home/salman/Ros2_Workspace/build/CRX-10iA_L_description/prefix_override:/usr/lib/python3/dist-packages/colcon_core/task/python/colcon_distutils_commands:/home/salman/Ros2_Workspace/install/CRX-10iA_L_description/lib/python3.10/site-packages:${PYTHONPATH} /usr/bin/python3 -W ignore:setup.py install is deprecated setup.py egg_info --egg-base ../../build/CRX-10iA_L_description build --build-base /home/salman/Ros2_Workspace/build/CRX-10iA_L_description/build install --record /home/salman/Ros2_Workspace/build/CRX-10iA_L_description/install.log --install-scripts $base/lib/CRX-10iA_L_description --single-version-externally-managed install_data
[3.555s] Level 1:colcon.colcon_core.environment:checking '/home/salman/Ros2_Workspace/install/CRX-10iA_L_description' for CMake module files
[3.557s] DEBUG:colcon.colcon_core.event_handler.log_command:Invoked command in '/home/salman/Ros2_Workspace/src/CRX-10iA_L_description' returned '0': PYTHONPATH=/home/salman/Ros2_Workspace/build/CRX-10iA_L_description/prefix_override:/usr/lib/python3/dist-packages/colcon_core/task/python/colcon_distutils_commands:/home/salman/Ros2_Workspace/install/CRX-10iA_L_description/lib/python3.10/site-packages:${PYTHONPATH} /usr/bin/python3 -W ignore:setup.py install is deprecated setup.py egg_info --egg-base ../../build/CRX-10iA_L_description build --build-base /home/salman/Ros2_Workspace/build/CRX-10iA_L_description/build install --record /home/salman/Ros2_Workspace/build/CRX-10iA_L_description/install.log --install-scripts $base/lib/CRX-10iA_L_description --single-version-externally-managed install_data
[3.561s] Level 1:colcon.colcon_core.environment:checking '/home/salman/Ros2_Workspace/install/CRX-10iA_L_description' for CMake config files
[3.578s] Level 1:colcon.colcon_core.environment:checking '/home/salman/Ros2_Workspace/install/CRX-10iA_L_description/lib'
[3.579s] Level 1:colcon.colcon_core.environment:checking '/home/salman/Ros2_Workspace/install/CRX-10iA_L_description/bin'
[3.579s] Level 1:colcon.colcon_core.environment:checking '/home/salman/Ros2_Workspace/install/CRX-10iA_L_description/lib/pkgconfig/CRX-10iA_L_description.pc'
[3.580s] Level 1:colcon.colcon_core.environment:checking '/home/salman/Ros2_Workspace/install/CRX-10iA_L_description/lib/python3.10/site-packages'
[3.580s] Level 1:colcon.colcon_core.shell:create_environment_hook('CRX-10iA_L_description', 'pythonpath')
[3.581s] INFO:colcon.colcon_core.shell:Creating environment hook '/home/salman/Ros2_Workspace/install/CRX-10iA_L_description/share/CRX-10iA_L_description/hook/pythonpath.ps1'
[3.582s] INFO:colcon.colcon_core.shell:Creating environment descriptor '/home/salman/Ros2_Workspace/install/CRX-10iA_L_description/share/CRX-10iA_L_description/hook/pythonpath.dsv'
[3.584s] INFO:colcon.colcon_core.shell:Creating environment hook '/home/salman/Ros2_Workspace/install/CRX-10iA_L_description/share/CRX-10iA_L_description/hook/pythonpath.sh'
[3.585s] Level 1:colcon.colcon_core.environment:checking '/home/salman/Ros2_Workspace/install/CRX-10iA_L_description/bin'
[3.586s] Level 1:colcon.colcon_core.environment:create_environment_scripts_only(CRX-10iA_L_description)
[3.587s] INFO:colcon.colcon_core.shell:Creating package script '/home/salman/Ros2_Workspace/install/CRX-10iA_L_description/share/CRX-10iA_L_description/package.ps1'
[3.588s] INFO:colcon.colcon_core.shell:Creating package descriptor '/home/salman/Ros2_Workspace/install/CRX-10iA_L_description/share/CRX-10iA_L_description/package.dsv'
[3.590s] INFO:colcon.colcon_core.shell:Creating package script '/home/salman/Ros2_Workspace/install/CRX-10iA_L_description/share/CRX-10iA_L_description/package.sh'
[3.592s] INFO:colcon.colcon_core.shell:Creating package script '/home/salman/Ros2_Workspace/install/CRX-10iA_L_description/share/CRX-10iA_L_description/package.bash'
[3.593s] INFO:colcon.colcon_core.shell:Creating package script '/home/salman/Ros2_Workspace/install/CRX-10iA_L_description/share/CRX-10iA_L_description/package.zsh'
[3.595s] Level 1:colcon.colcon_core.environment:create_file_with_runtime_dependencies(/home/salman/Ros2_Workspace/install/CRX-10iA_L_description/share/colcon-core/packages/CRX-10iA_L_description)
[3.596s] DEBUG:colcon.colcon_parallel_executor.executor.parallel:closing loop
[3.597s] DEBUG:colcon.colcon_parallel_executor.executor.parallel:loop closed
[3.598s] DEBUG:colcon.colcon_parallel_executor.executor.parallel:run_until_complete finished with '0'
[3.598s] DEBUG:colcon.colcon_core.event_reactor:joining thread
[3.633s] INFO:colcon.colcon_core.plugin_system:Skipping extension 'colcon_notification.desktop_notification.terminal_notifier': Not used on non-Darwin systems
[3.634s] INFO:colcon.colcon_core.plugin_system:Skipping extension 'colcon_notification.desktop_notification.win32': Not used on non-Windows systems
[3.634s] INFO:colcon.colcon_notification.desktop_notification:Sending desktop notification using 'notify2'
[3.719s] DEBUG:colcon.colcon_core.event_reactor:joined thread
[3.719s] INFO:colcon.colcon_core.shell:Creating prefix script '/home/salman/Ros2_Workspace/install/local_setup.ps1'
[3.726s] INFO:colcon.colcon_core.shell:Creating prefix util module '/home/salman/Ros2_Workspace/install/_local_setup_util_ps1.py'
[3.733s] INFO:colcon.colcon_core.shell:Creating prefix chain script '/home/salman/Ros2_Workspace/install/setup.ps1'
[3.741s] INFO:colcon.colcon_core.shell:Creating prefix script '/home/salman/Ros2_Workspace/install/local_setup.sh'
[3.746s] INFO:colcon.colcon_core.shell:Creating prefix util module '/home/salman/Ros2_Workspace/install/_local_setup_util_sh.py'
[3.748s] INFO:colcon.colcon_core.shell:Creating prefix chain script '/home/salman/Ros2_Workspace/install/setup.sh'
[3.755s] INFO:colcon.colcon_core.shell:Creating prefix script '/home/salman/Ros2_Workspace/install/local_setup.bash'
[3.760s] INFO:colcon.colcon_core.shell:Creating prefix chain script '/home/salman/Ros2_Workspace/install/setup.bash'
[3.766s] INFO:colcon.colcon_core.shell:Creating prefix script '/home/salman/Ros2_Workspace/install/local_setup.zsh'
[3.770s] INFO:colcon.colcon_core.shell:Creating prefix chain script '/home/salman/Ros2_Workspace/install/setup.zsh'
