[0.517s] DEBUG:colcon:Command line arguments: ['/usr/bin/colcon', 'build']
[0.517s] DEBUG:colcon:Parsed command line arguments: Namespace(log_base=None, log_level=None, verb_name='build', build_base='build', install_base='install', merge_install=False, symlink_install=False, test_result_base=None, continue_on_error=False, executor='parallel', parallel_workers=4, event_handlers=None, ignore_user_meta=False, metas=['./colcon.meta'], base_paths=['.'], packages_ignore=None, packages_ignore_regex=None, paths=None, packages_up_to=None, packages_up_to_regex=None, packages_above=None, packages_above_and_dependencies=None, packages_above_depth=None, packages_select_by_dep=None, packages_skip_by_dep=None, packages_skip_up_to=None, packages_select_build_failed=False, packages_skip_build_finished=False, packages_select_test_failures=False, packages_skip_test_passed=False, packages_select=None, packages_skip=None, packages_select_regex=None, packages_skip_regex=None, packages_start=None, packages_end=None, allow_overriding=[], cmake_args=None, cmake_target=None, cmake_target_skip_unavailable=False, cmake_clean_cache=False, cmake_clean_first=False, cmake_force_configure=False, ament_cmake_args=None, catkin_cmake_args=None, catkin_skip_building_tests=False, mixin_files=None, mixin=None, verb_parser=<colcon_mixin.mixin.mixin_argument.MixinArgumentDecorator object at 0x73b4890221d0>, verb_extension=<colcon_core.verb.build.BuildVerb object at 0x73b489021c60>, main=<bound method BuildVerb.main of <colcon_core.verb.build.BuildVerb object at 0x73b489021c60>>, mixin_verb=('build',))
[1.294s] Level 1:colcon.colcon_core.package_discovery:discover_packages(colcon_meta) check parameters
[1.295s] Level 1:colcon.colcon_core.package_discovery:discover_packages(recursive) check parameters
[1.295s] Level 1:colcon.colcon_core.package_discovery:discover_packages(ignore) check parameters
[1.295s] Level 1:colcon.colcon_core.package_discovery:discover_packages(path) check parameters
[1.295s] Level 1:colcon.colcon_core.package_discovery:discover_packages(colcon_meta) discover
[1.295s] Level 1:colcon.colcon_core.package_discovery:discover_packages(recursive) discover
[1.295s] INFO:colcon.colcon_core.package_discovery:Crawling recursively for packages in '/home/salman/Ros2_Workspace'
[1.295s] Level 1:colcon.colcon_core.package_identification:_identify(.) by extensions ['ignore', 'ignore_ament_install']
[1.296s] Level 1:colcon.colcon_core.package_identification:_identify(.) by extension 'ignore'
[1.296s] Level 1:colcon.colcon_core.package_identification:_identify(.) by extension 'ignore_ament_install'
[1.296s] Level 1:colcon.colcon_core.package_identification:_identify(.) by extensions ['colcon_pkg']
[1.296s] Level 1:colcon.colcon_core.package_identification:_identify(.) by extension 'colcon_pkg'
[1.296s] Level 1:colcon.colcon_core.package_identification:_identify(.) by extensions ['colcon_meta']
[1.296s] Level 1:colcon.colcon_core.package_identification:_identify(.) by extension 'colcon_meta'
[1.296s] Level 1:colcon.colcon_core.package_identification:_identify(.) by extensions ['ros']
[1.297s] Level 1:colcon.colcon_core.package_identification:_identify(.) by extension 'ros'
[1.345s] Level 1:colcon.colcon_core.package_identification:_identify(.) by extensions ['cmake', 'python']
[1.346s] Level 1:colcon.colcon_core.package_identification:_identify(.) by extension 'cmake'
[1.346s] Level 1:colcon.colcon_core.package_identification:_identify(.) by extension 'python'
[1.346s] Level 1:colcon.colcon_core.package_identification:_identify(.) by extensions ['python_setup_py']
[1.346s] Level 1:colcon.colcon_core.package_identification:_identify(.) by extension 'python_setup_py'
[1.347s] Level 1:colcon.colcon_core.package_identification:_identify(build) by extensions ['ignore', 'ignore_ament_install']
[1.347s] Level 1:colcon.colcon_core.package_identification:_identify(build) by extension 'ignore'
[1.347s] Level 1:colcon.colcon_core.package_identification:_identify(build) ignored
[1.347s] Level 1:colcon.colcon_core.package_identification:_identify(install) by extensions ['ignore', 'ignore_ament_install']
[1.348s] Level 1:colcon.colcon_core.package_identification:_identify(install) by extension 'ignore'
[1.348s] Level 1:colcon.colcon_core.package_identification:_identify(install) ignored
[1.348s] Level 1:colcon.colcon_core.package_identification:_identify(log) by extensions ['ignore', 'ignore_ament_install']
[1.349s] Level 1:colcon.colcon_core.package_identification:_identify(log) by extension 'ignore'
[1.349s] Level 1:colcon.colcon_core.package_identification:_identify(log) ignored
[1.349s] Level 1:colcon.colcon_core.package_identification:_identify(src) by extensions ['ignore', 'ignore_ament_install']
[1.349s] Level 1:colcon.colcon_core.package_identification:_identify(src) by extension 'ignore'
[1.350s] Level 1:colcon.colcon_core.package_identification:_identify(src) by extension 'ignore_ament_install'
[1.350s] Level 1:colcon.colcon_core.package_identification:_identify(src) by extensions ['colcon_pkg']
[1.350s] Level 1:colcon.colcon_core.package_identification:_identify(src) by extension 'colcon_pkg'
[1.350s] Level 1:colcon.colcon_core.package_identification:_identify(src) by extensions ['colcon_meta']
[1.350s] Level 1:colcon.colcon_core.package_identification:_identify(src) by extension 'colcon_meta'
[1.350s] Level 1:colcon.colcon_core.package_identification:_identify(src) by extensions ['ros']
[1.350s] Level 1:colcon.colcon_core.package_identification:_identify(src) by extension 'ros'
[1.351s] Level 1:colcon.colcon_core.package_identification:_identify(src) by extensions ['cmake', 'python']
[1.351s] Level 1:colcon.colcon_core.package_identification:_identify(src) by extension 'cmake'
[1.351s] Level 1:colcon.colcon_core.package_identification:_identify(src) by extension 'python'
[1.351s] Level 1:colcon.colcon_core.package_identification:_identify(src) by extensions ['python_setup_py']
[1.352s] Level 1:colcon.colcon_core.package_identification:_identify(src) by extension 'python_setup_py'
[1.352s] Level 1:colcon.colcon_core.package_identification:_identify(src/CRX-10iA_L_description) by extensions ['ignore', 'ignore_ament_install']
[1.353s] Level 1:colcon.colcon_core.package_identification:_identify(src/CRX-10iA_L_description) by extension 'ignore'
[1.353s] Level 1:colcon.colcon_core.package_identification:_identify(src/CRX-10iA_L_description) by extension 'ignore_ament_install'
[1.353s] Level 1:colcon.colcon_core.package_identification:_identify(src/CRX-10iA_L_description) by extensions ['colcon_pkg']
[1.353s] Level 1:colcon.colcon_core.package_identification:_identify(src/CRX-10iA_L_description) by extension 'colcon_pkg'
[1.354s] Level 1:colcon.colcon_core.package_identification:_identify(src/CRX-10iA_L_description) by extensions ['colcon_meta']
[1.354s] Level 1:colcon.colcon_core.package_identification:_identify(src/CRX-10iA_L_description) by extension 'colcon_meta'
[1.354s] Level 1:colcon.colcon_core.package_identification:_identify(src/CRX-10iA_L_description) by extensions ['ros']
[1.354s] Level 1:colcon.colcon_core.package_identification:_identify(src/CRX-10iA_L_description) by extension 'ros'
[1.364s] DEBUG:colcon.colcon_core.package_identification:Package 'src/CRX-10iA_L_description' with type 'ros.ament_python' and name 'CRX-10iA_L_description'
[1.364s] Level 1:colcon.colcon_core.package_identification:_identify(src/robot_control) by extensions ['ignore', 'ignore_ament_install']
[1.364s] Level 1:colcon.colcon_core.package_identification:_identify(src/robot_control) by extension 'ignore'
[1.365s] Level 1:colcon.colcon_core.package_identification:_identify(src/robot_control) by extension 'ignore_ament_install'
[1.365s] Level 1:colcon.colcon_core.package_identification:_identify(src/robot_control) by extensions ['colcon_pkg']
[1.365s] Level 1:colcon.colcon_core.package_identification:_identify(src/robot_control) by extension 'colcon_pkg'
[1.365s] Level 1:colcon.colcon_core.package_identification:_identify(src/robot_control) by extensions ['colcon_meta']
[1.365s] Level 1:colcon.colcon_core.package_identification:_identify(src/robot_control) by extension 'colcon_meta'
[1.365s] Level 1:colcon.colcon_core.package_identification:_identify(src/robot_control) by extensions ['ros']
[1.365s] Level 1:colcon.colcon_core.package_identification:_identify(src/robot_control) by extension 'ros'
[1.370s] DEBUG:colcon.colcon_core.package_identification:Package 'src/robot_control' with type 'ros.ament_cmake' and name 'robot_control'
[1.370s] Level 1:colcon.colcon_core.package_discovery:discover_packages(recursive) using defaults
[1.371s] Level 1:colcon.colcon_core.package_discovery:discover_packages(ignore) discover
[1.371s] Level 1:colcon.colcon_core.package_discovery:discover_packages(ignore) using defaults
[1.371s] Level 1:colcon.colcon_core.package_discovery:discover_packages(path) discover
[1.371s] Level 1:colcon.colcon_core.package_discovery:discover_packages(path) using defaults
[1.520s] Level 1:colcon.colcon_core.package_discovery:discover_packages(prefix_path) check parameters
[1.520s] Level 1:colcon.colcon_core.package_discovery:discover_packages(prefix_path) discover
[1.534s] DEBUG:colcon.colcon_installed_package_information.package_discovery:Found 7 installed packages in /home/salman/ros2_ws/install
[1.536s] DEBUG:colcon.colcon_installed_package_information.package_discovery:Found 3 installed packages in /home/salman/Ros2_Workspace/install
[1.544s] DEBUG:colcon.colcon_installed_package_information.package_discovery:Found 357 installed packages in /opt/ros/humble
[1.621s] Level 1:colcon.colcon_core.package_discovery:discover_packages(prefix_path) using defaults
[1.837s] Level 5:colcon.colcon_core.verb:set package 'CRX-10iA_L_description' build argument 'cmake_args' from command line to 'None'
[1.837s] Level 5:colcon.colcon_core.verb:set package 'CRX-10iA_L_description' build argument 'cmake_target' from command line to 'None'
[1.838s] Level 5:colcon.colcon_core.verb:set package 'CRX-10iA_L_description' build argument 'cmake_target_skip_unavailable' from command line to 'False'
[1.838s] Level 5:colcon.colcon_core.verb:set package 'CRX-10iA_L_description' build argument 'cmake_clean_cache' from command line to 'False'
[1.838s] Level 5:colcon.colcon_core.verb:set package 'CRX-10iA_L_description' build argument 'cmake_clean_first' from command line to 'False'
[1.838s] Level 5:colcon.colcon_core.verb:set package 'CRX-10iA_L_description' build argument 'cmake_force_configure' from command line to 'False'
[1.838s] Level 5:colcon.colcon_core.verb:set package 'CRX-10iA_L_description' build argument 'ament_cmake_args' from command line to 'None'
[1.838s] Level 5:colcon.colcon_core.verb:set package 'CRX-10iA_L_description' build argument 'catkin_cmake_args' from command line to 'None'
[1.839s] Level 5:colcon.colcon_core.verb:set package 'CRX-10iA_L_description' build argument 'catkin_skip_building_tests' from command line to 'False'
[1.839s] DEBUG:colcon.colcon_core.verb:Building package 'CRX-10iA_L_description' with the following arguments: {'ament_cmake_args': None, 'build_base': '/home/salman/Ros2_Workspace/build/CRX-10iA_L_description', 'catkin_cmake_args': None, 'catkin_skip_building_tests': False, 'cmake_args': None, 'cmake_clean_cache': False, 'cmake_clean_first': False, 'cmake_force_configure': False, 'cmake_target': None, 'cmake_target_skip_unavailable': False, 'install_base': '/home/salman/Ros2_Workspace/install/CRX-10iA_L_description', 'merge_install': False, 'path': '/home/salman/Ros2_Workspace/src/CRX-10iA_L_description', 'symlink_install': False, 'test_result_base': None}
[1.841s] Level 5:colcon.colcon_core.verb:set package 'robot_control' build argument 'cmake_args' from command line to 'None'
[1.842s] Level 5:colcon.colcon_core.verb:set package 'robot_control' build argument 'cmake_target' from command line to 'None'
[1.842s] Level 5:colcon.colcon_core.verb:set package 'robot_control' build argument 'cmake_target_skip_unavailable' from command line to 'False'
[1.843s] Level 5:colcon.colcon_core.verb:set package 'robot_control' build argument 'cmake_clean_cache' from command line to 'False'
[1.843s] Level 5:colcon.colcon_core.verb:set package 'robot_control' build argument 'cmake_clean_first' from command line to 'False'
[1.843s] Level 5:colcon.colcon_core.verb:set package 'robot_control' build argument 'cmake_force_configure' from command line to 'False'
[1.843s] Level 5:colcon.colcon_core.verb:set package 'robot_control' build argument 'ament_cmake_args' from command line to 'None'
[1.844s] Level 5:colcon.colcon_core.verb:set package 'robot_control' build argument 'catkin_cmake_args' from command line to 'None'
[1.844s] Level 5:colcon.colcon_core.verb:set package 'robot_control' build argument 'catkin_skip_building_tests' from command line to 'False'
[1.844s] DEBUG:colcon.colcon_core.verb:Building package 'robot_control' with the following arguments: {'ament_cmake_args': None, 'build_base': '/home/salman/Ros2_Workspace/build/robot_control', 'catkin_cmake_args': None, 'catkin_skip_building_tests': False, 'cmake_args': None, 'cmake_clean_cache': False, 'cmake_clean_first': False, 'cmake_force_configure': False, 'cmake_target': None, 'cmake_target_skip_unavailable': False, 'install_base': '/home/salman/Ros2_Workspace/install/robot_control', 'merge_install': False, 'path': '/home/salman/Ros2_Workspace/src/robot_control', 'symlink_install': False, 'test_result_base': None}
[1.846s] INFO:colcon.colcon_core.executor:Executing jobs using 'parallel' executor
[1.855s] DEBUG:colcon.colcon_parallel_executor.executor.parallel:run_until_complete
[1.857s] INFO:colcon.colcon_ros.task.ament_python.build:Building ROS package in '/home/salman/Ros2_Workspace/src/CRX-10iA_L_description' with build type 'ament_python'
[1.858s] Level 1:colcon.colcon_core.shell:create_environment_hook('CRX-10iA_L_description', 'ament_prefix_path')
[1.874s] INFO:colcon.colcon_core.plugin_system:Skipping extension 'colcon_core.shell.bat': Not used on non-Windows systems
[1.875s] INFO:colcon.colcon_core.shell:Creating environment hook '/home/salman/Ros2_Workspace/install/CRX-10iA_L_description/share/CRX-10iA_L_description/hook/ament_prefix_path.ps1'
[1.879s] INFO:colcon.colcon_core.shell:Creating environment descriptor '/home/salman/Ros2_Workspace/install/CRX-10iA_L_description/share/CRX-10iA_L_description/hook/ament_prefix_path.dsv'
[1.887s] INFO:colcon.colcon_core.shell:Creating environment hook '/home/salman/Ros2_Workspace/install/CRX-10iA_L_description/share/CRX-10iA_L_description/hook/ament_prefix_path.sh'
[1.896s] INFO:colcon.colcon_core.shell:Skip shell extension 'powershell' for command environment: Not usable outside of PowerShell
[1.897s] DEBUG:colcon.colcon_core.shell:Skip shell extension 'dsv' for command environment
[1.923s] INFO:colcon.colcon_ros.task.ament_cmake.build:Building ROS package in '/home/salman/Ros2_Workspace/src/robot_control' with build type 'ament_cmake'
[1.924s] INFO:colcon.colcon_cmake.task.cmake.build:Building CMake package in '/home/salman/Ros2_Workspace/src/robot_control'
[1.928s] INFO:colcon.colcon_core.shell:Skip shell extension 'powershell' for command environment: Not usable outside of PowerShell
[1.929s] DEBUG:colcon.colcon_core.shell:Skip shell extension 'dsv' for command environment
[4.402s] INFO:colcon.colcon_core.task.python.build:Building Python package in '/home/salman/Ros2_Workspace/src/CRX-10iA_L_description'
[4.403s] INFO:colcon.colcon_core.shell:Skip shell extension 'powershell' for command environment: Not usable outside of PowerShell
[4.404s] DEBUG:colcon.colcon_core.shell:Skip shell extension 'dsv' for command environment
[4.515s] DEBUG:colcon.colcon_core.event_handler.log_command:Invoking command in '/home/salman/Ros2_Workspace/build/robot_control': CMAKE_PREFIX_PATH=${CMAKE_PREFIX_PATH}:/home/salman/Ros2_Workspace/install/CRX-10iA_L_description:/opt/ros/humble /usr/bin/cmake --build /home/salman/Ros2_Workspace/build/robot_control -- -j4 -l4
[7.776s] DEBUG:colcon.colcon_core.event_handler.log_command:Invoking command in '/home/salman/Ros2_Workspace/src/CRX-10iA_L_description': PYTHONPATH=/home/salman/Ros2_Workspace/build/CRX-10iA_L_description/prefix_override:/usr/lib/python3/dist-packages/colcon_core/task/python/colcon_distutils_commands:/home/salman/Ros2_Workspace/install/CRX-10iA_L_description/lib/python3.10/site-packages:${PYTHONPATH} /usr/bin/python3 -W ignore:setup.py install is deprecated setup.py egg_info --egg-base ../../build/CRX-10iA_L_description build --build-base /home/salman/Ros2_Workspace/build/CRX-10iA_L_description/build install --record /home/salman/Ros2_Workspace/build/CRX-10iA_L_description/install.log --install-scripts $base/lib/CRX-10iA_L_description --single-version-externally-managed install_data
[10.325s] DEBUG:colcon.colcon_core.event_handler.log_command:Invoked command in '/home/salman/Ros2_Workspace/src/CRX-10iA_L_description' returned '0': PYTHONPATH=/home/salman/Ros2_Workspace/build/CRX-10iA_L_description/prefix_override:/usr/lib/python3/dist-packages/colcon_core/task/python/colcon_distutils_commands:/home/salman/Ros2_Workspace/install/CRX-10iA_L_description/lib/python3.10/site-packages:${PYTHONPATH} /usr/bin/python3 -W ignore:setup.py install is deprecated setup.py egg_info --egg-base ../../build/CRX-10iA_L_description build --build-base /home/salman/Ros2_Workspace/build/CRX-10iA_L_description/build install --record /home/salman/Ros2_Workspace/build/CRX-10iA_L_description/install.log --install-scripts $base/lib/CRX-10iA_L_description --single-version-externally-managed install_data
[10.341s] Level 1:colcon.colcon_core.environment:checking '/home/salman/Ros2_Workspace/install/CRX-10iA_L_description' for CMake module files
[10.347s] Level 1:colcon.colcon_core.environment:checking '/home/salman/Ros2_Workspace/install/CRX-10iA_L_description' for CMake config files
[10.356s] Level 1:colcon.colcon_core.environment:checking '/home/salman/Ros2_Workspace/install/CRX-10iA_L_description/lib'
[10.358s] Level 1:colcon.colcon_core.environment:checking '/home/salman/Ros2_Workspace/install/CRX-10iA_L_description/bin'
[10.359s] Level 1:colcon.colcon_core.environment:checking '/home/salman/Ros2_Workspace/install/CRX-10iA_L_description/lib/pkgconfig/CRX-10iA_L_description.pc'
[10.360s] Level 1:colcon.colcon_core.environment:checking '/home/salman/Ros2_Workspace/install/CRX-10iA_L_description/lib/python3.10/site-packages'
[10.361s] Level 1:colcon.colcon_core.shell:create_environment_hook('CRX-10iA_L_description', 'pythonpath')
[10.363s] INFO:colcon.colcon_core.shell:Creating environment hook '/home/salman/Ros2_Workspace/install/CRX-10iA_L_description/share/CRX-10iA_L_description/hook/pythonpath.ps1'
[10.367s] INFO:colcon.colcon_core.shell:Creating environment descriptor '/home/salman/Ros2_Workspace/install/CRX-10iA_L_description/share/CRX-10iA_L_description/hook/pythonpath.dsv'
[10.369s] INFO:colcon.colcon_core.shell:Creating environment hook '/home/salman/Ros2_Workspace/install/CRX-10iA_L_description/share/CRX-10iA_L_description/hook/pythonpath.sh'
[10.372s] Level 1:colcon.colcon_core.environment:checking '/home/salman/Ros2_Workspace/install/CRX-10iA_L_description/bin'
[10.372s] Level 1:colcon.colcon_core.environment:create_environment_scripts_only(CRX-10iA_L_description)
[10.374s] INFO:colcon.colcon_core.shell:Creating package script '/home/salman/Ros2_Workspace/install/CRX-10iA_L_description/share/CRX-10iA_L_description/package.ps1'
[10.379s] INFO:colcon.colcon_core.shell:Creating package descriptor '/home/salman/Ros2_Workspace/install/CRX-10iA_L_description/share/CRX-10iA_L_description/package.dsv'
[10.386s] INFO:colcon.colcon_core.shell:Creating package script '/home/salman/Ros2_Workspace/install/CRX-10iA_L_description/share/CRX-10iA_L_description/package.sh'
[10.394s] INFO:colcon.colcon_core.shell:Creating package script '/home/salman/Ros2_Workspace/install/CRX-10iA_L_description/share/CRX-10iA_L_description/package.bash'
[10.399s] INFO:colcon.colcon_core.shell:Creating package script '/home/salman/Ros2_Workspace/install/CRX-10iA_L_description/share/CRX-10iA_L_description/package.zsh'
[10.406s] Level 1:colcon.colcon_core.environment:create_file_with_runtime_dependencies(/home/salman/Ros2_Workspace/install/CRX-10iA_L_description/share/colcon-core/packages/CRX-10iA_L_description)
[11.133s] DEBUG:colcon.colcon_core.event_handler.log_command:Invoked command in '/home/salman/Ros2_Workspace/build/robot_control' returned '0': CMAKE_PREFIX_PATH=${CMAKE_PREFIX_PATH}:/home/salman/Ros2_Workspace/install/CRX-10iA_L_description:/opt/ros/humble /usr/bin/cmake --build /home/salman/Ros2_Workspace/build/robot_control -- -j4 -l4
[11.380s] DEBUG:colcon.colcon_core.event_handler.log_command:Invoking command in '/home/salman/Ros2_Workspace/build/robot_control': CMAKE_PREFIX_PATH=${CMAKE_PREFIX_PATH}:/home/salman/Ros2_Workspace/install/CRX-10iA_L_description:/opt/ros/humble /usr/bin/cmake --install /home/salman/Ros2_Workspace/build/robot_control
[11.687s] Level 1:colcon.colcon_core.environment:create_environment_scripts_only(robot_control)
[11.690s] Level 1:colcon.colcon_core.environment:checking '/home/salman/Ros2_Workspace/install/robot_control' for CMake module files
[11.695s] DEBUG:colcon.colcon_core.event_handler.log_command:Invoked command in '/home/salman/Ros2_Workspace/build/robot_control' returned '0': CMAKE_PREFIX_PATH=${CMAKE_PREFIX_PATH}:/home/salman/Ros2_Workspace/install/CRX-10iA_L_description:/opt/ros/humble /usr/bin/cmake --install /home/salman/Ros2_Workspace/build/robot_control
[11.700s] Level 1:colcon.colcon_core.environment:checking '/home/salman/Ros2_Workspace/install/robot_control' for CMake config files
[11.703s] Level 1:colcon.colcon_core.shell:create_environment_hook('robot_control', 'cmake_prefix_path')
[11.706s] INFO:colcon.colcon_core.shell:Creating environment hook '/home/salman/Ros2_Workspace/install/robot_control/share/robot_control/hook/cmake_prefix_path.ps1'
[11.711s] INFO:colcon.colcon_core.shell:Creating environment descriptor '/home/salman/Ros2_Workspace/install/robot_control/share/robot_control/hook/cmake_prefix_path.dsv'
[11.717s] INFO:colcon.colcon_core.shell:Creating environment hook '/home/salman/Ros2_Workspace/install/robot_control/share/robot_control/hook/cmake_prefix_path.sh'
[11.724s] Level 1:colcon.colcon_core.environment:checking '/home/salman/Ros2_Workspace/install/robot_control/lib'
[11.725s] Level 1:colcon.colcon_core.environment:checking '/home/salman/Ros2_Workspace/install/robot_control/bin'
[11.726s] Level 1:colcon.colcon_core.environment:checking '/home/salman/Ros2_Workspace/install/robot_control/lib/pkgconfig/robot_control.pc'
[11.728s] Level 1:colcon.colcon_core.environment:checking '/home/salman/Ros2_Workspace/install/robot_control/lib/python3.10/site-packages'
[11.730s] Level 1:colcon.colcon_core.environment:checking '/home/salman/Ros2_Workspace/install/robot_control/bin'
[11.731s] INFO:colcon.colcon_core.shell:Creating package script '/home/salman/Ros2_Workspace/install/robot_control/share/robot_control/package.ps1'
[11.735s] INFO:colcon.colcon_core.shell:Creating package descriptor '/home/salman/Ros2_Workspace/install/robot_control/share/robot_control/package.dsv'
[11.737s] INFO:colcon.colcon_core.shell:Creating package script '/home/salman/Ros2_Workspace/install/robot_control/share/robot_control/package.sh'
[11.739s] INFO:colcon.colcon_core.shell:Creating package script '/home/salman/Ros2_Workspace/install/robot_control/share/robot_control/package.bash'
[11.741s] INFO:colcon.colcon_core.shell:Creating package script '/home/salman/Ros2_Workspace/install/robot_control/share/robot_control/package.zsh'
[11.743s] Level 1:colcon.colcon_core.environment:create_file_with_runtime_dependencies(/home/salman/Ros2_Workspace/install/robot_control/share/colcon-core/packages/robot_control)
[11.909s] Level 1:colcon.colcon_core.environment:create_environment_scripts_only(robot_control)
[11.911s] Level 1:colcon.colcon_core.environment:checking '/home/salman/Ros2_Workspace/install/robot_control' for CMake module files
[11.915s] Level 1:colcon.colcon_core.environment:checking '/home/salman/Ros2_Workspace/install/robot_control' for CMake config files
[11.917s] Level 1:colcon.colcon_core.shell:create_environment_hook('robot_control', 'cmake_prefix_path')
[11.918s] INFO:colcon.colcon_core.shell:Creating environment hook '/home/salman/Ros2_Workspace/install/robot_control/share/robot_control/hook/cmake_prefix_path.ps1'
[11.923s] INFO:colcon.colcon_core.shell:Creating environment descriptor '/home/salman/Ros2_Workspace/install/robot_control/share/robot_control/hook/cmake_prefix_path.dsv'
[11.928s] INFO:colcon.colcon_core.shell:Creating environment hook '/home/salman/Ros2_Workspace/install/robot_control/share/robot_control/hook/cmake_prefix_path.sh'
[11.935s] Level 1:colcon.colcon_core.environment:checking '/home/salman/Ros2_Workspace/install/robot_control/lib'
[11.936s] Level 1:colcon.colcon_core.environment:checking '/home/salman/Ros2_Workspace/install/robot_control/bin'
[11.937s] Level 1:colcon.colcon_core.environment:checking '/home/salman/Ros2_Workspace/install/robot_control/lib/pkgconfig/robot_control.pc'
[11.939s] Level 1:colcon.colcon_core.environment:checking '/home/salman/Ros2_Workspace/install/robot_control/lib/python3.10/site-packages'
[11.940s] Level 1:colcon.colcon_core.environment:checking '/home/salman/Ros2_Workspace/install/robot_control/bin'
[11.941s] INFO:colcon.colcon_core.shell:Creating package script '/home/salman/Ros2_Workspace/install/robot_control/share/robot_control/package.ps1'
[11.943s] INFO:colcon.colcon_core.shell:Creating package descriptor '/home/salman/Ros2_Workspace/install/robot_control/share/robot_control/package.dsv'
[11.946s] INFO:colcon.colcon_core.shell:Creating package script '/home/salman/Ros2_Workspace/install/robot_control/share/robot_control/package.sh'
[11.949s] INFO:colcon.colcon_core.shell:Creating package script '/home/salman/Ros2_Workspace/install/robot_control/share/robot_control/package.bash'
[11.952s] INFO:colcon.colcon_core.shell:Creating package script '/home/salman/Ros2_Workspace/install/robot_control/share/robot_control/package.zsh'
[11.956s] Level 1:colcon.colcon_core.environment:create_file_with_runtime_dependencies(/home/salman/Ros2_Workspace/install/robot_control/share/colcon-core/packages/robot_control)
[11.959s] DEBUG:colcon.colcon_parallel_executor.executor.parallel:closing loop
[11.961s] DEBUG:colcon.colcon_parallel_executor.executor.parallel:loop closed
[11.962s] DEBUG:colcon.colcon_parallel_executor.executor.parallel:run_until_complete finished with '0'
[11.963s] DEBUG:colcon.colcon_core.event_reactor:joining thread
[11.995s] INFO:colcon.colcon_core.plugin_system:Skipping extension 'colcon_notification.desktop_notification.terminal_notifier': Not used on non-Darwin systems
[11.995s] INFO:colcon.colcon_core.plugin_system:Skipping extension 'colcon_notification.desktop_notification.win32': Not used on non-Windows systems
[11.995s] INFO:colcon.colcon_notification.desktop_notification:Sending desktop notification using 'notify2'
[12.129s] DEBUG:colcon.colcon_core.event_reactor:joined thread
[12.132s] INFO:colcon.colcon_core.shell:Creating prefix script '/home/salman/Ros2_Workspace/install/local_setup.ps1'
[12.139s] INFO:colcon.colcon_core.shell:Creating prefix util module '/home/salman/Ros2_Workspace/install/_local_setup_util_ps1.py'
[12.150s] INFO:colcon.colcon_core.shell:Creating prefix chain script '/home/salman/Ros2_Workspace/install/setup.ps1'
[12.160s] INFO:colcon.colcon_core.shell:Creating prefix script '/home/salman/Ros2_Workspace/install/local_setup.sh'
[12.166s] INFO:colcon.colcon_core.shell:Creating prefix util module '/home/salman/Ros2_Workspace/install/_local_setup_util_sh.py'
[12.169s] INFO:colcon.colcon_core.shell:Creating prefix chain script '/home/salman/Ros2_Workspace/install/setup.sh'
[12.181s] INFO:colcon.colcon_core.shell:Creating prefix script '/home/salman/Ros2_Workspace/install/local_setup.bash'
[12.189s] INFO:colcon.colcon_core.shell:Creating prefix chain script '/home/salman/Ros2_Workspace/install/setup.bash'
[12.197s] INFO:colcon.colcon_core.shell:Creating prefix script '/home/salman/Ros2_Workspace/install/local_setup.zsh'
[12.202s] INFO:colcon.colcon_core.shell:Creating prefix chain script '/home/salman/Ros2_Workspace/install/setup.zsh'
